
  .   ____          _            __ _ _
 /\\ / ___'_ __ _ _(_)_ __  __ _ \ \ \ \
( ( )\___ | '_ | '_| | '_ \/ _` | \ \ \ \
 \\/  ___)| |_)| | | | | || (_| |  ) ) ) )
  '  |____| .__|_| |_|_| |_\__, | / / / /
 =========|_|==============|___/=/_/_/_/
 :: Spring Boot ::        (v2.1.6.RELEASE)

2024-03-04 11:14:55.303  INFO 45238 --- [           main] m.brain.sds.adapter.AdapterApplication   : Starting AdapterApplication on minds with PID 45238 (/home/minds/maum/sds/jar/brain-sds-adapter.jar started by minds in /home/minds/maum/sds)
2024-03-04 11:14:55.307  INFO 45238 --- [           main] m.brain.sds.adapter.AdapterApplication   : No active profile set, falling back to default profiles: default
2024-03-04 11:14:58.696  INFO 45238 --- [           main] o.s.b.w.embedded.tomcat.TomcatWebServer  : Tomcat initialized with port(s): 7641 (http)
2024-03-04 11:14:58.780  INFO 45238 --- [           main] o.apache.catalina.core.StandardService   : Starting service [Tomcat]
2024-03-04 11:14:58.781  INFO 45238 --- [           main] org.apache.catalina.core.StandardEngine  : Starting Servlet engine: [Apache Tomcat/9.0.21]
2024-03-04 11:14:59.138  INFO 45238 --- [           main] o.a.c.c.C.[Tomcat].[localhost].[/]       : Initializing Spring embedded WebApplicationContext
2024-03-04 11:14:59.138  INFO 45238 --- [           main] o.s.web.context.ContextLoader            : Root WebApplicationContext: initialization completed in 3711 ms
2024-03-04 11:15:00.069  INFO 45238 --- [           main] o.s.s.concurrent.ThreadPoolTaskExecutor  : Initializing ExecutorService 'applicationTaskExecutor'
2024-03-04 11:15:01.119  INFO 45238 --- [           main] o.s.b.w.embedded.tomcat.TomcatWebServer  : Tomcat started on port(s): 7641 (http) with context path ''
2024-03-04 11:15:01.126  INFO 45238 --- [           main] m.brain.sds.adapter.AdapterApplication   : Started AdapterApplication in 6.768 seconds (JVM running for 7.643)
2024-03-04 11:43:25.618  INFO 45238 --- [nio-7641-exec-2] o.a.c.c.C.[Tomcat].[localhost].[/]       : Initializing Spring DispatcherServlet 'dispatcherServlet'
2024-03-04 11:43:25.618  INFO 45238 --- [nio-7641-exec-2] o.s.web.servlet.DispatcherServlet        : Initializing Servlet 'dispatcherServlet'
2024-03-04 11:43:25.626  INFO 45238 --- [nio-7641-exec-2] o.s.web.servlet.DispatcherServlet        : Completed initialization in 8 ms
SdsAdapterStringRequest{input='챗봇공지사항', type='intent'} SdsAdapterRequest{session='2fa0f8cd-9193-ac72-7ac7-971bf4eb6574', host='1636', lang='1', jsonData='{"device":"PC","channel":"HOMEPAGE","country":"**"}'}
SdsAdapterStringRequest{input='처음으로', type='intent'} SdsAdapterRequest{session='9908897a-34b9-dbaa-f8eb-fb4d04dcfdec', host='1636', lang='1', jsonData='{"device":"PC","channel":"HOMEPAGE","country":"**"}'}
SdsAdapterStringRequest{input='네 안녕하세요', type='utter'} SdsAdapterRequest{session='b634cd0d-3f7e-006e-3d26-bbb90bf3770c', host='1636', lang='1', jsonData='{"device":"PC","channel":"HOMEPAGE","country":"**"}'}
SdsAdapterStringRequest{input='처음으로', type='intent'} SdsAdapterRequest{session='aa32df20-3858-ea45-aa25-82eb4536b30f', host='1636', lang='1', jsonData='{"device":"PC","channel":"HOMEPAGE","country":"**"}'}
SdsAdapterStringRequest{input='챗봇공지사항', type='intent'} SdsAdapterRequest{session='a82b0d1c-a389-2bd1-069e-90494d01cf9a', host='1636', lang='1', jsonData='{"device":"PC","channel":"HOMEPAGE","country":"**"}'}
SdsAdapterStringRequest{input='선톡', type='intent'} SdsAdapterRequest{session='55c4d890-8314-98a3-d712-0479ecd45a51', host='1636', lang='1', jsonData='{"device":"PC","channel":"HOMEPAGE","country":"**"}'}
SdsAdapterStringRequest{input='처음으로', type='intent'} SdsAdapterRequest{session='fc03caad-3c0b-027a-c81a-c44943cc16b3', host='1636', lang='1', jsonData='{"device":"PC","channel":"HOMEPAGE","country":"**"}'}
SdsAdapterStringRequest{input='챗봇공지사항', type='intent'} SdsAdapterRequest{session='436bd74a-cf7e-91bc-fc6a-623d8cbe33ff', host='1636', lang='1', jsonData='{"device":"PC","channel":"HOMEPAGE","country":"**"}'}
SdsAdapterStringRequest{input='선톡', type='intent'} SdsAdapterRequest{session='0d8f6c03-ebcf-50cd-4580-a6342add6e80', host='1636', lang='1', jsonData='{"device":"PC","channel":"HOMEPAGE","country":"**"}'}
SdsAdapterStringRequest{input='챗봇공지사항', type='intent'} SdsAdapterRequest{session='f66a4823-f412-27bc-0e5d-920849605523', host='1636', lang='1', jsonData='{"device":"PC","channel":"HOMEPAGE","country":"**"}'}
SdsAdapterStringRequest{input='처음으로', type='intent'} SdsAdapterRequest{session='f0dd5028-7b43-ad47-257b-734fa9dc5566', host='1636', lang='1', jsonData='{"device":"PC","channel":"HOMEPAGE","country":"**"}'}
SdsAdapterStringRequest{input='챗봇공지사항', type='intent'} SdsAdapterRequest{session='e409bfc3-d31b-c738-1210-ec0704240988', host='1636', lang='1', jsonData='{"device":"PC","channel":"HOMEPAGE","country":"**"}'}
SdsAdapterStringRequest{input='처음으로', type='intent'} SdsAdapterRequest{session='b3cf11d8-58f8-e522-30f2-d13856a8b6c0', host='1636', lang='1', jsonData='{"device":"PC","channel":"HOMEPAGE","country":"**"}'}
SdsAdapterStringRequest{input='선톡', type='intent'} SdsAdapterRequest{session='d344d081-7110-3083-9189-914d099d9b3c', host='1636', lang='1', jsonData='{"device":"PC","channel":"HOMEPAGE","country":"**"}'}
SdsAdapterStringRequest{input='챗봇공지사항', type='intent'} SdsAdapterRequest{session='a6c49a5e-f47a-7745-92fb-3b9edfb4fc40', host='1636', lang='1', jsonData='{"device":"PC","channel":"HOMEPAGE","country":"**"}'}
SdsAdapterStringRequest{input='처음으로', type='intent'} SdsAdapterRequest{session='333b6f3b-ec1f-d666-e411-9658d10beb50', host='1636', lang='1', jsonData='{"device":"PC","channel":"HOMEPAGE","country":"**"}'}
SdsAdapterStringRequest{input='선톡', type='intent'} SdsAdapterRequest{session='60f70f19-6818-ffc6-a883-61d37394de35', host='1636', lang='1', jsonData='{"device":"PC","channel":"HOMEPAGE","country":"**"}'}
SdsAdapterStringRequest{input='처음으로', type='intent'} SdsAdapterRequest{session='fc343223-71bd-4260-b681-c9c8927e3ffb', host='1636', lang='1', jsonData='{"device":"PC","channel":"HOMEPAGE","country":"**"}'}
SdsAdapterStringRequest{input='챗봇공지사항', type='intent'} SdsAdapterRequest{session='039c6e1f-8eaa-7aba-e142-d1c5761dc9ee', host='1636', lang='1', jsonData='{"device":"PC","channel":"HOMEPAGE","country":"**"}'}
SdsAdapterStringRequest{input='처음으로', type='intent'} SdsAdapterRequest{session='cb02acd3-466d-98f6-46bd-5a65f2c836f5', host='1637', lang='1', jsonData='{"device":"PC","channel":"HOMEPAGE","country":"**"}'}
SdsAdapterStringRequest{input='챗봇공지사항', type='intent'} SdsAdapterRequest{session='94f7d175-3456-fa8f-6f79-ef8da7239f84', host='1637', lang='1', jsonData='{"device":"PC","channel":"HOMEPAGE","country":"**"}'}
SdsAdapterStringRequest{input='처음으로', type='intent'} SdsAdapterRequest{session='0cb08af2-f305-663c-db0e-037a30b10976', host='1637', lang='1', jsonData='{"device":"PC","channel":"HOMEPAGE","country":"**"}'}
SdsAdapterStringRequest{input='챗봇공지사항', type='intent'} SdsAdapterRequest{session='acf645e9-af1b-0923-7081-9d52e18cf04f', host='1637', lang='1', jsonData='{"device":"PC","channel":"HOMEPAGE","country":"**"}'}
SdsAdapterStringRequest{input='챗봇공지사항', type='intent'} SdsAdapterRequest{session='33c7cc3b-d1ff-7a20-e18e-d459ebe560eb', host='1638', lang='1', jsonData='{"device":"PC","channel":"HOMEPAGE","country":"**"}'}
SdsAdapterStringRequest{input='처음으로', type='intent'} SdsAdapterRequest{session='36d616d1-f18e-2442-99b6-bf38efe15ef0', host='1638', lang='1', jsonData='{"device":"PC","channel":"HOMEPAGE","country":"**"}'}
SdsAdapterStringRequest{input='챗봇공지사항', type='intent'} SdsAdapterRequest{session='943f9f15-164d-1152-f906-029b711f8ac3', host='1638', lang='1', jsonData='{"device":"PC","channel":"HOMEPAGE","country":"**"}'}
SdsAdapterStringRequest{input='처음으로', type='intent'} SdsAdapterRequest{session='c1ee0292-9025-457c-f5e2-d0701956b66f', host='1638', lang='1', jsonData='{"device":"PC","channel":"HOMEPAGE","country":"**"}'}
SdsAdapterStringRequest{input='처음으로', type='intent'} SdsAdapterRequest{session='81ce61dc-1ed8-43cd-a9d8-9567c651e786', host='1637', lang='1', jsonData='{"device":"PC","channel":"HOMEPAGE","country":"**"}'}
SdsAdapterStringRequest{input='챗봇공지사항', type='intent'} SdsAdapterRequest{session='a4a4e570-9f69-c964-5a55-882d483d0534', host='1637', lang='1', jsonData='{"device":"PC","channel":"HOMEPAGE","country":"**"}'}
SdsAdapterStringRequest{input='안녕하세요', type='utter'} SdsAdapterRequest{session='4cdc1828-8b27-0529-1a08-d63ad1405581', host='1637', lang='1', jsonData='{"device":"PC","channel":"HOMEPAGE","country":"**"}'}
SdsAdapterStringRequest{input='선톡', type='intent'} SdsAdapterRequest{session='2d0f557e-012f-679c-9b26-1c595077f093', host='1637', lang='1', jsonData='{"device":"PC","channel":"HOMEPAGE","country":"**"}'}
