
  .   ____          _            __ _ _
 /\\ / ___'_ __ _ _(_)_ __  __ _ \ \ \ \
( ( )\___ | '_ | '_| | '_ \/ _` | \ \ \ \
 \\/  ___)| |_)| | | | | || (_| |  ) ) ) )
  '  |____| .__|_| |_|_| |_\__, | / / / /
 =========|_|==============|___/=/_/_/_/
 :: Spring Boot ::        (v2.1.6.RELEASE)

2024-03-04 11:14:55.255  INFO 45239 --- [           main] m.b.s.c.InfoCollectorApplication         : Starting InfoCollectorApplication on minds with PID 45239 (/home/minds/maum/sds/jar/brain-sds-collector.jar started by minds in /home/minds/maum/sds)
2024-03-04 11:14:55.258  INFO 45239 --- [           main] m.b.s.c.InfoCollectorApplication         : No active profile set, falling back to default profiles: default
2024-03-04 11:14:58.273  INFO 45239 --- [           main] o.s.b.w.embedded.tomcat.TomcatWebServer  : Tomcat initialized with port(s): 6941 (http)
2024-03-04 11:14:58.327  INFO 45239 --- [           main] o.apache.catalina.core.StandardService   : Starting service [Tomcat]
2024-03-04 11:14:58.328  INFO 45239 --- [           main] org.apache.catalina.core.StandardEngine  : Starting Servlet engine: [Apache Tomcat/9.0.21]
2024-03-04 11:14:58.511  INFO 45239 --- [           main] o.a.c.c.C.[Tomcat].[localhost].[/]       : Initializing Spring embedded WebApplicationContext
2024-03-04 11:14:58.512  INFO 45239 --- [           main] o.s.web.context.ContextLoader            : Root WebApplicationContext: initialization completed in 3152 ms
2024-03-04 11:15:00.558  INFO 45239 --- [           main] m.brain.sds.collector.client.NQAClient   : [NQA] server addr => null:0
Started : threadPoolTaskExecutor
2024-03-04 11:15:00.631  INFO 45239 --- [           main] o.s.s.concurrent.ThreadPoolTaskExecutor  : Initializing ExecutorService
2024-03-04 11:15:00.633  INFO 45239 --- [           main] o.s.s.concurrent.ThreadPoolTaskExecutor  : Initializing ExecutorService 'threadPoolTaskExecutor'
2024-03-04 11:15:01.797  INFO 45239 --- [           main] o.s.b.w.embedded.tomcat.TomcatWebServer  : Tomcat started on port(s): 6941 (http) with context path ''
2024-03-04 11:15:01.802  INFO 45239 --- [           main] m.b.s.c.InfoCollectorApplication         : Started InfoCollectorApplication in 7.439 seconds (JVM running for 8.319)
2024-03-04 11:43:26.081  INFO 45239 --- [nio-6941-exec-2] o.a.c.c.C.[Tomcat].[localhost].[/]       : Initializing Spring DispatcherServlet 'dispatcherServlet'
2024-03-04 11:43:26.082  INFO 45239 --- [nio-6941-exec-2] o.s.web.servlet.DispatcherServlet        : Initializing Servlet 'dispatcherServlet'
2024-03-04 11:43:26.087  INFO 45239 --- [nio-6941-exec-2] o.s.web.servlet.DispatcherServlet        : Completed initialization in 5 ms
2024-03-04 11:43:36.599  INFO 45239 --- [nio-6941-exec-5] m.b.s.c.service.SdsCollectorService      : [RegEx] No Match, Input: 네 안녕하세요
2024-03-04 11:43:36.603 ERROR 45239 --- [nio-6941-exec-5] m.b.sds.collector.client.BertItfClient   : [BERT-ITC] ERR: target
2024-03-04 11:43:36.609 ERROR 45239 --- [nio-6941-exec-5] m.b.sds.collector.client.BertItfClient   : [BERT-ITC] ERR: target
2024-03-04 11:43:36.612  INFO 45239 --- [nio-6941-exec-5] m.b.s.c.service.SdsCollectorService      : [getIntent 시간 측정 / 임시로그] host: 1636, getIntent() :69 ms
[BERT-NER] ERR: target
ERROR DEBUG : Maker memory Error
[CACHE] asyncCacheStart : SdsAddCacheRequest{host='1636', prevIntent='', bertIntent='', answer='{"answer":{},"setMemory":{"utter":{"utter":"네 안녕하세요"},"intent":{"hierarchy":1,"entityFlag":false},"entities":{},"lifespan":3,"host":"1636","session":"b634cd0d-3f7e-006e-3d26-bbb90bf3770c"},"jsonDebug":"{\"input\":\"네 안녕하세요\",\"sdsLog\":\"[RegEx] No Match, Input: 네 안녕하세요\\n[BERT-ITC] ERR: {}target\\n[getIntent 시간 측정 \\/ 임시로그] host: 1636, getIntent() :69 ms\",\"metaData\":\"\",\"prob\":0,\"engine\":\"fallback\",\"replace\":\"\",\"model\":\"fallback\",\"ERROR\":\"Maker memory Error\",\"taskRel\":\"fallback\",\"type\":\"utter\",\"bertIntent\":\"0\"}","engines":{}}', nowUtter=true, lang='1'}
asyncLogAtUtter start by request : SdsUtterCollectRequest{host='1636', session='b634cd0d-3f7e-006e-3d26-bbb90bf3770c', data=SdsUtter{utter='네 안녕하세요'}, lang='1', jsonData='{"device":"PC","channel":"HOMEPAGE","country":"**"}', entities='null'}
[CACHE] asyncCacheEnd
HTTP/1.1 200 
HTTP/1.1 200 
HTTP/1.1 200 
HTTP/1.1 500 
asyncLogAtUtter Ended : SdsUtterCollectRequest{host='1636', session='b634cd0d-3f7e-006e-3d26-bbb90bf3770c', data=SdsUtter{utter='네 안녕하세요'}, lang='1', jsonData='{"device":"PC","channel":"HOMEPAGE","country":"**"}', entities='null'}
2024-03-05 04:52:34.573  WARN 45239 --- [nio-6941-exec-5] o.a.i.d.pooled.PooledDataSource          : Execution of ping query 'select 1' failed: The last packet successfully received from the server was 53,633,103 milliseconds ago.  The last packet sent successfully to the server was 53,633,103 milliseconds ago. is longer than the server configured value of 'wait_timeout'. You should consider either expiring and/or testing connection validity before use in your application, increasing the server configured values for client timeouts, or using the Connector/J connection property 'autoReconnect=true' to avoid this problem.
2024-03-05 04:52:34.574  WARN 45239 --- [nio-6941-exec-5] o.a.i.d.pooled.PooledDataSource          : Execution of ping query 'select 1' failed: The last packet successfully received from the server was 53,633,111 milliseconds ago.  The last packet sent successfully to the server was 53,633,111 milliseconds ago. is longer than the server configured value of 'wait_timeout'. You should consider either expiring and/or testing connection validity before use in your application, increasing the server configured values for client timeouts, or using the Connector/J connection property 'autoReconnect=true' to avoid this problem.
2024-03-05 04:52:42.078  INFO 45239 --- [nio-6941-exec-7] m.b.s.c.service.SdsCollectorService      : [RegEx] No Match, Input: 안녕하세요
2024-03-05 04:52:42.078 ERROR 45239 --- [nio-6941-exec-7] m.b.sds.collector.client.BertItfClient   : [BERT-ITC] ERR: target
2024-03-05 04:52:42.082 ERROR 45239 --- [nio-6941-exec-7] m.b.sds.collector.client.BertItfClient   : [BERT-ITC] ERR: target
2024-03-05 04:52:42.082  INFO 45239 --- [nio-6941-exec-7] m.b.s.c.service.SdsCollectorService      : [getIntent 시간 측정 / 임시로그] host: 1637, getIntent() :8 ms
[BERT-NER] ERR: target
ERROR DEBUG : Maker memory Error
[CACHE] asyncCacheStart : SdsAddCacheRequest{host='1637', prevIntent='', bertIntent='', answer='{"answer":{},"setMemory":{"utter":{"utter":"안녕하세요"},"intent":{"hierarchy":1,"entityFlag":false},"entities":{},"lifespan":3,"host":"1637","session":"4cdc1828-8b27-0529-1a08-d63ad1405581"},"jsonDebug":"{\"input\":\"안녕하세요\",\"sdsLog\":\"[RegEx] No Match, Input: 안녕하세요\\n[BERT-ITC] ERR: {}target\\n[getIntent 시간 측정 \\/ 임시로그] host: 1637, getIntent() :8 ms\",\"metaData\":\"\",\"prob\":0,\"engine\":\"fallback\",\"replace\":\"\",\"model\":\"fallback\",\"ERROR\":\"Maker memory Error\",\"taskRel\":\"fallback\",\"type\":\"utter\",\"bertIntent\":\"0\"}","engines":{}}', nowUtter=true, lang='1'}
asyncLogAtUtter start by request : SdsUtterCollectRequest{host='1637', session='4cdc1828-8b27-0529-1a08-d63ad1405581', data=SdsUtter{utter='안녕하세요'}, lang='1', jsonData='{"device":"PC","channel":"HOMEPAGE","country":"**"}', entities='null'}
[CACHE] asyncCacheEnd
HTTP/1.1 200 
HTTP/1.1 200 
HTTP/1.1 200 
HTTP/1.1 500 
asyncLogAtUtter Ended : SdsUtterCollectRequest{host='1637', session='4cdc1828-8b27-0529-1a08-d63ad1405581', data=SdsUtter{utter='안녕하세요'}, lang='1', jsonData='{"device":"PC","channel":"HOMEPAGE","country":"**"}', entities='null'}
