04-Mar-2024 08:02:16.264 INFO [localhost-startStop-1] org.apache.catalina.core.ApplicationContext.log No Spring WebApplicationInitializer types detected on classpath
04-Mar-2024 08:02:16.317 INFO [localhost-startStop-1] org.apache.catalina.core.ApplicationContext.log Initializing Spring root WebApplicationContext
04-Mar-2024 08:02:18.411 SEVERE [localhost-startStop-1] org.apache.catalina.core.StandardContext.listenerStart Exception sending context initialized event to listener instance of class [org.springframework.web.context.ContextLoaderListener]
	org.springframework.beans.factory.BeanCreationException: Error creating bean with name 'setNqaStatusList' defined in first.common.util.NqaUploadStatusList: Bean instantiation via factory method failed; nested exception is org.springframework.beans.BeanInstantiationException: Failed to instantiate [java.util.List]: Factory method 'setNqaStatusList' threw exception; nested exception is org.springframework.jdbc.BadSqlGrammarException: 
### Error querying database.  Cause: com.mysql.jdbc.exceptions.jdbc4.MySQLSyntaxErrorException: Table 'Chatbot.Account' doesn't exist
### The error may exist in file [/home/minds/maum/sds-builder/apache-tomcat-8.5.99/webapps/sds-builder/WEB-INF/classes/mapper/maria/Chatbot/Builder_SQL.xml]
### The error may involve builder.getNqaStatusChatbotList-Inline
### The error occurred while setting parameters
### SQL: SELECT No as host, Name, 'preparation' as nqaUploadStatus from Account   ORDER BY No
### Cause: com.mysql.jdbc.exceptions.jdbc4.MySQLSyntaxErrorException: Table 'Chatbot.Account' doesn't exist
; bad SQL grammar []; nested exception is com.mysql.jdbc.exceptions.jdbc4.MySQLSyntaxErrorException: Table 'Chatbot.Account' doesn't exist
		at org.springframework.beans.factory.support.ConstructorResolver.instantiateUsingFactoryMethod(ConstructorResolver.java:599)
		at org.springframework.beans.factory.support.AbstractAutowireCapableBeanFactory.instantiateUsingFactoryMethod(AbstractAutowireCapableBeanFactory.java:1178)
		at org.springframework.beans.factory.support.AbstractAutowireCapableBeanFactory.createBeanInstance(AbstractAutowireCapableBeanFactory.java:1072)
		at org.springframework.beans.factory.support.AbstractAutowireCapableBeanFactory.doCreateBean(AbstractAutowireCapableBeanFactory.java:511)
		at org.springframework.beans.factory.support.AbstractAutowireCapableBeanFactory.createBean(AbstractAutowireCapableBeanFactory.java:481)
		at org.springframework.beans.factory.support.AbstractBeanFactory$1.getObject(AbstractBeanFactory.java:312)
		at org.springframework.beans.factory.support.DefaultSingletonBeanRegistry.getSingleton(DefaultSingletonBeanRegistry.java:230)
		at org.springframework.beans.factory.support.AbstractBeanFactory.doGetBean(AbstractBeanFactory.java:308)
		at org.springframework.beans.factory.support.AbstractBeanFactory.getBean(AbstractBeanFactory.java:197)
		at org.springframework.beans.factory.support.DefaultListableBeanFactory.preInstantiateSingletons(DefaultListableBeanFactory.java:761)
		at org.springframework.context.support.AbstractApplicationContext.finishBeanFactoryInitialization(AbstractApplicationContext.java:867)
		at org.springframework.context.support.AbstractApplicationContext.refresh(AbstractApplicationContext.java:543)
		at org.springframework.web.context.ContextLoader.configureAndRefreshWebApplicationContext(ContextLoader.java:443)
		at org.springframework.web.context.ContextLoader.initWebApplicationContext(ContextLoader.java:325)
		at org.springframework.web.context.ContextLoaderListener.contextInitialized(ContextLoaderListener.java:107)
		at org.apache.catalina.core.StandardContext.listenerStart(StandardContext.java:4441)
		at org.apache.catalina.core.StandardContext.startInternal(StandardContext.java:4899)
		at org.apache.catalina.util.LifecycleBase.start(LifecycleBase.java:171)
		at org.apache.catalina.core.ContainerBase.addChildInternal(ContainerBase.java:710)
		at org.apache.catalina.core.ContainerBase.addChild(ContainerBase.java:687)
		at org.apache.catalina.core.StandardHost.addChild(StandardHost.java:660)
		at org.apache.catalina.startup.HostConfig.deployWAR(HostConfig.java:1015)
		at org.apache.catalina.startup.HostConfig$DeployWar.run(HostConfig.java:1867)
		at java.util.concurrent.Executors$RunnableAdapter.call(Executors.java:511)
		at java.util.concurrent.FutureTask.run(FutureTask.java:266)
		at java.util.concurrent.ThreadPoolExecutor.runWorker(ThreadPoolExecutor.java:1149)
		at java.util.concurrent.ThreadPoolExecutor$Worker.run(ThreadPoolExecutor.java:624)
		at java.lang.Thread.run(Thread.java:750)
	Caused by: org.springframework.beans.BeanInstantiationException: Failed to instantiate [java.util.List]: Factory method 'setNqaStatusList' threw exception; nested exception is org.springframework.jdbc.BadSqlGrammarException: 
### Error querying database.  Cause: com.mysql.jdbc.exceptions.jdbc4.MySQLSyntaxErrorException: Table 'Chatbot.Account' doesn't exist
### The error may exist in file [/home/minds/maum/sds-builder/apache-tomcat-8.5.99/webapps/sds-builder/WEB-INF/classes/mapper/maria/Chatbot/Builder_SQL.xml]
### The error may involve builder.getNqaStatusChatbotList-Inline
### The error occurred while setting parameters
### SQL: SELECT No as host, Name, 'preparation' as nqaUploadStatus from Account   ORDER BY No
### Cause: com.mysql.jdbc.exceptions.jdbc4.MySQLSyntaxErrorException: Table 'Chatbot.Account' doesn't exist
; bad SQL grammar []; nested exception is com.mysql.jdbc.exceptions.jdbc4.MySQLSyntaxErrorException: Table 'Chatbot.Account' doesn't exist
		at org.springframework.beans.factory.support.SimpleInstantiationStrategy.instantiate(SimpleInstantiationStrategy.java:189)
		at org.springframework.beans.factory.support.ConstructorResolver.instantiateUsingFactoryMethod(ConstructorResolver.java:588)
		... 27 more
	Caused by: org.springframework.jdbc.BadSqlGrammarException: 
### Error querying database.  Cause: com.mysql.jdbc.exceptions.jdbc4.MySQLSyntaxErrorException: Table 'Chatbot.Account' doesn't exist
### The error may exist in file [/home/minds/maum/sds-builder/apache-tomcat-8.5.99/webapps/sds-builder/WEB-INF/classes/mapper/maria/Chatbot/Builder_SQL.xml]
### The error may involve builder.getNqaStatusChatbotList-Inline
### The error occurred while setting parameters
### SQL: SELECT No as host, Name, 'preparation' as nqaUploadStatus from Account   ORDER BY No
### Cause: com.mysql.jdbc.exceptions.jdbc4.MySQLSyntaxErrorException: Table 'Chatbot.Account' doesn't exist
; bad SQL grammar []; nested exception is com.mysql.jdbc.exceptions.jdbc4.MySQLSyntaxErrorException: Table 'Chatbot.Account' doesn't exist
		at org.springframework.jdbc.support.SQLErrorCodeSQLExceptionTranslator.doTranslate(SQLErrorCodeSQLExceptionTranslator.java:230)
		at org.springframework.jdbc.support.AbstractFallbackSQLExceptionTranslator.translate(AbstractFallbackSQLExceptionTranslator.java:73)
		at org.mybatis.spring.MyBatisExceptionTranslator.translateExceptionIfPossible(MyBatisExceptionTranslator.java:73)
		at org.mybatis.spring.SqlSessionTemplate$SqlSessionInterceptor.invoke(SqlSessionTemplate.java:446)
		at com.sun.proxy.$Proxy26.selectList(Unknown Source)
		at org.mybatis.spring.SqlSessionTemplate.selectList(SqlSessionTemplate.java:222)
		at first.builder.dao.AbstractDAO.selectList(AbstractDAO.java:64)
		at first.builder.dao.BuilderDAO.getNqaStatusChatbotList(BuilderDAO.java:554)
		at first.builder.dao.BuilderDAO$$FastClassBySpringCGLIB$$76e165a4.invoke(<generated>)
		at org.springframework.cglib.proxy.MethodProxy.invoke(MethodProxy.java:204)
		at org.springframework.aop.framework.CglibAopProxy$CglibMethodInvocation.invokeJoinpoint(CglibAopProxy.java:736)
		at org.springframework.aop.framework.ReflectiveMethodInvocation.proceed(ReflectiveMethodInvocation.java:157)
		at org.springframework.aop.aspectj.MethodInvocationProceedingJoinPoint.proceed(MethodInvocationProceedingJoinPoint.java:84)
		at first.common.logger.LoggerAspect.logPrint(LoggerAspect.java:29)
		at sun.reflect.NativeMethodAccessorImpl.invoke0(Native Method)
		at sun.reflect.NativeMethodAccessorImpl.invoke(NativeMethodAccessorImpl.java:62)
		at sun.reflect.DelegatingMethodAccessorImpl.invoke(DelegatingMethodAccessorImpl.java:43)
		at java.lang.reflect.Method.invoke(Method.java:498)
		at org.springframework.aop.aspectj.AbstractAspectJAdvice.invokeAdviceMethodWithGivenArgs(AbstractAspectJAdvice.java:627)
		at org.springframework.aop.aspectj.AbstractAspectJAdvice.invokeAdviceMethod(AbstractAspectJAdvice.java:616)
		at org.springframework.aop.aspectj.AspectJAroundAdvice.invoke(AspectJAroundAdvice.java:70)
		at org.springframework.aop.framework.ReflectiveMethodInvocation.proceed(ReflectiveMethodInvocation.java:179)
		at org.springframework.aop.interceptor.ExposeInvocationInterceptor.invoke(ExposeInvocationInterceptor.java:92)
		at org.springframework.aop.framework.ReflectiveMethodInvocation.proceed(ReflectiveMethodInvocation.java:179)
		at org.springframework.aop.framework.CglibAopProxy$DynamicAdvisedInterceptor.intercept(CglibAopProxy.java:671)
		at first.builder.dao.BuilderDAO$$EnhancerBySpringCGLIB$$84fda78d.getNqaStatusChatbotList(<generated>)
		at first.builder.service.BuilderServiceImpl.getNqaStatusChatbotList(BuilderServiceImpl.java:2224)
		at sun.reflect.NativeMethodAccessorImpl.invoke0(Native Method)
		at sun.reflect.NativeMethodAccessorImpl.invoke(NativeMethodAccessorImpl.java:62)
		at sun.reflect.DelegatingMethodAccessorImpl.invoke(DelegatingMethodAccessorImpl.java:43)
		at java.lang.reflect.Method.invoke(Method.java:498)
		at org.springframework.aop.support.AopUtils.invokeJoinpointUsingReflection(AopUtils.java:333)
		at org.springframework.aop.framework.ReflectiveMethodInvocation.invokeJoinpoint(ReflectiveMethodInvocation.java:190)
		at org.springframework.aop.framework.ReflectiveMethodInvocation.proceed(ReflectiveMethodInvocation.java:157)
		at org.springframework.aop.aspectj.MethodInvocationProceedingJoinPoint.proceed(MethodInvocationProceedingJoinPoint.java:84)
		at first.common.logger.LoggerAspect.logPrint(LoggerAspect.java:29)
		at sun.reflect.NativeMethodAccessorImpl.invoke0(Native Method)
		at sun.reflect.NativeMethodAccessorImpl.invoke(NativeMethodAccessorImpl.java:62)
		at sun.reflect.DelegatingMethodAccessorImpl.invoke(DelegatingMethodAccessorImpl.java:43)
		at java.lang.reflect.Method.invoke(Method.java:498)
		at org.springframework.aop.aspectj.AbstractAspectJAdvice.invokeAdviceMethodWithGivenArgs(AbstractAspectJAdvice.java:627)
		at org.springframework.aop.aspectj.AbstractAspectJAdvice.invokeAdviceMethod(AbstractAspectJAdvice.java:616)
		at org.springframework.aop.aspectj.AspectJAroundAdvice.invoke(AspectJAroundAdvice.java:70)
		at org.springframework.aop.framework.ReflectiveMethodInvocation.proceed(ReflectiveMethodInvocation.java:179)
		at org.springframework.transaction.interceptor.TransactionInterceptor$1.proceedWithInvocation(TransactionInterceptor.java:99)
		at org.springframework.transaction.interceptor.TransactionAspectSupport.invokeWithinTransaction(TransactionAspectSupport.java:282)
		at org.springframework.transaction.interceptor.TransactionInterceptor.invoke(TransactionInterceptor.java:96)
		at org.springframework.aop.framework.ReflectiveMethodInvocation.proceed(ReflectiveMethodInvocation.java:179)
		at org.springframework.aop.interceptor.ExposeInvocationInterceptor.invoke(ExposeInvocationInterceptor.java:92)
		at org.springframework.aop.framework.ReflectiveMethodInvocation.proceed(ReflectiveMethodInvocation.java:179)
		at org.springframework.aop.framework.JdkDynamicAopProxy.invoke(JdkDynamicAopProxy.java:213)
		at com.sun.proxy.$Proxy28.getNqaStatusChatbotList(Unknown Source)
		at first.common.util.NqaUploadStatusList.setNqaStatusList(NqaUploadStatusList.java:26)
		at first.common.util.NqaUploadStatusList$$EnhancerBySpringCGLIB$$b3b8eb76.CGLIB$setNqaStatusList$0(<generated>)
		at first.common.util.NqaUploadStatusList$$EnhancerBySpringCGLIB$$b3b8eb76$$FastClassBySpringCGLIB$$e69db2d4.invoke(<generated>)
		at org.springframework.cglib.proxy.MethodProxy.invokeSuper(MethodProxy.java:228)
		at org.springframework.context.annotation.ConfigurationClassEnhancer$BeanMethodInterceptor.intercept(ConfigurationClassEnhancer.java:358)
		at first.common.util.NqaUploadStatusList$$EnhancerBySpringCGLIB$$b3b8eb76.setNqaStatusList(<generated>)
		at sun.reflect.NativeMethodAccessorImpl.invoke0(Native Method)
		at sun.reflect.NativeMethodAccessorImpl.invoke(NativeMethodAccessorImpl.java:62)
		at sun.reflect.DelegatingMethodAccessorImpl.invoke(DelegatingMethodAccessorImpl.java:43)
		at java.lang.reflect.Method.invoke(Method.java:498)
		at org.springframework.beans.factory.support.SimpleInstantiationStrategy.instantiate(SimpleInstantiationStrategy.java:162)
		... 28 more
	Caused by: com.mysql.jdbc.exceptions.jdbc4.MySQLSyntaxErrorException: Table 'Chatbot.Account' doesn't exist
		at sun.reflect.NativeConstructorAccessorImpl.newInstance0(Native Method)
		at sun.reflect.NativeConstructorAccessorImpl.newInstance(NativeConstructorAccessorImpl.java:62)
		at sun.reflect.DelegatingConstructorAccessorImpl.newInstance(DelegatingConstructorAccessorImpl.java:45)
		at java.lang.reflect.Constructor.newInstance(Constructor.java:423)
		at com.mysql.jdbc.Util.handleNewInstance(Util.java:425)
		at com.mysql.jdbc.Util.getInstance(Util.java:408)
		at com.mysql.jdbc.SQLError.createSQLException(SQLError.java:944)
		at com.mysql.jdbc.MysqlIO.checkErrorPacket(MysqlIO.java:3933)
		at com.mysql.jdbc.MysqlIO.checkErrorPacket(MysqlIO.java:3869)
		at com.mysql.jdbc.MysqlIO.sendCommand(MysqlIO.java:2524)
		at com.mysql.jdbc.MysqlIO.sqlQueryDirect(MysqlIO.java:2675)
		at com.mysql.jdbc.ConnectionImpl.execSQL(ConnectionImpl.java:2465)
		at com.mysql.jdbc.PreparedStatement.executeInternal(PreparedStatement.java:1912)
		at com.mysql.jdbc.PreparedStatement.execute(PreparedStatement.java:1251)
		at org.apache.commons.dbcp.DelegatingPreparedStatement.execute(DelegatingPreparedStatement.java:172)
		at org.apache.commons.dbcp.DelegatingPreparedStatement.execute(DelegatingPreparedStatement.java:172)
		at net.sf.log4jdbc.PreparedStatementSpy.execute(PreparedStatementSpy.java:418)
		at org.apache.ibatis.executor.statement.PreparedStatementHandler.query(PreparedStatementHandler.java:64)
		at org.apache.ibatis.executor.statement.RoutingStatementHandler.query(RoutingStatementHandler.java:79)
		at org.apache.ibatis.executor.SimpleExecutor.doQuery(SimpleExecutor.java:63)
		at org.apache.ibatis.executor.BaseExecutor.queryFromDatabase(BaseExecutor.java:324)
		at org.apache.ibatis.executor.BaseExecutor.query(BaseExecutor.java:156)
		at org.apache.ibatis.executor.CachingExecutor.query(CachingExecutor.java:109)
		at org.apache.ibatis.executor.CachingExecutor.query(CachingExecutor.java:83)
		at org.apache.ibatis.session.defaults.DefaultSqlSession.selectList(DefaultSqlSession.java:148)
		at org.apache.ibatis.session.defaults.DefaultSqlSession.selectList(DefaultSqlSession.java:141)
		at org.apache.ibatis.session.defaults.DefaultSqlSession.selectList(DefaultSqlSession.java:136)
		at sun.reflect.NativeMethodAccessorImpl.invoke0(Native Method)
		at sun.reflect.NativeMethodAccessorImpl.invoke(NativeMethodAccessorImpl.java:62)
		at sun.reflect.DelegatingMethodAccessorImpl.invoke(DelegatingMethodAccessorImpl.java:43)
		at java.lang.reflect.Method.invoke(Method.java:498)
		at org.mybatis.spring.SqlSessionTemplate$SqlSessionInterceptor.invoke(SqlSessionTemplate.java:433)
		... 87 more
04-Mar-2024 08:02:18.416 INFO [localhost-startStop-1] org.apache.catalina.core.ApplicationContext.log Closing Spring root WebApplicationContext
04-Mar-2024 08:02:18.514 INFO [localhost-startStop-1] org.apache.catalina.core.ApplicationContext.log ContextListener: contextInitialized()
04-Mar-2024 08:02:18.514 INFO [localhost-startStop-1] org.apache.catalina.core.ApplicationContext.log SessionListener: contextInitialized()
04-Mar-2024 08:02:18.515 INFO [localhost-startStop-1] org.apache.catalina.core.ApplicationContext.log ContextListener: attributeAdded('StockTicker', 'async.Stockticker@70236c9b')
04-Mar-2024 08:02:18.585 INFO [localhost-startStop-1] org.apache.catalina.core.ApplicationContext.log SessionListener: contextDestroyed()
04-Mar-2024 08:02:18.585 INFO [localhost-startStop-1] org.apache.catalina.core.ApplicationContext.log ContextListener: contextDestroyed()
04-Mar-2024 08:02:49.477 INFO [localhost-startStop-1] org.apache.catalina.core.ApplicationContext.log No Spring WebApplicationInitializer types detected on classpath
04-Mar-2024 08:02:49.532 INFO [localhost-startStop-1] org.apache.catalina.core.ApplicationContext.log Initializing Spring root WebApplicationContext
04-Mar-2024 08:02:51.542 SEVERE [localhost-startStop-1] org.apache.catalina.core.StandardContext.listenerStart Exception sending context initialized event to listener instance of class [org.springframework.web.context.ContextLoaderListener]
	org.springframework.beans.factory.BeanCreationException: Error creating bean with name 'setNqaStatusList' defined in first.common.util.NqaUploadStatusList: Bean instantiation via factory method failed; nested exception is org.springframework.beans.BeanInstantiationException: Failed to instantiate [java.util.List]: Factory method 'setNqaStatusList' threw exception; nested exception is org.springframework.jdbc.BadSqlGrammarException: 
### Error querying database.  Cause: com.mysql.jdbc.exceptions.jdbc4.MySQLSyntaxErrorException: Table 'Chatbot.Account' doesn't exist
### The error may exist in file [/home/minds/maum/sds-builder/apache-tomcat-8.5.99/webapps/sds-builder/WEB-INF/classes/mapper/maria/Chatbot/Builder_SQL.xml]
### The error may involve builder.getNqaStatusChatbotList-Inline
### The error occurred while setting parameters
### SQL: SELECT No as host, Name, 'preparation' as nqaUploadStatus from Account   ORDER BY No
### Cause: com.mysql.jdbc.exceptions.jdbc4.MySQLSyntaxErrorException: Table 'Chatbot.Account' doesn't exist
; bad SQL grammar []; nested exception is com.mysql.jdbc.exceptions.jdbc4.MySQLSyntaxErrorException: Table 'Chatbot.Account' doesn't exist
		at org.springframework.beans.factory.support.ConstructorResolver.instantiateUsingFactoryMethod(ConstructorResolver.java:599)
		at org.springframework.beans.factory.support.AbstractAutowireCapableBeanFactory.instantiateUsingFactoryMethod(AbstractAutowireCapableBeanFactory.java:1178)
		at org.springframework.beans.factory.support.AbstractAutowireCapableBeanFactory.createBeanInstance(AbstractAutowireCapableBeanFactory.java:1072)
		at org.springframework.beans.factory.support.AbstractAutowireCapableBeanFactory.doCreateBean(AbstractAutowireCapableBeanFactory.java:511)
		at org.springframework.beans.factory.support.AbstractAutowireCapableBeanFactory.createBean(AbstractAutowireCapableBeanFactory.java:481)
		at org.springframework.beans.factory.support.AbstractBeanFactory$1.getObject(AbstractBeanFactory.java:312)
		at org.springframework.beans.factory.support.DefaultSingletonBeanRegistry.getSingleton(DefaultSingletonBeanRegistry.java:230)
		at org.springframework.beans.factory.support.AbstractBeanFactory.doGetBean(AbstractBeanFactory.java:308)
		at org.springframework.beans.factory.support.AbstractBeanFactory.getBean(AbstractBeanFactory.java:197)
		at org.springframework.beans.factory.support.DefaultListableBeanFactory.preInstantiateSingletons(DefaultListableBeanFactory.java:761)
		at org.springframework.context.support.AbstractApplicationContext.finishBeanFactoryInitialization(AbstractApplicationContext.java:867)
		at org.springframework.context.support.AbstractApplicationContext.refresh(AbstractApplicationContext.java:543)
		at org.springframework.web.context.ContextLoader.configureAndRefreshWebApplicationContext(ContextLoader.java:443)
		at org.springframework.web.context.ContextLoader.initWebApplicationContext(ContextLoader.java:325)
		at org.springframework.web.context.ContextLoaderListener.contextInitialized(ContextLoaderListener.java:107)
		at org.apache.catalina.core.StandardContext.listenerStart(StandardContext.java:4441)
		at org.apache.catalina.core.StandardContext.startInternal(StandardContext.java:4899)
		at org.apache.catalina.util.LifecycleBase.start(LifecycleBase.java:171)
		at org.apache.catalina.core.ContainerBase.addChildInternal(ContainerBase.java:710)
		at org.apache.catalina.core.ContainerBase.addChild(ContainerBase.java:687)
		at org.apache.catalina.core.StandardHost.addChild(StandardHost.java:660)
		at org.apache.catalina.startup.HostConfig.deployWAR(HostConfig.java:1015)
		at org.apache.catalina.startup.HostConfig$DeployWar.run(HostConfig.java:1867)
		at java.util.concurrent.Executors$RunnableAdapter.call(Executors.java:511)
		at java.util.concurrent.FutureTask.run(FutureTask.java:266)
		at java.util.concurrent.ThreadPoolExecutor.runWorker(ThreadPoolExecutor.java:1149)
		at java.util.concurrent.ThreadPoolExecutor$Worker.run(ThreadPoolExecutor.java:624)
		at java.lang.Thread.run(Thread.java:750)
	Caused by: org.springframework.beans.BeanInstantiationException: Failed to instantiate [java.util.List]: Factory method 'setNqaStatusList' threw exception; nested exception is org.springframework.jdbc.BadSqlGrammarException: 
### Error querying database.  Cause: com.mysql.jdbc.exceptions.jdbc4.MySQLSyntaxErrorException: Table 'Chatbot.Account' doesn't exist
### The error may exist in file [/home/minds/maum/sds-builder/apache-tomcat-8.5.99/webapps/sds-builder/WEB-INF/classes/mapper/maria/Chatbot/Builder_SQL.xml]
### The error may involve builder.getNqaStatusChatbotList-Inline
### The error occurred while setting parameters
### SQL: SELECT No as host, Name, 'preparation' as nqaUploadStatus from Account   ORDER BY No
### Cause: com.mysql.jdbc.exceptions.jdbc4.MySQLSyntaxErrorException: Table 'Chatbot.Account' doesn't exist
; bad SQL grammar []; nested exception is com.mysql.jdbc.exceptions.jdbc4.MySQLSyntaxErrorException: Table 'Chatbot.Account' doesn't exist
		at org.springframework.beans.factory.support.SimpleInstantiationStrategy.instantiate(SimpleInstantiationStrategy.java:189)
		at org.springframework.beans.factory.support.ConstructorResolver.instantiateUsingFactoryMethod(ConstructorResolver.java:588)
		... 27 more
	Caused by: org.springframework.jdbc.BadSqlGrammarException: 
### Error querying database.  Cause: com.mysql.jdbc.exceptions.jdbc4.MySQLSyntaxErrorException: Table 'Chatbot.Account' doesn't exist
### The error may exist in file [/home/minds/maum/sds-builder/apache-tomcat-8.5.99/webapps/sds-builder/WEB-INF/classes/mapper/maria/Chatbot/Builder_SQL.xml]
### The error may involve builder.getNqaStatusChatbotList-Inline
### The error occurred while setting parameters
### SQL: SELECT No as host, Name, 'preparation' as nqaUploadStatus from Account   ORDER BY No
### Cause: com.mysql.jdbc.exceptions.jdbc4.MySQLSyntaxErrorException: Table 'Chatbot.Account' doesn't exist
; bad SQL grammar []; nested exception is com.mysql.jdbc.exceptions.jdbc4.MySQLSyntaxErrorException: Table 'Chatbot.Account' doesn't exist
		at org.springframework.jdbc.support.SQLErrorCodeSQLExceptionTranslator.doTranslate(SQLErrorCodeSQLExceptionTranslator.java:230)
		at org.springframework.jdbc.support.AbstractFallbackSQLExceptionTranslator.translate(AbstractFallbackSQLExceptionTranslator.java:73)
		at org.mybatis.spring.MyBatisExceptionTranslator.translateExceptionIfPossible(MyBatisExceptionTranslator.java:73)
		at org.mybatis.spring.SqlSessionTemplate$SqlSessionInterceptor.invoke(SqlSessionTemplate.java:446)
		at com.sun.proxy.$Proxy26.selectList(Unknown Source)
		at org.mybatis.spring.SqlSessionTemplate.selectList(SqlSessionTemplate.java:222)
		at first.builder.dao.AbstractDAO.selectList(AbstractDAO.java:64)
		at first.builder.dao.BuilderDAO.getNqaStatusChatbotList(BuilderDAO.java:554)
		at first.builder.dao.BuilderDAO$$FastClassBySpringCGLIB$$76e165a4.invoke(<generated>)
		at org.springframework.cglib.proxy.MethodProxy.invoke(MethodProxy.java:204)
		at org.springframework.aop.framework.CglibAopProxy$CglibMethodInvocation.invokeJoinpoint(CglibAopProxy.java:736)
		at org.springframework.aop.framework.ReflectiveMethodInvocation.proceed(ReflectiveMethodInvocation.java:157)
		at org.springframework.aop.aspectj.MethodInvocationProceedingJoinPoint.proceed(MethodInvocationProceedingJoinPoint.java:84)
		at first.common.logger.LoggerAspect.logPrint(LoggerAspect.java:29)
		at sun.reflect.NativeMethodAccessorImpl.invoke0(Native Method)
		at sun.reflect.NativeMethodAccessorImpl.invoke(NativeMethodAccessorImpl.java:62)
		at sun.reflect.DelegatingMethodAccessorImpl.invoke(DelegatingMethodAccessorImpl.java:43)
		at java.lang.reflect.Method.invoke(Method.java:498)
		at org.springframework.aop.aspectj.AbstractAspectJAdvice.invokeAdviceMethodWithGivenArgs(AbstractAspectJAdvice.java:627)
		at org.springframework.aop.aspectj.AbstractAspectJAdvice.invokeAdviceMethod(AbstractAspectJAdvice.java:616)
		at org.springframework.aop.aspectj.AspectJAroundAdvice.invoke(AspectJAroundAdvice.java:70)
		at org.springframework.aop.framework.ReflectiveMethodInvocation.proceed(ReflectiveMethodInvocation.java:179)
		at org.springframework.aop.interceptor.ExposeInvocationInterceptor.invoke(ExposeInvocationInterceptor.java:92)
		at org.springframework.aop.framework.ReflectiveMethodInvocation.proceed(ReflectiveMethodInvocation.java:179)
		at org.springframework.aop.framework.CglibAopProxy$DynamicAdvisedInterceptor.intercept(CglibAopProxy.java:671)
		at first.builder.dao.BuilderDAO$$EnhancerBySpringCGLIB$$4ac8bdd.getNqaStatusChatbotList(<generated>)
		at first.builder.service.BuilderServiceImpl.getNqaStatusChatbotList(BuilderServiceImpl.java:2224)
		at sun.reflect.NativeMethodAccessorImpl.invoke0(Native Method)
		at sun.reflect.NativeMethodAccessorImpl.invoke(NativeMethodAccessorImpl.java:62)
		at sun.reflect.DelegatingMethodAccessorImpl.invoke(DelegatingMethodAccessorImpl.java:43)
		at java.lang.reflect.Method.invoke(Method.java:498)
		at org.springframework.aop.support.AopUtils.invokeJoinpointUsingReflection(AopUtils.java:333)
		at org.springframework.aop.framework.ReflectiveMethodInvocation.invokeJoinpoint(ReflectiveMethodInvocation.java:190)
		at org.springframework.aop.framework.ReflectiveMethodInvocation.proceed(ReflectiveMethodInvocation.java:157)
		at org.springframework.aop.aspectj.MethodInvocationProceedingJoinPoint.proceed(MethodInvocationProceedingJoinPoint.java:84)
		at first.common.logger.LoggerAspect.logPrint(LoggerAspect.java:29)
		at sun.reflect.NativeMethodAccessorImpl.invoke0(Native Method)
		at sun.reflect.NativeMethodAccessorImpl.invoke(NativeMethodAccessorImpl.java:62)
		at sun.reflect.DelegatingMethodAccessorImpl.invoke(DelegatingMethodAccessorImpl.java:43)
		at java.lang.reflect.Method.invoke(Method.java:498)
		at org.springframework.aop.aspectj.AbstractAspectJAdvice.invokeAdviceMethodWithGivenArgs(AbstractAspectJAdvice.java:627)
		at org.springframework.aop.aspectj.AbstractAspectJAdvice.invokeAdviceMethod(AbstractAspectJAdvice.java:616)
		at org.springframework.aop.aspectj.AspectJAroundAdvice.invoke(AspectJAroundAdvice.java:70)
		at org.springframework.aop.framework.ReflectiveMethodInvocation.proceed(ReflectiveMethodInvocation.java:179)
		at org.springframework.transaction.interceptor.TransactionInterceptor$1.proceedWithInvocation(TransactionInterceptor.java:99)
		at org.springframework.transaction.interceptor.TransactionAspectSupport.invokeWithinTransaction(TransactionAspectSupport.java:282)
		at org.springframework.transaction.interceptor.TransactionInterceptor.invoke(TransactionInterceptor.java:96)
		at org.springframework.aop.framework.ReflectiveMethodInvocation.proceed(ReflectiveMethodInvocation.java:179)
		at org.springframework.aop.interceptor.ExposeInvocationInterceptor.invoke(ExposeInvocationInterceptor.java:92)
		at org.springframework.aop.framework.ReflectiveMethodInvocation.proceed(ReflectiveMethodInvocation.java:179)
		at org.springframework.aop.framework.JdkDynamicAopProxy.invoke(JdkDynamicAopProxy.java:213)
		at com.sun.proxy.$Proxy28.getNqaStatusChatbotList(Unknown Source)
		at first.common.util.NqaUploadStatusList.setNqaStatusList(NqaUploadStatusList.java:26)
		at first.common.util.NqaUploadStatusList$$EnhancerBySpringCGLIB$$9c8f8637.CGLIB$setNqaStatusList$0(<generated>)
		at first.common.util.NqaUploadStatusList$$EnhancerBySpringCGLIB$$9c8f8637$$FastClassBySpringCGLIB$$e980340b.invoke(<generated>)
		at org.springframework.cglib.proxy.MethodProxy.invokeSuper(MethodProxy.java:228)
		at org.springframework.context.annotation.ConfigurationClassEnhancer$BeanMethodInterceptor.intercept(ConfigurationClassEnhancer.java:358)
		at first.common.util.NqaUploadStatusList$$EnhancerBySpringCGLIB$$9c8f8637.setNqaStatusList(<generated>)
		at sun.reflect.NativeMethodAccessorImpl.invoke0(Native Method)
		at sun.reflect.NativeMethodAccessorImpl.invoke(NativeMethodAccessorImpl.java:62)
		at sun.reflect.DelegatingMethodAccessorImpl.invoke(DelegatingMethodAccessorImpl.java:43)
		at java.lang.reflect.Method.invoke(Method.java:498)
		at org.springframework.beans.factory.support.SimpleInstantiationStrategy.instantiate(SimpleInstantiationStrategy.java:162)
		... 28 more
	Caused by: com.mysql.jdbc.exceptions.jdbc4.MySQLSyntaxErrorException: Table 'Chatbot.Account' doesn't exist
		at sun.reflect.NativeConstructorAccessorImpl.newInstance0(Native Method)
		at sun.reflect.NativeConstructorAccessorImpl.newInstance(NativeConstructorAccessorImpl.java:62)
		at sun.reflect.DelegatingConstructorAccessorImpl.newInstance(DelegatingConstructorAccessorImpl.java:45)
		at java.lang.reflect.Constructor.newInstance(Constructor.java:423)
		at com.mysql.jdbc.Util.handleNewInstance(Util.java:425)
		at com.mysql.jdbc.Util.getInstance(Util.java:408)
		at com.mysql.jdbc.SQLError.createSQLException(SQLError.java:944)
		at com.mysql.jdbc.MysqlIO.checkErrorPacket(MysqlIO.java:3933)
		at com.mysql.jdbc.MysqlIO.checkErrorPacket(MysqlIO.java:3869)
		at com.mysql.jdbc.MysqlIO.sendCommand(MysqlIO.java:2524)
		at com.mysql.jdbc.MysqlIO.sqlQueryDirect(MysqlIO.java:2675)
		at com.mysql.jdbc.ConnectionImpl.execSQL(ConnectionImpl.java:2465)
		at com.mysql.jdbc.PreparedStatement.executeInternal(PreparedStatement.java:1912)
		at com.mysql.jdbc.PreparedStatement.execute(PreparedStatement.java:1251)
		at org.apache.commons.dbcp.DelegatingPreparedStatement.execute(DelegatingPreparedStatement.java:172)
		at org.apache.commons.dbcp.DelegatingPreparedStatement.execute(DelegatingPreparedStatement.java:172)
		at net.sf.log4jdbc.PreparedStatementSpy.execute(PreparedStatementSpy.java:418)
		at org.apache.ibatis.executor.statement.PreparedStatementHandler.query(PreparedStatementHandler.java:64)
		at org.apache.ibatis.executor.statement.RoutingStatementHandler.query(RoutingStatementHandler.java:79)
		at org.apache.ibatis.executor.SimpleExecutor.doQuery(SimpleExecutor.java:63)
		at org.apache.ibatis.executor.BaseExecutor.queryFromDatabase(BaseExecutor.java:324)
		at org.apache.ibatis.executor.BaseExecutor.query(BaseExecutor.java:156)
		at org.apache.ibatis.executor.CachingExecutor.query(CachingExecutor.java:109)
		at org.apache.ibatis.executor.CachingExecutor.query(CachingExecutor.java:83)
		at org.apache.ibatis.session.defaults.DefaultSqlSession.selectList(DefaultSqlSession.java:148)
		at org.apache.ibatis.session.defaults.DefaultSqlSession.selectList(DefaultSqlSession.java:141)
		at org.apache.ibatis.session.defaults.DefaultSqlSession.selectList(DefaultSqlSession.java:136)
		at sun.reflect.NativeMethodAccessorImpl.invoke0(Native Method)
		at sun.reflect.NativeMethodAccessorImpl.invoke(NativeMethodAccessorImpl.java:62)
		at sun.reflect.DelegatingMethodAccessorImpl.invoke(DelegatingMethodAccessorImpl.java:43)
		at java.lang.reflect.Method.invoke(Method.java:498)
		at org.mybatis.spring.SqlSessionTemplate$SqlSessionInterceptor.invoke(SqlSessionTemplate.java:433)
		... 87 more
04-Mar-2024 08:02:51.547 INFO [localhost-startStop-1] org.apache.catalina.core.ApplicationContext.log Closing Spring root WebApplicationContext
04-Mar-2024 08:02:51.659 INFO [localhost-startStop-1] org.apache.catalina.core.ApplicationContext.log ContextListener: contextInitialized()
04-Mar-2024 08:02:51.660 INFO [localhost-startStop-1] org.apache.catalina.core.ApplicationContext.log SessionListener: contextInitialized()
04-Mar-2024 08:02:51.660 INFO [localhost-startStop-1] org.apache.catalina.core.ApplicationContext.log ContextListener: attributeAdded('StockTicker', 'async.Stockticker@12aea821')
04-Mar-2024 08:03:16.320 INFO [localhost-startStop-2] org.apache.catalina.core.ApplicationContext.log SessionListener: contextDestroyed()
04-Mar-2024 08:03:16.320 INFO [localhost-startStop-2] org.apache.catalina.core.ApplicationContext.log ContextListener: contextDestroyed()
04-Mar-2024 08:04:04.447 INFO [localhost-startStop-1] org.apache.catalina.core.ApplicationContext.log No Spring WebApplicationInitializer types detected on classpath
04-Mar-2024 08:04:04.505 INFO [localhost-startStop-1] org.apache.catalina.core.ApplicationContext.log Initializing Spring root WebApplicationContext
04-Mar-2024 08:04:06.627 INFO [localhost-startStop-1] org.apache.catalina.core.ApplicationContext.log Initializing Spring FrameworkServlet 'action'
04-Mar-2024 08:04:07.644 INFO [localhost-startStop-1] org.apache.catalina.core.ApplicationContext.log ContextListener: contextInitialized()
04-Mar-2024 08:04:07.644 INFO [localhost-startStop-1] org.apache.catalina.core.ApplicationContext.log SessionListener: contextInitialized()
04-Mar-2024 08:04:07.645 INFO [localhost-startStop-1] org.apache.catalina.core.ApplicationContext.log ContextListener: attributeAdded('StockTicker', 'async.Stockticker@6e043ca0')
04-Mar-2024 09:42:38.467 INFO [ContainerBackgroundProcessor[StandardEngine[Catalina]]] org.apache.catalina.core.ApplicationContext.log Destroying Spring FrameworkServlet 'action'
04-Mar-2024 09:42:38.483 INFO [ContainerBackgroundProcessor[StandardEngine[Catalina]]] org.apache.catalina.core.ApplicationContext.log Closing Spring root WebApplicationContext
04-Mar-2024 09:42:40.882 INFO [localhost-startStop-2] org.apache.catalina.core.ApplicationContext.log No Spring WebApplicationInitializer types detected on classpath
04-Mar-2024 09:42:40.938 INFO [localhost-startStop-2] org.apache.catalina.core.ApplicationContext.log Initializing Spring root WebApplicationContext
04-Mar-2024 09:42:42.721 INFO [localhost-startStop-2] org.apache.catalina.core.ApplicationContext.log Initializing Spring FrameworkServlet 'action'
04-Mar-2024 09:50:11.007 INFO [localhost-startStop-3] org.apache.catalina.core.ApplicationContext.log Destroying Spring FrameworkServlet 'action'
04-Mar-2024 09:50:11.009 INFO [localhost-startStop-3] org.apache.catalina.core.ApplicationContext.log Closing Spring root WebApplicationContext
04-Mar-2024 09:50:11.024 INFO [localhost-startStop-3] org.apache.catalina.core.ApplicationContext.log SessionListener: contextDestroyed()
04-Mar-2024 09:50:11.024 INFO [localhost-startStop-3] org.apache.catalina.core.ApplicationContext.log ContextListener: contextDestroyed()
04-Mar-2024 10:30:52.073 INFO [localhost-startStop-1] org.apache.catalina.core.ApplicationContext.log No Spring WebApplicationInitializer types detected on classpath
04-Mar-2024 10:30:52.128 INFO [localhost-startStop-1] org.apache.catalina.core.ApplicationContext.log Initializing Spring root WebApplicationContext
04-Mar-2024 10:30:54.329 INFO [localhost-startStop-1] org.apache.catalina.core.ApplicationContext.log Initializing Spring FrameworkServlet 'action'
04-Mar-2024 10:30:55.664 INFO [localhost-startStop-1] org.apache.catalina.core.ApplicationContext.log ContextListener: contextInitialized()
04-Mar-2024 10:30:55.664 INFO [localhost-startStop-1] org.apache.catalina.core.ApplicationContext.log SessionListener: contextInitialized()
04-Mar-2024 10:30:55.665 INFO [localhost-startStop-1] org.apache.catalina.core.ApplicationContext.log ContextListener: attributeAdded('StockTicker', 'async.Stockticker@359b3f53')
04-Mar-2024 11:13:56.080 INFO [ContainerBackgroundProcessor[StandardEngine[Catalina]]] org.apache.catalina.core.ApplicationContext.log Destroying Spring FrameworkServlet 'action'
04-Mar-2024 11:13:56.085 INFO [ContainerBackgroundProcessor[StandardEngine[Catalina]]] org.apache.catalina.core.ApplicationContext.log Closing Spring root WebApplicationContext
04-Mar-2024 11:13:58.596 INFO [localhost-startStop-2] org.apache.catalina.core.ApplicationContext.log No Spring WebApplicationInitializer types detected on classpath
04-Mar-2024 11:13:58.639 INFO [localhost-startStop-2] org.apache.catalina.core.ApplicationContext.log Initializing Spring root WebApplicationContext
04-Mar-2024 11:14:00.385 INFO [localhost-startStop-2] org.apache.catalina.core.ApplicationContext.log Initializing Spring FrameworkServlet 'action'
04-Mar-2024 11:42:51.465 INFO [ContainerBackgroundProcessor[StandardEngine[Catalina]]] org.apache.catalina.core.ApplicationContext.log Destroying Spring FrameworkServlet 'action'
04-Mar-2024 11:42:51.469 INFO [ContainerBackgroundProcessor[StandardEngine[Catalina]]] org.apache.catalina.core.ApplicationContext.log Closing Spring root WebApplicationContext
04-Mar-2024 11:42:53.946 INFO [localhost-startStop-3] org.apache.catalina.core.ApplicationContext.log No Spring WebApplicationInitializer types detected on classpath
04-Mar-2024 11:42:53.986 INFO [localhost-startStop-3] org.apache.catalina.core.ApplicationContext.log Initializing Spring root WebApplicationContext
04-Mar-2024 11:42:55.495 INFO [localhost-startStop-3] org.apache.catalina.core.ApplicationContext.log Initializing Spring FrameworkServlet 'action'
04-Mar-2024 12:26:32.236 INFO [localhost-startStop-4] org.apache.catalina.core.ApplicationContext.log Destroying Spring FrameworkServlet 'action'
04-Mar-2024 12:26:32.240 INFO [localhost-startStop-4] org.apache.catalina.core.ApplicationContext.log Closing Spring root WebApplicationContext
04-Mar-2024 12:26:32.265 INFO [localhost-startStop-4] org.apache.catalina.core.ApplicationContext.log SessionListener: contextDestroyed()
04-Mar-2024 12:26:32.265 INFO [localhost-startStop-4] org.apache.catalina.core.ApplicationContext.log ContextListener: contextDestroyed()
04-Mar-2024 12:26:37.670 INFO [localhost-startStop-1] org.apache.catalina.core.ApplicationContext.log No Spring WebApplicationInitializer types detected on classpath
04-Mar-2024 12:26:37.788 INFO [localhost-startStop-1] org.apache.catalina.core.ApplicationContext.log Initializing Spring root WebApplicationContext
04-Mar-2024 12:26:39.861 INFO [localhost-startStop-1] org.apache.catalina.core.ApplicationContext.log Initializing Spring FrameworkServlet 'action'
04-Mar-2024 12:26:40.847 INFO [localhost-startStop-1] org.apache.catalina.core.ApplicationContext.log ContextListener: contextInitialized()
04-Mar-2024 12:26:40.847 INFO [localhost-startStop-1] org.apache.catalina.core.ApplicationContext.log SessionListener: contextInitialized()
04-Mar-2024 12:26:40.848 INFO [localhost-startStop-1] org.apache.catalina.core.ApplicationContext.log ContextListener: attributeAdded('StockTicker', 'async.Stockticker@76377977')
04-Mar-2024 12:28:29.588 INFO [localhost-startStop-2] org.apache.catalina.core.ApplicationContext.log Destroying Spring FrameworkServlet 'action'
04-Mar-2024 12:28:29.596 INFO [localhost-startStop-2] org.apache.catalina.core.ApplicationContext.log Closing Spring root WebApplicationContext
04-Mar-2024 12:28:29.625 INFO [localhost-startStop-2] org.apache.catalina.core.ApplicationContext.log SessionListener: contextDestroyed()
04-Mar-2024 12:28:29.626 INFO [localhost-startStop-2] org.apache.catalina.core.ApplicationContext.log ContextListener: contextDestroyed()
04-Mar-2024 12:28:34.086 INFO [localhost-startStop-1] org.apache.catalina.core.ApplicationContext.log No Spring WebApplicationInitializer types detected on classpath
04-Mar-2024 12:28:34.192 INFO [localhost-startStop-1] org.apache.catalina.core.ApplicationContext.log Initializing Spring root WebApplicationContext
04-Mar-2024 12:28:36.349 INFO [localhost-startStop-1] org.apache.catalina.core.ApplicationContext.log Initializing Spring FrameworkServlet 'action'
04-Mar-2024 12:28:37.348 INFO [localhost-startStop-1] org.apache.catalina.core.ApplicationContext.log ContextListener: contextInitialized()
04-Mar-2024 12:28:37.348 INFO [localhost-startStop-1] org.apache.catalina.core.ApplicationContext.log SessionListener: contextInitialized()
04-Mar-2024 12:28:37.349 INFO [localhost-startStop-1] org.apache.catalina.core.ApplicationContext.log ContextListener: attributeAdded('StockTicker', 'async.Stockticker@95cf13c')
04-Mar-2024 12:34:27.469 INFO [ContainerBackgroundProcessor[StandardEngine[Catalina]]] org.apache.catalina.core.ApplicationContext.log Destroying Spring FrameworkServlet 'action'
04-Mar-2024 12:34:27.476 INFO [ContainerBackgroundProcessor[StandardEngine[Catalina]]] org.apache.catalina.core.ApplicationContext.log Closing Spring root WebApplicationContext
04-Mar-2024 12:34:29.947 INFO [localhost-startStop-2] org.apache.catalina.core.ApplicationContext.log No Spring WebApplicationInitializer types detected on classpath
04-Mar-2024 12:34:30.004 INFO [localhost-startStop-2] org.apache.catalina.core.ApplicationContext.log Initializing Spring root WebApplicationContext
04-Mar-2024 12:34:31.856 INFO [localhost-startStop-2] org.apache.catalina.core.ApplicationContext.log Initializing Spring FrameworkServlet 'action'
04-Mar-2024 12:39:02.763 INFO [ContainerBackgroundProcessor[StandardEngine[Catalina]]] org.apache.catalina.core.ApplicationContext.log Destroying Spring FrameworkServlet 'action'
04-Mar-2024 12:39:02.767 INFO [ContainerBackgroundProcessor[StandardEngine[Catalina]]] org.apache.catalina.core.ApplicationContext.log Closing Spring root WebApplicationContext
04-Mar-2024 12:39:02.796 INFO [ContainerBackgroundProcessor[StandardEngine[Catalina]]] org.apache.catalina.core.ApplicationContext.log SessionListener: contextDestroyed()
04-Mar-2024 12:39:02.797 INFO [ContainerBackgroundProcessor[StandardEngine[Catalina]]] org.apache.catalina.core.ApplicationContext.log ContextListener: contextDestroyed()
04-Mar-2024 12:39:04.702 INFO [localhost-startStop-3] org.apache.catalina.core.ApplicationContext.log No Spring WebApplicationInitializer types detected on classpath
04-Mar-2024 12:39:04.741 INFO [localhost-startStop-3] org.apache.catalina.core.ApplicationContext.log Initializing Spring root WebApplicationContext
04-Mar-2024 12:39:06.441 INFO [localhost-startStop-3] org.apache.catalina.core.ApplicationContext.log Initializing Spring FrameworkServlet 'action'
04-Mar-2024 12:39:07.311 INFO [localhost-startStop-3] org.apache.catalina.core.ApplicationContext.log ContextListener: contextInitialized()
04-Mar-2024 12:39:07.311 INFO [localhost-startStop-3] org.apache.catalina.core.ApplicationContext.log SessionListener: contextInitialized()
04-Mar-2024 12:39:07.311 INFO [localhost-startStop-3] org.apache.catalina.core.ApplicationContext.log ContextListener: attributeAdded('StockTicker', 'async.Stockticker@72c49eda')
04-Mar-2024 12:39:10.915 INFO [localhost-startStop-3] org.apache.catalina.core.ApplicationContext.log Destroying Spring FrameworkServlet 'action'
04-Mar-2024 12:39:10.917 INFO [localhost-startStop-3] org.apache.catalina.core.ApplicationContext.log Closing Spring root WebApplicationContext
04-Mar-2024 12:39:10.926 INFO [localhost-startStop-3] org.apache.catalina.core.ApplicationContext.log SessionListener: contextDestroyed()
04-Mar-2024 12:39:10.926 INFO [localhost-startStop-3] org.apache.catalina.core.ApplicationContext.log ContextListener: contextDestroyed()
04-Mar-2024 12:39:17.374 INFO [localhost-startStop-1] org.apache.catalina.core.ApplicationContext.log No Spring WebApplicationInitializer types detected on classpath
04-Mar-2024 12:39:17.487 INFO [localhost-startStop-1] org.apache.catalina.core.ApplicationContext.log Initializing Spring root WebApplicationContext
04-Mar-2024 12:39:19.586 INFO [localhost-startStop-1] org.apache.catalina.core.ApplicationContext.log Initializing Spring FrameworkServlet 'action'
04-Mar-2024 12:39:20.603 INFO [localhost-startStop-1] org.apache.catalina.core.ApplicationContext.log ContextListener: contextInitialized()
04-Mar-2024 12:39:20.603 INFO [localhost-startStop-1] org.apache.catalina.core.ApplicationContext.log SessionListener: contextInitialized()
04-Mar-2024 12:39:20.604 INFO [localhost-startStop-1] org.apache.catalina.core.ApplicationContext.log ContextListener: attributeAdded('StockTicker', 'async.Stockticker@589fed50')
04-Mar-2024 12:58:20.831 INFO [ContainerBackgroundProcessor[StandardEngine[Catalina]]] org.apache.catalina.core.ApplicationContext.log Destroying Spring FrameworkServlet 'action'
04-Mar-2024 12:58:20.846 INFO [ContainerBackgroundProcessor[StandardEngine[Catalina]]] org.apache.catalina.core.ApplicationContext.log Closing Spring root WebApplicationContext
04-Mar-2024 12:58:23.389 INFO [localhost-startStop-2] org.apache.catalina.core.ApplicationContext.log No Spring WebApplicationInitializer types detected on classpath
04-Mar-2024 12:58:23.439 INFO [localhost-startStop-2] org.apache.catalina.core.ApplicationContext.log Initializing Spring root WebApplicationContext
04-Mar-2024 12:58:25.177 INFO [localhost-startStop-2] org.apache.catalina.core.ApplicationContext.log Initializing Spring FrameworkServlet 'action'
04-Mar-2024 12:58:49.455 INFO [localhost-startStop-3] org.apache.catalina.core.ApplicationContext.log Destroying Spring FrameworkServlet 'action'
04-Mar-2024 12:58:49.457 INFO [localhost-startStop-3] org.apache.catalina.core.ApplicationContext.log Closing Spring root WebApplicationContext
04-Mar-2024 12:58:49.480 INFO [localhost-startStop-3] org.apache.catalina.core.ApplicationContext.log SessionListener: contextDestroyed()
04-Mar-2024 12:58:49.480 INFO [localhost-startStop-3] org.apache.catalina.core.ApplicationContext.log ContextListener: contextDestroyed()
04-Mar-2024 12:58:54.615 INFO [localhost-startStop-1] org.apache.catalina.core.ApplicationContext.log No Spring WebApplicationInitializer types detected on classpath
04-Mar-2024 12:58:54.720 INFO [localhost-startStop-1] org.apache.catalina.core.ApplicationContext.log Initializing Spring root WebApplicationContext
04-Mar-2024 12:58:56.799 INFO [localhost-startStop-1] org.apache.catalina.core.ApplicationContext.log Initializing Spring FrameworkServlet 'action'
04-Mar-2024 12:58:57.779 INFO [localhost-startStop-1] org.apache.catalina.core.ApplicationContext.log ContextListener: contextInitialized()
04-Mar-2024 12:58:57.779 INFO [localhost-startStop-1] org.apache.catalina.core.ApplicationContext.log SessionListener: contextInitialized()
04-Mar-2024 12:58:57.780 INFO [localhost-startStop-1] org.apache.catalina.core.ApplicationContext.log ContextListener: attributeAdded('StockTicker', 'async.Stockticker@589fed50')
04-Mar-2024 13:06:47.914 INFO [ContainerBackgroundProcessor[StandardEngine[Catalina]]] org.apache.catalina.core.ApplicationContext.log Destroying Spring FrameworkServlet 'action'
04-Mar-2024 13:06:47.930 INFO [ContainerBackgroundProcessor[StandardEngine[Catalina]]] org.apache.catalina.core.ApplicationContext.log Closing Spring root WebApplicationContext
04-Mar-2024 13:06:50.484 INFO [localhost-startStop-2] org.apache.catalina.core.ApplicationContext.log No Spring WebApplicationInitializer types detected on classpath
04-Mar-2024 13:06:50.540 INFO [localhost-startStop-2] org.apache.catalina.core.ApplicationContext.log Initializing Spring root WebApplicationContext
04-Mar-2024 13:06:52.280 INFO [localhost-startStop-2] org.apache.catalina.core.ApplicationContext.log Initializing Spring FrameworkServlet 'action'
04-Mar-2024 13:09:13.134 INFO [ContainerBackgroundProcessor[StandardEngine[Catalina]]] org.apache.catalina.core.ApplicationContext.log Destroying Spring FrameworkServlet 'action'
04-Mar-2024 13:09:13.137 INFO [ContainerBackgroundProcessor[StandardEngine[Catalina]]] org.apache.catalina.core.ApplicationContext.log Closing Spring root WebApplicationContext
04-Mar-2024 13:09:15.517 INFO [localhost-startStop-3] org.apache.catalina.core.ApplicationContext.log No Spring WebApplicationInitializer types detected on classpath
04-Mar-2024 13:09:15.557 INFO [localhost-startStop-3] org.apache.catalina.core.ApplicationContext.log Initializing Spring root WebApplicationContext
04-Mar-2024 13:09:17.162 INFO [localhost-startStop-3] org.apache.catalina.core.ApplicationContext.log Initializing Spring FrameworkServlet 'action'
04-Mar-2024 13:15:33.346 INFO [localhost-startStop-4] org.apache.catalina.core.ApplicationContext.log Destroying Spring FrameworkServlet 'action'
04-Mar-2024 13:15:33.350 INFO [localhost-startStop-4] org.apache.catalina.core.ApplicationContext.log Closing Spring root WebApplicationContext
04-Mar-2024 13:15:33.375 INFO [localhost-startStop-4] org.apache.catalina.core.ApplicationContext.log SessionListener: contextDestroyed()
04-Mar-2024 13:15:33.375 INFO [localhost-startStop-4] org.apache.catalina.core.ApplicationContext.log ContextListener: contextDestroyed()
04-Mar-2024 13:15:40.219 INFO [localhost-startStop-1] org.apache.catalina.core.ApplicationContext.log No Spring WebApplicationInitializer types detected on classpath
04-Mar-2024 13:15:40.331 INFO [localhost-startStop-1] org.apache.catalina.core.ApplicationContext.log Initializing Spring root WebApplicationContext
04-Mar-2024 13:15:42.468 INFO [localhost-startStop-1] org.apache.catalina.core.ApplicationContext.log Initializing Spring FrameworkServlet 'action'
04-Mar-2024 13:15:43.517 INFO [localhost-startStop-1] org.apache.catalina.core.ApplicationContext.log ContextListener: contextInitialized()
04-Mar-2024 13:15:43.518 INFO [localhost-startStop-1] org.apache.catalina.core.ApplicationContext.log SessionListener: contextInitialized()
04-Mar-2024 13:15:43.518 INFO [localhost-startStop-1] org.apache.catalina.core.ApplicationContext.log ContextListener: attributeAdded('StockTicker', 'async.Stockticker@95cf13c')
04-Mar-2024 13:18:33.605 INFO [ContainerBackgroundProcessor[StandardEngine[Catalina]]] org.apache.catalina.core.ApplicationContext.log Destroying Spring FrameworkServlet 'action'
04-Mar-2024 13:18:33.611 INFO [ContainerBackgroundProcessor[StandardEngine[Catalina]]] org.apache.catalina.core.ApplicationContext.log Closing Spring root WebApplicationContext
04-Mar-2024 13:18:36.271 INFO [localhost-startStop-2] org.apache.catalina.core.ApplicationContext.log No Spring WebApplicationInitializer types detected on classpath
04-Mar-2024 13:18:36.320 INFO [localhost-startStop-2] org.apache.catalina.core.ApplicationContext.log Initializing Spring root WebApplicationContext
04-Mar-2024 13:18:38.175 INFO [localhost-startStop-2] org.apache.catalina.core.ApplicationContext.log Initializing Spring FrameworkServlet 'action'
04-Mar-2024 13:31:09.080 INFO [ContainerBackgroundProcessor[StandardEngine[Catalina]]] org.apache.catalina.core.ApplicationContext.log Destroying Spring FrameworkServlet 'action'
04-Mar-2024 13:31:09.083 INFO [ContainerBackgroundProcessor[StandardEngine[Catalina]]] org.apache.catalina.core.ApplicationContext.log Closing Spring root WebApplicationContext
04-Mar-2024 13:31:11.605 INFO [localhost-startStop-3] org.apache.catalina.core.ApplicationContext.log No Spring WebApplicationInitializer types detected on classpath
04-Mar-2024 13:31:11.646 INFO [localhost-startStop-3] org.apache.catalina.core.ApplicationContext.log Initializing Spring root WebApplicationContext
04-Mar-2024 13:31:13.145 INFO [localhost-startStop-3] org.apache.catalina.core.ApplicationContext.log Initializing Spring FrameworkServlet 'action'
04-Mar-2024 13:34:54.242 INFO [ContainerBackgroundProcessor[StandardEngine[Catalina]]] org.apache.catalina.core.ApplicationContext.log Destroying Spring FrameworkServlet 'action'
04-Mar-2024 13:34:54.246 INFO [ContainerBackgroundProcessor[StandardEngine[Catalina]]] org.apache.catalina.core.ApplicationContext.log Closing Spring root WebApplicationContext
04-Mar-2024 13:34:56.409 INFO [localhost-startStop-4] org.apache.catalina.core.ApplicationContext.log No Spring WebApplicationInitializer types detected on classpath
04-Mar-2024 13:34:56.447 INFO [localhost-startStop-4] org.apache.catalina.core.ApplicationContext.log Initializing Spring root WebApplicationContext
04-Mar-2024 13:34:58.055 INFO [localhost-startStop-4] org.apache.catalina.core.ApplicationContext.log Initializing Spring FrameworkServlet 'action'
04-Mar-2024 13:57:59.071 INFO [ContainerBackgroundProcessor[StandardEngine[Catalina]]] org.apache.catalina.core.ApplicationContext.log Destroying Spring FrameworkServlet 'action'
04-Mar-2024 13:57:59.075 INFO [ContainerBackgroundProcessor[StandardEngine[Catalina]]] org.apache.catalina.core.ApplicationContext.log Closing Spring root WebApplicationContext
04-Mar-2024 13:58:01.266 INFO [localhost-startStop-5] org.apache.catalina.core.ApplicationContext.log No Spring WebApplicationInitializer types detected on classpath
04-Mar-2024 13:58:01.311 INFO [localhost-startStop-5] org.apache.catalina.core.ApplicationContext.log Initializing Spring root WebApplicationContext
04-Mar-2024 13:58:02.984 INFO [localhost-startStop-5] org.apache.catalina.core.ApplicationContext.log Initializing Spring FrameworkServlet 'action'
