20240306 02:30:00.100 [scheduling-1] DEBUG j.sqltiming -  com.zaxxer.hikari.pool.ProxyPreparedStatement.execute(ProxyPreparedStatement.java:44)
1. /* *BATCH_LOG* */ select ID , 'Y' AS batch_yn from AUTO_CALL_CONDITION C where 1 = 1 and USE_YN 
= 'Y' and ACTIVE_STATUS = 1 and (START_DTM <= date_format('2024-03-06 02:30:00', '%Y-%m-%d') 
and END_DTM >= date_format('2024-03-06 02:30:00', '%Y-%m-%d')) and (WEEK_DAY LIKE CONCAT('%', 
dayofweek('2024-03-06 02:30:00'),'%')) and date_format(DISPATCH_TIME, '%H:%i') = CONCAT(date_format('2024-03-06 
02:30:00', '%H'), ':', date_format('2024-03-06 02:30:00', '%i') div 10, '0') 
 {executed in 7 msec} 
20240306 02:30:00.110 [scheduling-1] INFO j.resultsettable - 
|---|---------|
|id |batch_yn |
|---|---------|
|---|---------|
 
20240306 02:50:00.067 [scheduling-1] DEBUG j.sqltiming -  com.zaxxer.hikari.pool.ProxyPreparedStatement.execute(ProxyPreparedStatement.java:44)
1. /* *BATCH_LOG* */ select ID , 'Y' AS batch_yn from AUTO_CALL_CONDITION C where 1 = 1 and USE_YN 
= 'Y' and ACTIVE_STATUS = 1 and (START_DTM <= date_format('2024-03-06 02:50:00', '%Y-%m-%d') 
and END_DTM >= date_format('2024-03-06 02:50:00', '%Y-%m-%d')) and (WEEK_DAY LIKE CONCAT('%', 
dayofweek('2024-03-06 02:50:00'),'%')) and date_format(DISPATCH_TIME, '%H:%i') = CONCAT(date_format('2024-03-06 
02:50:00', '%H'), ':', date_format('2024-03-06 02:50:00', '%i') div 10, '0') 
 {executed in 9 msec} 
20240306 02:50:00.082 [scheduling-1] INFO j.resultsettable - 
|---|---------|
|id |batch_yn |
|---|---------|
|---|---------|
 
20240306 03:00:00.003 [scheduling-1] DEBUG j.sqltiming -  com.zaxxer.hikari.pool.ProxyPreparedStatement.execute(ProxyPreparedStatement.java:44)
1. /* *BATCH_LOG* */ select ID , 'Y' AS batch_yn from AUTO_CALL_CONDITION C where 1 = 1 and USE_YN 
= 'Y' and ACTIVE_STATUS = 1 and (START_DTM <= date_format('2024-03-06 03:00:00', '%Y-%m-%d') 
and END_DTM >= date_format('2024-03-06 03:00:00', '%Y-%m-%d')) and (WEEK_DAY LIKE CONCAT('%', 
dayofweek('2024-03-06 03:00:00'),'%')) and date_format(DISPATCH_TIME, '%H:%i') = CONCAT(date_format('2024-03-06 
03:00:00', '%H'), ':', date_format('2024-03-06 03:00:00', '%i') div 10, '0') 
 {executed in 1 msec} 
20240306 03:00:00.004 [scheduling-1] INFO j.resultsettable - 
|---|---------|
|id |batch_yn |
|---|---------|
|---|---------|
 
20240306 03:10:00.002 [scheduling-1] DEBUG j.sqltiming -  com.zaxxer.hikari.pool.ProxyPreparedStatement.execute(ProxyPreparedStatement.java:44)
1. /* *BATCH_LOG* */ select ID , 'Y' AS batch_yn from AUTO_CALL_CONDITION C where 1 = 1 and USE_YN 
= 'Y' and ACTIVE_STATUS = 1 and (START_DTM <= date_format('2024-03-06 03:10:00', '%Y-%m-%d') 
and END_DTM >= date_format('2024-03-06 03:10:00', '%Y-%m-%d')) and (WEEK_DAY LIKE CONCAT('%', 
dayofweek('2024-03-06 03:10:00'),'%')) and date_format(DISPATCH_TIME, '%H:%i') = CONCAT(date_format('2024-03-06 
03:10:00', '%H'), ':', date_format('2024-03-06 03:10:00', '%i') div 10, '0') 
 {executed in 1 msec} 
20240306 03:10:00.003 [scheduling-1] INFO j.resultsettable - 
|---|---------|
|id |batch_yn |
|---|---------|
|---|---------|
 
20240306 03:20:00.004 [scheduling-1] DEBUG j.sqltiming -  com.zaxxer.hikari.pool.ProxyPreparedStatement.execute(ProxyPreparedStatement.java:44)
11. /* *BATCH_LOG* */ select ID , 'Y' AS batch_yn from AUTO_CALL_CONDITION C where 1 = 1 and USE_YN 
= 'Y' and ACTIVE_STATUS = 1 and (START_DTM <= date_format('2024-03-06 03:20:00', '%Y-%m-%d') 
and END_DTM >= date_format('2024-03-06 03:20:00', '%Y-%m-%d')) and (WEEK_DAY LIKE CONCAT('%', 
dayofweek('2024-03-06 03:20:00'),'%')) and date_format(DISPATCH_TIME, '%H:%i') = CONCAT(date_format('2024-03-06 
03:20:00', '%H'), ':', date_format('2024-03-06 03:20:00', '%i') div 10, '0') 
 {executed in 1 msec} 
20240306 03:20:00.005 [scheduling-1] INFO j.resultsettable - 
|---|---------|
|id |batch_yn |
|---|---------|
|---|---------|
 
20240306 03:30:00.003 [scheduling-1] DEBUG j.sqltiming -  com.zaxxer.hikari.pool.ProxyPreparedStatement.execute(ProxyPreparedStatement.java:44)
11. /* *BATCH_LOG* */ select ID , 'Y' AS batch_yn from AUTO_CALL_CONDITION C where 1 = 1 and USE_YN 
= 'Y' and ACTIVE_STATUS = 1 and (START_DTM <= date_format('2024-03-06 03:30:00', '%Y-%m-%d') 
and END_DTM >= date_format('2024-03-06 03:30:00', '%Y-%m-%d')) and (WEEK_DAY LIKE CONCAT('%', 
dayofweek('2024-03-06 03:30:00'),'%')) and date_format(DISPATCH_TIME, '%H:%i') = CONCAT(date_format('2024-03-06 
03:30:00', '%H'), ':', date_format('2024-03-06 03:30:00', '%i') div 10, '0') 
 {executed in 1 msec} 
20240306 03:30:00.003 [scheduling-1] INFO j.resultsettable - 
|---|---------|
|id |batch_yn |
|---|---------|
|---|---------|
 
20240306 03:40:00.003 [scheduling-1] DEBUG j.sqltiming -  com.zaxxer.hikari.pool.ProxyPreparedStatement.execute(ProxyPreparedStatement.java:44)
11. /* *BATCH_LOG* */ select ID , 'Y' AS batch_yn from AUTO_CALL_CONDITION C where 1 = 1 and USE_YN 
= 'Y' and ACTIVE_STATUS = 1 and (START_DTM <= date_format('2024-03-06 03:40:00', '%Y-%m-%d') 
and END_DTM >= date_format('2024-03-06 03:40:00', '%Y-%m-%d')) and (WEEK_DAY LIKE CONCAT('%', 
dayofweek('2024-03-06 03:40:00'),'%')) and date_format(DISPATCH_TIME, '%H:%i') = CONCAT(date_format('2024-03-06 
03:40:00', '%H'), ':', date_format('2024-03-06 03:40:00', '%i') div 10, '0') 
 {executed in 1 msec} 
20240306 03:40:00.004 [scheduling-1] INFO j.resultsettable - 
|---|---------|
|id |batch_yn |
|---|---------|
|---|---------|
 
20240306 03:50:00.003 [scheduling-1] DEBUG j.sqltiming -  com.zaxxer.hikari.pool.ProxyPreparedStatement.execute(ProxyPreparedStatement.java:44)
21. /* *BATCH_LOG* */ select ID , 'Y' AS batch_yn from AUTO_CALL_CONDITION C where 1 = 1 and USE_YN 
= 'Y' and ACTIVE_STATUS = 1 and (START_DTM <= date_format('2024-03-06 03:50:00', '%Y-%m-%d') 
and END_DTM >= date_format('2024-03-06 03:50:00', '%Y-%m-%d')) and (WEEK_DAY LIKE CONCAT('%', 
dayofweek('2024-03-06 03:50:00'),'%')) and date_format(DISPATCH_TIME, '%H:%i') = CONCAT(date_format('2024-03-06 
03:50:00', '%H'), ':', date_format('2024-03-06 03:50:00', '%i') div 10, '0') 
 {executed in 1 msec} 
20240306 03:50:00.004 [scheduling-1] INFO j.resultsettable - 
|---|---------|
|id |batch_yn |
|---|---------|
|---|---------|
 
20240306 04:00:00.003 [scheduling-1] DEBUG j.sqltiming -  com.zaxxer.hikari.pool.ProxyPreparedStatement.execute(ProxyPreparedStatement.java:44)
21. /* *BATCH_LOG* */ select ID , 'Y' AS batch_yn from AUTO_CALL_CONDITION C where 1 = 1 and USE_YN 
= 'Y' and ACTIVE_STATUS = 1 and (START_DTM <= date_format('2024-03-06 04:00:00', '%Y-%m-%d') 
and END_DTM >= date_format('2024-03-06 04:00:00', '%Y-%m-%d')) and (WEEK_DAY LIKE CONCAT('%', 
dayofweek('2024-03-06 04:00:00'),'%')) and date_format(DISPATCH_TIME, '%H:%i') = CONCAT(date_format('2024-03-06 
04:00:00', '%H'), ':', date_format('2024-03-06 04:00:00', '%i') div 10, '0') 
 {executed in 0 msec} 
20240306 04:00:00.003 [scheduling-1] INFO j.resultsettable - 
|---|---------|
|id |batch_yn |
|---|---------|
|---|---------|
 
20240306 04:10:00.002 [scheduling-1] DEBUG j.sqltiming -  com.zaxxer.hikari.pool.ProxyPreparedStatement.execute(ProxyPreparedStatement.java:44)
21. /* *BATCH_LOG* */ select ID , 'Y' AS batch_yn from AUTO_CALL_CONDITION C where 1 = 1 and USE_YN 
= 'Y' and ACTIVE_STATUS = 1 and (START_DTM <= date_format('2024-03-06 04:10:00', '%Y-%m-%d') 
and END_DTM >= date_format('2024-03-06 04:10:00', '%Y-%m-%d')) and (WEEK_DAY LIKE CONCAT('%', 
dayofweek('2024-03-06 04:10:00'),'%')) and date_format(DISPATCH_TIME, '%H:%i') = CONCAT(date_format('2024-03-06 
04:10:00', '%H'), ':', date_format('2024-03-06 04:10:00', '%i') div 10, '0') 
 {executed in 1 msec} 
20240306 04:10:00.003 [scheduling-1] INFO j.resultsettable - 
|---|---------|
|id |batch_yn |
|---|---------|
|---|---------|
 
20240306 04:20:00.003 [scheduling-1] DEBUG j.sqltiming -  com.zaxxer.hikari.pool.ProxyPreparedStatement.execute(ProxyPreparedStatement.java:44)
31. /* *BATCH_LOG* */ select ID , 'Y' AS batch_yn from AUTO_CALL_CONDITION C where 1 = 1 and USE_YN 
= 'Y' and ACTIVE_STATUS = 1 and (START_DTM <= date_format('2024-03-06 04:20:00', '%Y-%m-%d') 
and END_DTM >= date_format('2024-03-06 04:20:00', '%Y-%m-%d')) and (WEEK_DAY LIKE CONCAT('%', 
dayofweek('2024-03-06 04:20:00'),'%')) and date_format(DISPATCH_TIME, '%H:%i') = CONCAT(date_format('2024-03-06 
04:20:00', '%H'), ':', date_format('2024-03-06 04:20:00', '%i') div 10, '0') 
 {executed in 0 msec} 
20240306 04:20:00.003 [scheduling-1] INFO j.resultsettable - 
|---|---------|
|id |batch_yn |
|---|---------|
|---|---------|
 
20240306 04:30:00.002 [scheduling-1] DEBUG j.sqltiming -  com.zaxxer.hikari.pool.ProxyPreparedStatement.execute(ProxyPreparedStatement.java:44)
31. /* *BATCH_LOG* */ select ID , 'Y' AS batch_yn from AUTO_CALL_CONDITION C where 1 = 1 and USE_YN 
= 'Y' and ACTIVE_STATUS = 1 and (START_DTM <= date_format('2024-03-06 04:30:00', '%Y-%m-%d') 
and END_DTM >= date_format('2024-03-06 04:30:00', '%Y-%m-%d')) and (WEEK_DAY LIKE CONCAT('%', 
dayofweek('2024-03-06 04:30:00'),'%')) and date_format(DISPATCH_TIME, '%H:%i') = CONCAT(date_format('2024-03-06 
04:30:00', '%H'), ':', date_format('2024-03-06 04:30:00', '%i') div 10, '0') 
 {executed in 1 msec} 
20240306 04:30:00.002 [scheduling-1] INFO j.resultsettable - 
|---|---------|
|id |batch_yn |
|---|---------|
|---|---------|
 
20240306 04:40:00.003 [scheduling-1] DEBUG j.sqltiming -  com.zaxxer.hikari.pool.ProxyPreparedStatement.execute(ProxyPreparedStatement.java:44)
31. /* *BATCH_LOG* */ select ID , 'Y' AS batch_yn from AUTO_CALL_CONDITION C where 1 = 1 and USE_YN 
= 'Y' and ACTIVE_STATUS = 1 and (START_DTM <= date_format('2024-03-06 04:40:00', '%Y-%m-%d') 
and END_DTM >= date_format('2024-03-06 04:40:00', '%Y-%m-%d')) and (WEEK_DAY LIKE CONCAT('%', 
dayofweek('2024-03-06 04:40:00'),'%')) and date_format(DISPATCH_TIME, '%H:%i') = CONCAT(date_format('2024-03-06 
04:40:00', '%H'), ':', date_format('2024-03-06 04:40:00', '%i') div 10, '0') 
 {executed in 1 msec} 
20240306 04:40:00.003 [scheduling-1] INFO j.resultsettable - 
|---|---------|
|id |batch_yn |
|---|---------|
|---|---------|
 
20240306 04:50:00.002 [scheduling-1] DEBUG j.sqltiming -  com.zaxxer.hikari.pool.ProxyPreparedStatement.execute(ProxyPreparedStatement.java:44)
41. /* *BATCH_LOG* */ select ID , 'Y' AS batch_yn from AUTO_CALL_CONDITION C where 1 = 1 and USE_YN 
= 'Y' and ACTIVE_STATUS = 1 and (START_DTM <= date_format('2024-03-06 04:50:00', '%Y-%m-%d') 
and END_DTM >= date_format('2024-03-06 04:50:00', '%Y-%m-%d')) and (WEEK_DAY LIKE CONCAT('%', 
dayofweek('2024-03-06 04:50:00'),'%')) and date_format(DISPATCH_TIME, '%H:%i') = CONCAT(date_format('2024-03-06 
04:50:00', '%H'), ':', date_format('2024-03-06 04:50:00', '%i') div 10, '0') 
 {executed in 1 msec} 
20240306 04:50:00.005 [scheduling-1] INFO j.resultsettable - 
|---|---------|
|id |batch_yn |
|---|---------|
|---|---------|
 
20240306 05:00:00.003 [scheduling-1] DEBUG j.sqltiming -  com.zaxxer.hikari.pool.ProxyPreparedStatement.execute(ProxyPreparedStatement.java:44)
41. /* *BATCH_LOG* */ select ID , 'Y' AS batch_yn from AUTO_CALL_CONDITION C where 1 = 1 and USE_YN 
= 'Y' and ACTIVE_STATUS = 1 and (START_DTM <= date_format('2024-03-06 05:00:00', '%Y-%m-%d') 
and END_DTM >= date_format('2024-03-06 05:00:00', '%Y-%m-%d')) and (WEEK_DAY LIKE CONCAT('%', 
dayofweek('2024-03-06 05:00:00'),'%')) and date_format(DISPATCH_TIME, '%H:%i') = CONCAT(date_format('2024-03-06 
05:00:00', '%H'), ':', date_format('2024-03-06 05:00:00', '%i') div 10, '0') 
 {executed in 0 msec} 
20240306 05:00:00.003 [scheduling-1] INFO j.resultsettable - 
|---|---------|
|id |batch_yn |
|---|---------|
|---|---------|
 
