04-Mar-2024 07:34:13.579 INFO [main] org.apache.catalina.startup.VersionLoggerListener.log Server version name:   Apache Tomcat/8.5.99
04-Mar-2024 07:34:13.581 INFO [main] org.apache.catalina.startup.VersionLoggerListener.log Server built:          Feb 14 2024 22:52:13 UTC
04-Mar-2024 07:34:13.581 INFO [main] org.apache.catalina.startup.VersionLoggerListener.log Server version number: 8.5.99.0
04-Mar-2024 07:34:13.581 INFO [main] org.apache.catalina.startup.VersionLoggerListener.log OS Name:               Linux
04-Mar-2024 07:34:13.581 INFO [main] org.apache.catalina.startup.VersionLoggerListener.log OS Version:            5.15.0-97-generic
04-Mar-2024 07:34:13.581 INFO [main] org.apache.catalina.startup.VersionLoggerListener.log Architecture:          amd64
04-Mar-2024 07:34:13.582 INFO [main] org.apache.catalina.startup.VersionLoggerListener.log Java Home:             /usr/lib/jvm/java-8-openjdk-amd64/jre
04-Mar-2024 07:34:13.582 INFO [main] org.apache.catalina.startup.VersionLoggerListener.log JVM Version:           1.8.0_392-8u392-ga-1~22.04-b08
04-Mar-2024 07:34:13.582 INFO [main] org.apache.catalina.startup.VersionLoggerListener.log JVM Vendor:            Private Build
04-Mar-2024 07:34:13.582 INFO [main] org.apache.catalina.startup.VersionLoggerListener.log CATALINA_BASE:         /home/minds/maum/fast/apache-tomcat-8.5.99
04-Mar-2024 07:34:13.582 INFO [main] org.apache.catalina.startup.VersionLoggerListener.log CATALINA_HOME:         /home/minds/maum/fast/apache-tomcat-8.5.99
04-Mar-2024 07:34:13.582 INFO [main] org.apache.catalina.startup.VersionLoggerListener.log Command line argument: -Djava.util.logging.config.file=/home/minds/maum/fast/apache-tomcat-8.5.99/conf/logging.properties
04-Mar-2024 07:34:13.582 INFO [main] org.apache.catalina.startup.VersionLoggerListener.log Command line argument: -Djava.util.logging.manager=org.apache.juli.ClassLoaderLogManager
04-Mar-2024 07:34:13.582 INFO [main] org.apache.catalina.startup.VersionLoggerListener.log Command line argument: -Djdk.tls.ephemeralDHKeySize=2048
04-Mar-2024 07:34:13.582 INFO [main] org.apache.catalina.startup.VersionLoggerListener.log Command line argument: -Djava.protocol.handler.pkgs=org.apache.catalina.webresources
04-Mar-2024 07:34:13.583 INFO [main] org.apache.catalina.startup.VersionLoggerListener.log Command line argument: -Dorg.apache.catalina.security.SecurityListener.UMASK=0027
04-Mar-2024 07:34:13.583 INFO [main] org.apache.catalina.startup.VersionLoggerListener.log Command line argument: -Dignore.endorsed.dirs=
04-Mar-2024 07:34:13.583 INFO [main] org.apache.catalina.startup.VersionLoggerListener.log Command line argument: -Dcatalina.base=/home/minds/maum/fast/apache-tomcat-8.5.99
04-Mar-2024 07:34:13.583 INFO [main] org.apache.catalina.startup.VersionLoggerListener.log Command line argument: -Dcatalina.home=/home/minds/maum/fast/apache-tomcat-8.5.99
04-Mar-2024 07:34:13.583 INFO [main] org.apache.catalina.startup.VersionLoggerListener.log Command line argument: -Djava.io.tmpdir=/home/minds/maum/fast/apache-tomcat-8.5.99/temp
04-Mar-2024 07:34:13.583 INFO [main] org.apache.catalina.core.AprLifecycleListener.lifecycleEvent The Apache Tomcat Native library which allows using OpenSSL was not found on the java.library.path: [/usr/java/packages/lib/amd64:/usr/lib/x86_64-linux-gnu/jni:/lib/x86_64-linux-gnu:/usr/lib/x86_64-linux-gnu:/usr/lib/jni:/lib:/usr/lib]
04-Mar-2024 07:34:13.657 INFO [main] org.apache.coyote.AbstractProtocol.init Initializing ProtocolHandler ["http-nio-8080"]
04-Mar-2024 07:34:13.668 SEVERE [main] org.apache.catalina.core.StandardService.initInternal Failed to initialize connector [Connector["http-nio-8080"]]
	org.apache.catalina.LifecycleException: Protocol handler initialization failed
		at org.apache.catalina.connector.Connector.initInternal(Connector.java:1075)
		at org.apache.catalina.util.LifecycleBase.init(LifecycleBase.java:127)
		at org.apache.catalina.core.StandardService.initInternal(StandardService.java:564)
		at org.apache.catalina.util.LifecycleBase.init(LifecycleBase.java:127)
		at org.apache.catalina.core.StandardServer.initInternal(StandardServer.java:861)
		at org.apache.catalina.util.LifecycleBase.init(LifecycleBase.java:127)
		at org.apache.catalina.startup.Catalina.load(Catalina.java:596)
		at org.apache.catalina.startup.Catalina.load(Catalina.java:619)
		at sun.reflect.NativeMethodAccessorImpl.invoke0(Native Method)
		at sun.reflect.NativeMethodAccessorImpl.invoke(NativeMethodAccessorImpl.java:62)
		at sun.reflect.DelegatingMethodAccessorImpl.invoke(DelegatingMethodAccessorImpl.java:43)
		at java.lang.reflect.Method.invoke(Method.java:498)
		at org.apache.catalina.startup.Bootstrap.load(Bootstrap.java:302)
		at org.apache.catalina.startup.Bootstrap.main(Bootstrap.java:475)
	Caused by: java.net.BindException: Address already in use
		at sun.nio.ch.Net.bind0(Native Method)
		at sun.nio.ch.Net.bind(Net.java:461)
		at sun.nio.ch.Net.bind(Net.java:453)
		at sun.nio.ch.ServerSocketChannelImpl.bind(ServerSocketChannelImpl.java:222)
		at sun.nio.ch.ServerSocketAdaptor.bind(ServerSocketAdaptor.java:85)
		at org.apache.tomcat.util.net.NioEndpoint.initServerSocket(NioEndpoint.java:226)
		at org.apache.tomcat.util.net.NioEndpoint.bind(NioEndpoint.java:202)
		at org.apache.tomcat.util.net.AbstractEndpoint.bindWithCleanup(AbstractEndpoint.java:1328)
		at org.apache.tomcat.util.net.AbstractEndpoint.init(AbstractEndpoint.java:1341)
		at org.apache.tomcat.util.net.AbstractJsseEndpoint.init(AbstractJsseEndpoint.java:235)
		at org.apache.coyote.AbstractProtocol.init(AbstractProtocol.java:695)
		at org.apache.coyote.http11.AbstractHttp11Protocol.init(AbstractHttp11Protocol.java:76)
		at org.apache.catalina.connector.Connector.initInternal(Connector.java:1073)
		... 13 more
04-Mar-2024 07:34:13.669 INFO [main] org.apache.catalina.startup.Catalina.load Initialization processed in 494 ms
04-Mar-2024 07:34:13.692 INFO [main] org.apache.catalina.core.StandardService.startInternal Starting service [Catalina]
04-Mar-2024 07:34:13.693 INFO [main] org.apache.catalina.core.StandardEngine.startInternal Starting Servlet engine: [Apache Tomcat/8.5.99]
04-Mar-2024 07:34:13.722 INFO [localhost-startStop-1] org.apache.catalina.startup.HostConfig.deployWAR Deploying web application archive [/home/minds/maum/fast/apache-tomcat-8.5.99/webapps/ROOT.war]
04-Mar-2024 07:34:14.625 WARNING [localhost-startStop-1] org.apache.tomcat.util.descriptor.web.WebXml.setVersion Unknown version string [4.0]. Default version will be used.
04-Mar-2024 07:34:14.633 WARNING [localhost-startStop-1] org.apache.tomcat.util.descriptor.web.WebXml.setVersion Unknown version string [4.0]. Default version will be used.
04-Mar-2024 07:34:17.399 INFO [localhost-startStop-1] org.apache.jasper.servlet.TldScanner.scanJars At least one JAR was scanned for TLDs yet contained no TLDs. Enable debug logging for this logger for a complete list of JARs that were scanned but no TLDs were found in them. Skipping unneeded JARs during scanning can improve startup time and JSP compilation time.
04-Mar-2024 07:34:24.041 INFO [localhost-startStop-1] org.apache.catalina.startup.HostConfig.deployWAR Deployment of web application archive [/home/minds/maum/fast/apache-tomcat-8.5.99/webapps/ROOT.war] has finished in [10,318] ms
04-Mar-2024 07:34:24.042 INFO [localhost-startStop-1] org.apache.catalina.startup.HostConfig.deployDirectory Deploying web application directory [/home/minds/maum/fast/apache-tomcat-8.5.99/webapps/examples]
04-Mar-2024 07:34:24.133 INFO [localhost-startStop-1] org.apache.catalina.startup.HostConfig.deployDirectory Deployment of web application directory [/home/minds/maum/fast/apache-tomcat-8.5.99/webapps/examples] has finished in [91] ms
04-Mar-2024 07:34:24.133 INFO [localhost-startStop-1] org.apache.catalina.startup.HostConfig.deployDirectory Deploying web application directory [/home/minds/maum/fast/apache-tomcat-8.5.99/webapps/manager]
04-Mar-2024 07:34:24.149 INFO [localhost-startStop-1] org.apache.catalina.startup.HostConfig.deployDirectory Deployment of web application directory [/home/minds/maum/fast/apache-tomcat-8.5.99/webapps/manager] has finished in [16] ms
04-Mar-2024 07:34:24.149 INFO [localhost-startStop-1] org.apache.catalina.startup.HostConfig.deployDirectory Deploying web application directory [/home/minds/maum/fast/apache-tomcat-8.5.99/webapps/host-manager]
04-Mar-2024 07:34:24.160 INFO [localhost-startStop-1] org.apache.catalina.startup.HostConfig.deployDirectory Deployment of web application directory [/home/minds/maum/fast/apache-tomcat-8.5.99/webapps/host-manager] has finished in [11] ms
04-Mar-2024 07:34:24.161 INFO [localhost-startStop-1] org.apache.catalina.startup.HostConfig.deployDirectory Deploying web application directory [/home/minds/maum/fast/apache-tomcat-8.5.99/webapps/docs]
04-Mar-2024 07:34:24.170 INFO [localhost-startStop-1] org.apache.catalina.startup.HostConfig.deployDirectory Deployment of web application directory [/home/minds/maum/fast/apache-tomcat-8.5.99/webapps/docs] has finished in [9] ms
04-Mar-2024 07:34:24.175 INFO [main] org.apache.catalina.startup.Catalina.start Server startup in 10506 ms
04-Mar-2024 07:47:25.770 INFO [main] org.apache.catalina.core.StandardServer.await A valid shutdown command was received via the shutdown port. Stopping the Server instance.
04-Mar-2024 07:47:25.770 INFO [main] org.apache.coyote.AbstractProtocol.pause Pausing ProtocolHandler ["http-nio-8080"]
04-Mar-2024 07:47:25.771 INFO [main] org.apache.catalina.core.StandardService.stopInternal Stopping service [Catalina]
04-Mar-2024 07:47:25.829 WARNING [localhost-startStop-2] org.apache.catalina.loader.WebappClassLoaderBase.clearReferencesJdbc The web application [ROOT] registered the JDBC driver [net.sf.log4jdbc.sql.jdbcapi.DriverSpy] but failed to unregister it when the web application was stopped. To prevent a memory leak, the JDBC Driver has been forcibly unregistered.
04-Mar-2024 07:47:25.829 WARNING [localhost-startStop-2] org.apache.catalina.loader.WebappClassLoaderBase.clearReferencesJdbc The web application [ROOT] registered the JDBC driver [com.microsoft.sqlserver.jdbc.SQLServerDriver] but failed to unregister it when the web application was stopped. To prevent a memory leak, the JDBC Driver has been forcibly unregistered.
04-Mar-2024 07:47:25.829 WARNING [localhost-startStop-2] org.apache.catalina.loader.WebappClassLoaderBase.clearReferencesJdbc The web application [ROOT] registered the JDBC driver [com.mysql.cj.jdbc.Driver] but failed to unregister it when the web application was stopped. To prevent a memory leak, the JDBC Driver has been forcibly unregistered.
04-Mar-2024 07:47:25.830 WARNING [localhost-startStop-2] org.apache.catalina.loader.WebappClassLoaderBase.clearReferencesThreads The web application [ROOT] appears to have started a thread named [mysql-cj-abandoned-connection-cleanup] but has failed to stop it. This is very likely to create a memory leak. Stack trace of thread:
 java.lang.Object.wait(Native Method)
 java.lang.ref.ReferenceQueue.remove(ReferenceQueue.java:144)
 com.mysql.cj.jdbc.AbandonedConnectionCleanupThread.run(AbandonedConnectionCleanupThread.java:85)
 java.util.concurrent.ThreadPoolExecutor.runWorker(ThreadPoolExecutor.java:1149)
 java.util.concurrent.ThreadPoolExecutor$Worker.run(ThreadPoolExecutor.java:624)
 java.lang.Thread.run(Thread.java:750)
04-Mar-2024 07:47:25.862 INFO [main] org.apache.coyote.AbstractProtocol.stop Stopping ProtocolHandler ["http-nio-8080"]
04-Mar-2024 07:47:25.864 INFO [main] org.apache.coyote.AbstractProtocol.destroy Destroying ProtocolHandler ["http-nio-8080"]
04-Mar-2024 07:47:29.092 INFO [main] org.apache.catalina.startup.VersionLoggerListener.log Server version name:   Apache Tomcat/8.5.99
04-Mar-2024 07:47:29.094 INFO [main] org.apache.catalina.startup.VersionLoggerListener.log Server built:          Feb 14 2024 22:52:13 UTC
04-Mar-2024 07:47:29.094 INFO [main] org.apache.catalina.startup.VersionLoggerListener.log Server version number: 8.5.99.0
04-Mar-2024 07:47:29.094 INFO [main] org.apache.catalina.startup.VersionLoggerListener.log OS Name:               Linux
04-Mar-2024 07:47:29.094 INFO [main] org.apache.catalina.startup.VersionLoggerListener.log OS Version:            5.15.0-97-generic
04-Mar-2024 07:47:29.094 INFO [main] org.apache.catalina.startup.VersionLoggerListener.log Architecture:          amd64
04-Mar-2024 07:47:29.094 INFO [main] org.apache.catalina.startup.VersionLoggerListener.log Java Home:             /usr/lib/jvm/java-8-openjdk-amd64/jre
04-Mar-2024 07:47:29.094 INFO [main] org.apache.catalina.startup.VersionLoggerListener.log JVM Version:           1.8.0_392-8u392-ga-1~22.04-b08
04-Mar-2024 07:47:29.094 INFO [main] org.apache.catalina.startup.VersionLoggerListener.log JVM Vendor:            Private Build
04-Mar-2024 07:47:29.094 INFO [main] org.apache.catalina.startup.VersionLoggerListener.log CATALINA_BASE:         /home/minds/maum/fast/apache-tomcat-8.5.99
04-Mar-2024 07:47:29.094 INFO [main] org.apache.catalina.startup.VersionLoggerListener.log CATALINA_HOME:         /home/minds/maum/fast/apache-tomcat-8.5.99
04-Mar-2024 07:47:29.095 INFO [main] org.apache.catalina.startup.VersionLoggerListener.log Command line argument: -Djava.util.logging.config.file=/home/minds/maum/fast/apache-tomcat-8.5.99/conf/logging.properties
04-Mar-2024 07:47:29.095 INFO [main] org.apache.catalina.startup.VersionLoggerListener.log Command line argument: -Djava.util.logging.manager=org.apache.juli.ClassLoaderLogManager
04-Mar-2024 07:47:29.095 INFO [main] org.apache.catalina.startup.VersionLoggerListener.log Command line argument: -Djdk.tls.ephemeralDHKeySize=2048
04-Mar-2024 07:47:29.095 INFO [main] org.apache.catalina.startup.VersionLoggerListener.log Command line argument: -Djava.protocol.handler.pkgs=org.apache.catalina.webresources
04-Mar-2024 07:47:29.095 INFO [main] org.apache.catalina.startup.VersionLoggerListener.log Command line argument: -Dorg.apache.catalina.security.SecurityListener.UMASK=0027
04-Mar-2024 07:47:29.095 INFO [main] org.apache.catalina.startup.VersionLoggerListener.log Command line argument: -Dignore.endorsed.dirs=
04-Mar-2024 07:47:29.095 INFO [main] org.apache.catalina.startup.VersionLoggerListener.log Command line argument: -Dcatalina.base=/home/minds/maum/fast/apache-tomcat-8.5.99
04-Mar-2024 07:47:29.095 INFO [main] org.apache.catalina.startup.VersionLoggerListener.log Command line argument: -Dcatalina.home=/home/minds/maum/fast/apache-tomcat-8.5.99
04-Mar-2024 07:47:29.095 INFO [main] org.apache.catalina.startup.VersionLoggerListener.log Command line argument: -Djava.io.tmpdir=/home/minds/maum/fast/apache-tomcat-8.5.99/temp
04-Mar-2024 07:47:29.095 INFO [main] org.apache.catalina.core.AprLifecycleListener.lifecycleEvent The Apache Tomcat Native library which allows using OpenSSL was not found on the java.library.path: [/usr/java/packages/lib/amd64:/usr/lib/x86_64-linux-gnu/jni:/lib/x86_64-linux-gnu:/usr/lib/x86_64-linux-gnu:/usr/lib/jni:/lib:/usr/lib]
04-Mar-2024 07:47:29.155 INFO [main] org.apache.coyote.AbstractProtocol.init Initializing ProtocolHandler ["http-nio-18080"]
04-Mar-2024 07:47:29.171 INFO [main] org.apache.catalina.startup.Catalina.load Initialization processed in 416 ms
04-Mar-2024 07:47:29.222 INFO [main] org.apache.catalina.core.StandardService.startInternal Starting service [Catalina]
04-Mar-2024 07:47:29.222 INFO [main] org.apache.catalina.core.StandardEngine.startInternal Starting Servlet engine: [Apache Tomcat/8.5.99]
04-Mar-2024 07:47:29.245 INFO [localhost-startStop-1] org.apache.catalina.startup.HostConfig.deployWAR Deploying web application archive [/home/minds/maum/fast/apache-tomcat-8.5.99/webapps/ROOT.war]
04-Mar-2024 07:47:29.450 WARNING [localhost-startStop-1] org.apache.tomcat.util.descriptor.web.WebXml.setVersion Unknown version string [4.0]. Default version will be used.
04-Mar-2024 07:47:29.457 WARNING [localhost-startStop-1] org.apache.tomcat.util.descriptor.web.WebXml.setVersion Unknown version string [4.0]. Default version will be used.
04-Mar-2024 07:47:32.149 INFO [localhost-startStop-1] org.apache.jasper.servlet.TldScanner.scanJars At least one JAR was scanned for TLDs yet contained no TLDs. Enable debug logging for this logger for a complete list of JARs that were scanned but no TLDs were found in them. Skipping unneeded JARs during scanning can improve startup time and JSP compilation time.
04-Mar-2024 07:47:38.745 INFO [localhost-startStop-1] org.apache.catalina.startup.HostConfig.deployWAR Deployment of web application archive [/home/minds/maum/fast/apache-tomcat-8.5.99/webapps/ROOT.war] has finished in [9,499] ms
04-Mar-2024 07:47:38.746 INFO [localhost-startStop-1] org.apache.catalina.startup.HostConfig.deployDirectory Deploying web application directory [/home/minds/maum/fast/apache-tomcat-8.5.99/webapps/examples]
04-Mar-2024 07:47:38.832 INFO [localhost-startStop-1] org.apache.catalina.startup.HostConfig.deployDirectory Deployment of web application directory [/home/minds/maum/fast/apache-tomcat-8.5.99/webapps/examples] has finished in [86] ms
04-Mar-2024 07:47:38.833 INFO [localhost-startStop-1] org.apache.catalina.startup.HostConfig.deployDirectory Deploying web application directory [/home/minds/maum/fast/apache-tomcat-8.5.99/webapps/manager]
04-Mar-2024 07:47:38.850 INFO [localhost-startStop-1] org.apache.catalina.startup.HostConfig.deployDirectory Deployment of web application directory [/home/minds/maum/fast/apache-tomcat-8.5.99/webapps/manager] has finished in [17] ms
04-Mar-2024 07:47:38.851 INFO [localhost-startStop-1] org.apache.catalina.startup.HostConfig.deployDirectory Deploying web application directory [/home/minds/maum/fast/apache-tomcat-8.5.99/webapps/host-manager]
04-Mar-2024 07:47:38.862 INFO [localhost-startStop-1] org.apache.catalina.startup.HostConfig.deployDirectory Deployment of web application directory [/home/minds/maum/fast/apache-tomcat-8.5.99/webapps/host-manager] has finished in [11] ms
04-Mar-2024 07:47:38.862 INFO [localhost-startStop-1] org.apache.catalina.startup.HostConfig.deployDirectory Deploying web application directory [/home/minds/maum/fast/apache-tomcat-8.5.99/webapps/docs]
04-Mar-2024 07:47:38.870 INFO [localhost-startStop-1] org.apache.catalina.startup.HostConfig.deployDirectory Deployment of web application directory [/home/minds/maum/fast/apache-tomcat-8.5.99/webapps/docs] has finished in [8] ms
04-Mar-2024 07:47:38.874 INFO [main] org.apache.coyote.AbstractProtocol.start Starting ProtocolHandler ["http-nio-18080"]
04-Mar-2024 07:47:38.889 INFO [main] org.apache.catalina.startup.Catalina.start Server startup in 9718 ms
04-Mar-2024 08:00:19.581 INFO [main] org.apache.catalina.core.StandardServer.await A valid shutdown command was received via the shutdown port. Stopping the Server instance.
04-Mar-2024 08:00:19.582 INFO [main] org.apache.coyote.AbstractProtocol.pause Pausing ProtocolHandler ["http-nio-18080"]
04-Mar-2024 08:00:19.584 INFO [main] org.apache.catalina.core.StandardService.stopInternal Stopping service [Catalina]
04-Mar-2024 08:00:19.645 WARNING [localhost-startStop-2] org.apache.catalina.loader.WebappClassLoaderBase.clearReferencesJdbc The web application [ROOT] registered the JDBC driver [net.sf.log4jdbc.sql.jdbcapi.DriverSpy] but failed to unregister it when the web application was stopped. To prevent a memory leak, the JDBC Driver has been forcibly unregistered.
04-Mar-2024 08:00:19.645 WARNING [localhost-startStop-2] org.apache.catalina.loader.WebappClassLoaderBase.clearReferencesJdbc The web application [ROOT] registered the JDBC driver [com.microsoft.sqlserver.jdbc.SQLServerDriver] but failed to unregister it when the web application was stopped. To prevent a memory leak, the JDBC Driver has been forcibly unregistered.
04-Mar-2024 08:00:19.645 WARNING [localhost-startStop-2] org.apache.catalina.loader.WebappClassLoaderBase.clearReferencesJdbc The web application [ROOT] registered the JDBC driver [com.mysql.cj.jdbc.Driver] but failed to unregister it when the web application was stopped. To prevent a memory leak, the JDBC Driver has been forcibly unregistered.
04-Mar-2024 08:00:19.646 WARNING [localhost-startStop-2] org.apache.catalina.loader.WebappClassLoaderBase.clearReferencesThreads The web application [ROOT] appears to have started a thread named [mysql-cj-abandoned-connection-cleanup] but has failed to stop it. This is very likely to create a memory leak. Stack trace of thread:
 java.lang.Object.wait(Native Method)
 java.lang.ref.ReferenceQueue.remove(ReferenceQueue.java:144)
 com.mysql.cj.jdbc.AbandonedConnectionCleanupThread.run(AbandonedConnectionCleanupThread.java:85)
 java.util.concurrent.ThreadPoolExecutor.runWorker(ThreadPoolExecutor.java:1149)
 java.util.concurrent.ThreadPoolExecutor$Worker.run(ThreadPoolExecutor.java:624)
 java.lang.Thread.run(Thread.java:750)
04-Mar-2024 08:00:19.687 INFO [main] org.apache.coyote.AbstractProtocol.stop Stopping ProtocolHandler ["http-nio-18080"]
04-Mar-2024 08:00:19.700 INFO [main] org.apache.coyote.AbstractProtocol.destroy Destroying ProtocolHandler ["http-nio-18080"]
04-Mar-2024 08:00:22.571 INFO [main] org.apache.catalina.startup.VersionLoggerListener.log Server version name:   Apache Tomcat/8.5.99
04-Mar-2024 08:00:22.573 INFO [main] org.apache.catalina.startup.VersionLoggerListener.log Server built:          Feb 14 2024 22:52:13 UTC
04-Mar-2024 08:00:22.573 INFO [main] org.apache.catalina.startup.VersionLoggerListener.log Server version number: 8.5.99.0
04-Mar-2024 08:00:22.573 INFO [main] org.apache.catalina.startup.VersionLoggerListener.log OS Name:               Linux
04-Mar-2024 08:00:22.573 INFO [main] org.apache.catalina.startup.VersionLoggerListener.log OS Version:            5.15.0-97-generic
04-Mar-2024 08:00:22.574 INFO [main] org.apache.catalina.startup.VersionLoggerListener.log Architecture:          amd64
04-Mar-2024 08:00:22.574 INFO [main] org.apache.catalina.startup.VersionLoggerListener.log Java Home:             /usr/lib/jvm/java-8-openjdk-amd64/jre
04-Mar-2024 08:00:22.574 INFO [main] org.apache.catalina.startup.VersionLoggerListener.log JVM Version:           1.8.0_392-8u392-ga-1~22.04-b08
04-Mar-2024 08:00:22.574 INFO [main] org.apache.catalina.startup.VersionLoggerListener.log JVM Vendor:            Private Build
04-Mar-2024 08:00:22.574 INFO [main] org.apache.catalina.startup.VersionLoggerListener.log CATALINA_BASE:         /home/minds/maum/fast/apache-tomcat-8.5.99
04-Mar-2024 08:00:22.574 INFO [main] org.apache.catalina.startup.VersionLoggerListener.log CATALINA_HOME:         /home/minds/maum/fast/apache-tomcat-8.5.99
04-Mar-2024 08:00:22.574 INFO [main] org.apache.catalina.startup.VersionLoggerListener.log Command line argument: -Djava.util.logging.config.file=/home/minds/maum/fast/apache-tomcat-8.5.99/conf/logging.properties
04-Mar-2024 08:00:22.574 INFO [main] org.apache.catalina.startup.VersionLoggerListener.log Command line argument: -Djava.util.logging.manager=org.apache.juli.ClassLoaderLogManager
04-Mar-2024 08:00:22.574 INFO [main] org.apache.catalina.startup.VersionLoggerListener.log Command line argument: -Djdk.tls.ephemeralDHKeySize=2048
04-Mar-2024 08:00:22.575 INFO [main] org.apache.catalina.startup.VersionLoggerListener.log Command line argument: -Djava.protocol.handler.pkgs=org.apache.catalina.webresources
04-Mar-2024 08:00:22.575 INFO [main] org.apache.catalina.startup.VersionLoggerListener.log Command line argument: -Dorg.apache.catalina.security.SecurityListener.UMASK=0027
04-Mar-2024 08:00:22.575 INFO [main] org.apache.catalina.startup.VersionLoggerListener.log Command line argument: -Dignore.endorsed.dirs=
04-Mar-2024 08:00:22.575 INFO [main] org.apache.catalina.startup.VersionLoggerListener.log Command line argument: -Dcatalina.base=/home/minds/maum/fast/apache-tomcat-8.5.99
04-Mar-2024 08:00:22.575 INFO [main] org.apache.catalina.startup.VersionLoggerListener.log Command line argument: -Dcatalina.home=/home/minds/maum/fast/apache-tomcat-8.5.99
04-Mar-2024 08:00:22.575 INFO [main] org.apache.catalina.startup.VersionLoggerListener.log Command line argument: -Djava.io.tmpdir=/home/minds/maum/fast/apache-tomcat-8.5.99/temp
04-Mar-2024 08:00:22.575 INFO [main] org.apache.catalina.core.AprLifecycleListener.lifecycleEvent The Apache Tomcat Native library which allows using OpenSSL was not found on the java.library.path: [/usr/java/packages/lib/amd64:/usr/lib/x86_64-linux-gnu/jni:/lib/x86_64-linux-gnu:/usr/lib/x86_64-linux-gnu:/usr/lib/jni:/lib:/usr/lib]
04-Mar-2024 08:00:22.637 INFO [main] org.apache.coyote.AbstractProtocol.init Initializing ProtocolHandler ["http-nio-18080"]
04-Mar-2024 08:00:22.653 INFO [main] org.apache.catalina.startup.Catalina.load Initialization processed in 440 ms
04-Mar-2024 08:00:22.706 INFO [main] org.apache.catalina.core.StandardService.startInternal Starting service [Catalina]
04-Mar-2024 08:00:22.706 INFO [main] org.apache.catalina.core.StandardEngine.startInternal Starting Servlet engine: [Apache Tomcat/8.5.99]
04-Mar-2024 08:00:22.733 INFO [localhost-startStop-1] org.apache.catalina.startup.HostConfig.deployWAR Deploying web application archive [/home/minds/maum/fast/apache-tomcat-8.5.99/webapps/ROOT.war]
04-Mar-2024 08:00:22.958 WARNING [localhost-startStop-1] org.apache.tomcat.util.descriptor.web.WebXml.setVersion Unknown version string [4.0]. Default version will be used.
04-Mar-2024 08:00:22.965 WARNING [localhost-startStop-1] org.apache.tomcat.util.descriptor.web.WebXml.setVersion Unknown version string [4.0]. Default version will be used.
04-Mar-2024 08:00:25.695 INFO [localhost-startStop-1] org.apache.jasper.servlet.TldScanner.scanJars At least one JAR was scanned for TLDs yet contained no TLDs. Enable debug logging for this logger for a complete list of JARs that were scanned but no TLDs were found in them. Skipping unneeded JARs during scanning can improve startup time and JSP compilation time.
04-Mar-2024 08:00:32.171 INFO [localhost-startStop-1] org.apache.catalina.startup.HostConfig.deployWAR Deployment of web application archive [/home/minds/maum/fast/apache-tomcat-8.5.99/webapps/ROOT.war] has finished in [9,437] ms
04-Mar-2024 08:00:32.172 INFO [localhost-startStop-1] org.apache.catalina.startup.HostConfig.deployDirectory Deploying web application directory [/home/minds/maum/fast/apache-tomcat-8.5.99/webapps/examples]
04-Mar-2024 08:00:32.266 INFO [localhost-startStop-1] org.apache.catalina.startup.HostConfig.deployDirectory Deployment of web application directory [/home/minds/maum/fast/apache-tomcat-8.5.99/webapps/examples] has finished in [94] ms
04-Mar-2024 08:00:32.266 INFO [localhost-startStop-1] org.apache.catalina.startup.HostConfig.deployDirectory Deploying web application directory [/home/minds/maum/fast/apache-tomcat-8.5.99/webapps/manager]
04-Mar-2024 08:00:32.282 INFO [localhost-startStop-1] org.apache.catalina.startup.HostConfig.deployDirectory Deployment of web application directory [/home/minds/maum/fast/apache-tomcat-8.5.99/webapps/manager] has finished in [16] ms
04-Mar-2024 08:00:32.282 INFO [localhost-startStop-1] org.apache.catalina.startup.HostConfig.deployDirectory Deploying web application directory [/home/minds/maum/fast/apache-tomcat-8.5.99/webapps/host-manager]
04-Mar-2024 08:00:32.294 INFO [localhost-startStop-1] org.apache.catalina.startup.HostConfig.deployDirectory Deployment of web application directory [/home/minds/maum/fast/apache-tomcat-8.5.99/webapps/host-manager] has finished in [12] ms
04-Mar-2024 08:00:32.294 INFO [localhost-startStop-1] org.apache.catalina.startup.HostConfig.deployDirectory Deploying web application directory [/home/minds/maum/fast/apache-tomcat-8.5.99/webapps/docs]
04-Mar-2024 08:00:32.304 INFO [localhost-startStop-1] org.apache.catalina.startup.HostConfig.deployDirectory Deployment of web application directory [/home/minds/maum/fast/apache-tomcat-8.5.99/webapps/docs] has finished in [10] ms
04-Mar-2024 08:00:32.309 INFO [main] org.apache.coyote.AbstractProtocol.start Starting ProtocolHandler ["http-nio-18080"]
04-Mar-2024 08:00:32.320 INFO [main] org.apache.catalina.startup.Catalina.start Server startup in 9667 ms
04-Mar-2024 08:02:27.947 INFO [main] org.apache.catalina.core.StandardServer.await A valid shutdown command was received via the shutdown port. Stopping the Server instance.
04-Mar-2024 08:02:27.948 INFO [main] org.apache.coyote.AbstractProtocol.pause Pausing ProtocolHandler ["http-nio-18080"]
04-Mar-2024 08:02:27.950 INFO [main] org.apache.catalina.core.StandardService.stopInternal Stopping service [Catalina]
04-Mar-2024 08:02:28.015 WARNING [localhost-startStop-2] org.apache.catalina.loader.WebappClassLoaderBase.clearReferencesJdbc The web application [ROOT] registered the JDBC driver [net.sf.log4jdbc.sql.jdbcapi.DriverSpy] but failed to unregister it when the web application was stopped. To prevent a memory leak, the JDBC Driver has been forcibly unregistered.
04-Mar-2024 08:02:28.016 WARNING [localhost-startStop-2] org.apache.catalina.loader.WebappClassLoaderBase.clearReferencesJdbc The web application [ROOT] registered the JDBC driver [com.microsoft.sqlserver.jdbc.SQLServerDriver] but failed to unregister it when the web application was stopped. To prevent a memory leak, the JDBC Driver has been forcibly unregistered.
04-Mar-2024 08:02:28.016 WARNING [localhost-startStop-2] org.apache.catalina.loader.WebappClassLoaderBase.clearReferencesJdbc The web application [ROOT] registered the JDBC driver [com.mysql.cj.jdbc.Driver] but failed to unregister it when the web application was stopped. To prevent a memory leak, the JDBC Driver has been forcibly unregistered.
04-Mar-2024 08:02:28.017 WARNING [localhost-startStop-2] org.apache.catalina.loader.WebappClassLoaderBase.clearReferencesThreads The web application [ROOT] appears to have started a thread named [mysql-cj-abandoned-connection-cleanup] but has failed to stop it. This is very likely to create a memory leak. Stack trace of thread:
 java.lang.Object.wait(Native Method)
 java.lang.ref.ReferenceQueue.remove(ReferenceQueue.java:144)
 com.mysql.cj.jdbc.AbandonedConnectionCleanupThread.run(AbandonedConnectionCleanupThread.java:85)
 java.util.concurrent.ThreadPoolExecutor.runWorker(ThreadPoolExecutor.java:1149)
 java.util.concurrent.ThreadPoolExecutor$Worker.run(ThreadPoolExecutor.java:624)
 java.lang.Thread.run(Thread.java:750)
04-Mar-2024 08:02:28.022 INFO [mysql-cj-abandoned-connection-cleanup] org.apache.catalina.loader.WebappClassLoaderBase.checkStateForResourceLoading Illegal access: this web application instance has been stopped already. Could not load []. The following stack trace is thrown for debugging purposes as well as to attempt to terminate the thread which caused the illegal access.
	java.lang.IllegalStateException: Illegal access: this web application instance has been stopped already. Could not load []. The following stack trace is thrown for debugging purposes as well as to attempt to terminate the thread which caused the illegal access.
		at org.apache.catalina.loader.WebappClassLoaderBase.checkStateForResourceLoading(WebappClassLoaderBase.java:1358)
		at org.apache.catalina.loader.WebappClassLoaderBase.getResource(WebappClassLoaderBase.java:990)
		at com.mysql.cj.jdbc.AbandonedConnectionCleanupThread.checkThreadContextClassLoader(AbandonedConnectionCleanupThread.java:117)
		at com.mysql.cj.jdbc.AbandonedConnectionCleanupThread.run(AbandonedConnectionCleanupThread.java:84)
		at java.util.concurrent.ThreadPoolExecutor.runWorker(ThreadPoolExecutor.java:1149)
		at java.util.concurrent.ThreadPoolExecutor$Worker.run(ThreadPoolExecutor.java:624)
		at java.lang.Thread.run(Thread.java:750)
04-Mar-2024 08:02:28.050 INFO [main] org.apache.coyote.AbstractProtocol.stop Stopping ProtocolHandler ["http-nio-18080"]
04-Mar-2024 08:02:28.056 INFO [main] org.apache.coyote.AbstractProtocol.destroy Destroying ProtocolHandler ["http-nio-18080"]
04-Mar-2024 08:05:17.524 INFO [main] org.apache.catalina.startup.VersionLoggerListener.log Server version name:   Apache Tomcat/8.5.99
04-Mar-2024 08:05:17.526 INFO [main] org.apache.catalina.startup.VersionLoggerListener.log Server built:          Feb 14 2024 22:52:13 UTC
04-Mar-2024 08:05:17.526 INFO [main] org.apache.catalina.startup.VersionLoggerListener.log Server version number: 8.5.99.0
04-Mar-2024 08:05:17.526 INFO [main] org.apache.catalina.startup.VersionLoggerListener.log OS Name:               Linux
04-Mar-2024 08:05:17.526 INFO [main] org.apache.catalina.startup.VersionLoggerListener.log OS Version:            5.15.0-97-generic
04-Mar-2024 08:05:17.526 INFO [main] org.apache.catalina.startup.VersionLoggerListener.log Architecture:          amd64
04-Mar-2024 08:05:17.526 INFO [main] org.apache.catalina.startup.VersionLoggerListener.log Java Home:             /usr/lib/jvm/java-8-openjdk-amd64/jre
04-Mar-2024 08:05:17.526 INFO [main] org.apache.catalina.startup.VersionLoggerListener.log JVM Version:           1.8.0_392-8u392-ga-1~22.04-b08
04-Mar-2024 08:05:17.526 INFO [main] org.apache.catalina.startup.VersionLoggerListener.log JVM Vendor:            Private Build
04-Mar-2024 08:05:17.526 INFO [main] org.apache.catalina.startup.VersionLoggerListener.log CATALINA_BASE:         /home/minds/maum/fast/apache-tomcat-8.5.99
04-Mar-2024 08:05:17.527 INFO [main] org.apache.catalina.startup.VersionLoggerListener.log CATALINA_HOME:         /home/minds/maum/fast/apache-tomcat-8.5.99
04-Mar-2024 08:05:17.527 INFO [main] org.apache.catalina.startup.VersionLoggerListener.log Command line argument: -Djava.util.logging.config.file=/home/minds/maum/fast/apache-tomcat-8.5.99/conf/logging.properties
04-Mar-2024 08:05:17.527 INFO [main] org.apache.catalina.startup.VersionLoggerListener.log Command line argument: -Djava.util.logging.manager=org.apache.juli.ClassLoaderLogManager
04-Mar-2024 08:05:17.527 INFO [main] org.apache.catalina.startup.VersionLoggerListener.log Command line argument: -Djdk.tls.ephemeralDHKeySize=2048
04-Mar-2024 08:05:17.527 INFO [main] org.apache.catalina.startup.VersionLoggerListener.log Command line argument: -Djava.protocol.handler.pkgs=org.apache.catalina.webresources
04-Mar-2024 08:05:17.527 INFO [main] org.apache.catalina.startup.VersionLoggerListener.log Command line argument: -Dorg.apache.catalina.security.SecurityListener.UMASK=0027
04-Mar-2024 08:05:17.527 INFO [main] org.apache.catalina.startup.VersionLoggerListener.log Command line argument: -Dignore.endorsed.dirs=
04-Mar-2024 08:05:17.527 INFO [main] org.apache.catalina.startup.VersionLoggerListener.log Command line argument: -Dcatalina.base=/home/minds/maum/fast/apache-tomcat-8.5.99
04-Mar-2024 08:05:17.528 INFO [main] org.apache.catalina.startup.VersionLoggerListener.log Command line argument: -Dcatalina.home=/home/minds/maum/fast/apache-tomcat-8.5.99
04-Mar-2024 08:05:17.528 INFO [main] org.apache.catalina.startup.VersionLoggerListener.log Command line argument: -Djava.io.tmpdir=/home/minds/maum/fast/apache-tomcat-8.5.99/temp
04-Mar-2024 08:05:17.528 INFO [main] org.apache.catalina.core.AprLifecycleListener.lifecycleEvent The Apache Tomcat Native library which allows using OpenSSL was not found on the java.library.path: [/usr/java/packages/lib/amd64:/usr/lib/x86_64-linux-gnu/jni:/lib/x86_64-linux-gnu:/usr/lib/x86_64-linux-gnu:/usr/lib/jni:/lib:/usr/lib]
04-Mar-2024 08:05:17.588 INFO [main] org.apache.coyote.AbstractProtocol.init Initializing ProtocolHandler ["http-nio-18080"]
04-Mar-2024 08:05:17.606 INFO [main] org.apache.catalina.startup.Catalina.load Initialization processed in 432 ms
04-Mar-2024 08:05:17.654 INFO [main] org.apache.catalina.core.StandardService.startInternal Starting service [Catalina]
04-Mar-2024 08:05:17.654 INFO [main] org.apache.catalina.core.StandardEngine.startInternal Starting Servlet engine: [Apache Tomcat/8.5.99]
04-Mar-2024 08:05:17.681 INFO [localhost-startStop-1] org.apache.catalina.startup.HostConfig.deployWAR Deploying web application archive [/home/minds/maum/fast/apache-tomcat-8.5.99/webapps/ROOT.war]
04-Mar-2024 08:05:17.871 WARNING [localhost-startStop-1] org.apache.tomcat.util.descriptor.web.WebXml.setVersion Unknown version string [4.0]. Default version will be used.
04-Mar-2024 08:05:17.878 WARNING [localhost-startStop-1] org.apache.tomcat.util.descriptor.web.WebXml.setVersion Unknown version string [4.0]. Default version will be used.
04-Mar-2024 08:05:20.602 INFO [localhost-startStop-1] org.apache.jasper.servlet.TldScanner.scanJars At least one JAR was scanned for TLDs yet contained no TLDs. Enable debug logging for this logger for a complete list of JARs that were scanned but no TLDs were found in them. Skipping unneeded JARs during scanning can improve startup time and JSP compilation time.
04-Mar-2024 08:05:26.978 INFO [localhost-startStop-1] org.apache.catalina.startup.HostConfig.deployWAR Deployment of web application archive [/home/minds/maum/fast/apache-tomcat-8.5.99/webapps/ROOT.war] has finished in [9,297] ms
04-Mar-2024 08:05:26.979 INFO [localhost-startStop-1] org.apache.catalina.startup.HostConfig.deployDirectory Deploying web application directory [/home/minds/maum/fast/apache-tomcat-8.5.99/webapps/examples]
04-Mar-2024 08:05:27.066 INFO [localhost-startStop-1] org.apache.catalina.startup.HostConfig.deployDirectory Deployment of web application directory [/home/minds/maum/fast/apache-tomcat-8.5.99/webapps/examples] has finished in [86] ms
04-Mar-2024 08:05:27.066 INFO [localhost-startStop-1] org.apache.catalina.startup.HostConfig.deployDirectory Deploying web application directory [/home/minds/maum/fast/apache-tomcat-8.5.99/webapps/manager]
04-Mar-2024 08:05:27.080 INFO [localhost-startStop-1] org.apache.catalina.startup.HostConfig.deployDirectory Deployment of web application directory [/home/minds/maum/fast/apache-tomcat-8.5.99/webapps/manager] has finished in [14] ms
04-Mar-2024 08:05:27.081 INFO [localhost-startStop-1] org.apache.catalina.startup.HostConfig.deployDirectory Deploying web application directory [/home/minds/maum/fast/apache-tomcat-8.5.99/webapps/host-manager]
04-Mar-2024 08:05:27.091 INFO [localhost-startStop-1] org.apache.catalina.startup.HostConfig.deployDirectory Deployment of web application directory [/home/minds/maum/fast/apache-tomcat-8.5.99/webapps/host-manager] has finished in [10] ms
04-Mar-2024 08:05:27.091 INFO [localhost-startStop-1] org.apache.catalina.startup.HostConfig.deployDirectory Deploying web application directory [/home/minds/maum/fast/apache-tomcat-8.5.99/webapps/docs]
04-Mar-2024 08:05:27.099 INFO [localhost-startStop-1] org.apache.catalina.startup.HostConfig.deployDirectory Deployment of web application directory [/home/minds/maum/fast/apache-tomcat-8.5.99/webapps/docs] has finished in [8] ms
04-Mar-2024 08:05:27.104 INFO [main] org.apache.coyote.AbstractProtocol.start Starting ProtocolHandler ["http-nio-18080"]
04-Mar-2024 08:05:27.119 INFO [main] org.apache.catalina.startup.Catalina.start Server startup in 9513 ms
04-Mar-2024 09:49:38.023 INFO [ContainerBackgroundProcessor[StandardEngine[Catalina]]] org.apache.catalina.startup.HostConfig.undeploy Undeploying context []
04-Mar-2024 09:49:38.075 WARNING [ContainerBackgroundProcessor[StandardEngine[Catalina]]] org.apache.catalina.loader.WebappClassLoaderBase.clearReferencesJdbc The web application [ROOT] registered the JDBC driver [net.sf.log4jdbc.sql.jdbcapi.DriverSpy] but failed to unregister it when the web application was stopped. To prevent a memory leak, the JDBC Driver has been forcibly unregistered.
04-Mar-2024 09:49:38.075 WARNING [ContainerBackgroundProcessor[StandardEngine[Catalina]]] org.apache.catalina.loader.WebappClassLoaderBase.clearReferencesJdbc The web application [ROOT] registered the JDBC driver [com.microsoft.sqlserver.jdbc.SQLServerDriver] but failed to unregister it when the web application was stopped. To prevent a memory leak, the JDBC Driver has been forcibly unregistered.
04-Mar-2024 09:49:38.075 WARNING [ContainerBackgroundProcessor[StandardEngine[Catalina]]] org.apache.catalina.loader.WebappClassLoaderBase.clearReferencesJdbc The web application [ROOT] registered the JDBC driver [com.mysql.cj.jdbc.Driver] but failed to unregister it when the web application was stopped. To prevent a memory leak, the JDBC Driver has been forcibly unregistered.
04-Mar-2024 09:49:38.076 WARNING [ContainerBackgroundProcessor[StandardEngine[Catalina]]] org.apache.catalina.loader.WebappClassLoaderBase.clearReferencesThreads The web application [ROOT] appears to have started a thread named [mysql-cj-abandoned-connection-cleanup] but has failed to stop it. This is very likely to create a memory leak. Stack trace of thread:
 java.lang.Object.wait(Native Method)
 java.lang.ref.ReferenceQueue.remove(ReferenceQueue.java:144)
 com.mysql.cj.jdbc.AbandonedConnectionCleanupThread.run(AbandonedConnectionCleanupThread.java:85)
 java.util.concurrent.ThreadPoolExecutor.runWorker(ThreadPoolExecutor.java:1149)
 java.util.concurrent.ThreadPoolExecutor$Worker.run(ThreadPoolExecutor.java:624)
 java.lang.Thread.run(Thread.java:750)
04-Mar-2024 09:49:38.078 SEVERE [ContainerBackgroundProcessor[StandardEngine[Catalina]]] org.apache.catalina.loader.WebappClassLoaderBase.checkThreadLocalMapForLeaks The web application [ROOT] created a ThreadLocal with key of type [java.lang.ThreadLocal] (value [java.lang.ThreadLocal@7934d1f7]) and a value of type [org.springframework.security.core.context.SecurityContextImpl] (value [org.springframework.security.core.context.SecurityContextImpl@ffffffff: Null authentication]) but failed to remove it when the web application was stopped. Threads are going to be renewed over time to try and avoid a probable memory leak.
04-Mar-2024 09:49:38.079 SEVERE [ContainerBackgroundProcessor[StandardEngine[Catalina]]] org.apache.catalina.loader.WebappClassLoaderBase.checkThreadLocalMapForLeaks The web application [ROOT] created a ThreadLocal with key of type [java.lang.ThreadLocal] (value [java.lang.ThreadLocal@7934d1f7]) and a value of type [org.springframework.security.core.context.SecurityContextImpl] (value [org.springframework.security.core.context.SecurityContextImpl@ffffffff: Null authentication]) but failed to remove it when the web application was stopped. Threads are going to be renewed over time to try and avoid a probable memory leak.
04-Mar-2024 09:49:38.448 INFO [mysql-cj-abandoned-connection-cleanup] org.apache.catalina.loader.WebappClassLoaderBase.checkStateForResourceLoading Illegal access: this web application instance has been stopped already. Could not load []. The following stack trace is thrown for debugging purposes as well as to attempt to terminate the thread which caused the illegal access.
	java.lang.IllegalStateException: Illegal access: this web application instance has been stopped already. Could not load []. The following stack trace is thrown for debugging purposes as well as to attempt to terminate the thread which caused the illegal access.
		at org.apache.catalina.loader.WebappClassLoaderBase.checkStateForResourceLoading(WebappClassLoaderBase.java:1358)
		at org.apache.catalina.loader.WebappClassLoaderBase.getResource(WebappClassLoaderBase.java:990)
		at com.mysql.cj.jdbc.AbandonedConnectionCleanupThread.checkThreadContextClassLoader(AbandonedConnectionCleanupThread.java:117)
		at com.mysql.cj.jdbc.AbandonedConnectionCleanupThread.run(AbandonedConnectionCleanupThread.java:84)
		at java.util.concurrent.ThreadPoolExecutor.runWorker(ThreadPoolExecutor.java:1149)
		at java.util.concurrent.ThreadPoolExecutor$Worker.run(ThreadPoolExecutor.java:624)
		at java.lang.Thread.run(Thread.java:750)
04-Mar-2024 09:49:41.324 INFO [main] org.apache.catalina.core.StandardServer.await A valid shutdown command was received via the shutdown port. Stopping the Server instance.
04-Mar-2024 09:49:41.325 INFO [main] org.apache.coyote.AbstractProtocol.pause Pausing ProtocolHandler ["http-nio-18080"]
04-Mar-2024 09:49:41.326 INFO [main] org.apache.catalina.core.StandardService.stopInternal Stopping service [Catalina]
04-Mar-2024 09:49:41.354 INFO [main] org.apache.coyote.AbstractProtocol.stop Stopping ProtocolHandler ["http-nio-18080"]
04-Mar-2024 09:49:41.362 INFO [main] org.apache.coyote.AbstractProtocol.destroy Destroying ProtocolHandler ["http-nio-18080"]
04-Mar-2024 10:29:48.276 INFO [main] org.apache.catalina.startup.VersionLoggerListener.log Server version name:   Apache Tomcat/8.5.99
04-Mar-2024 10:29:48.277 INFO [main] org.apache.catalina.startup.VersionLoggerListener.log Server built:          Feb 14 2024 22:52:13 UTC
04-Mar-2024 10:29:48.277 INFO [main] org.apache.catalina.startup.VersionLoggerListener.log Server version number: 8.5.99.0
04-Mar-2024 10:29:48.278 INFO [main] org.apache.catalina.startup.VersionLoggerListener.log OS Name:               Linux
04-Mar-2024 10:29:48.278 INFO [main] org.apache.catalina.startup.VersionLoggerListener.log OS Version:            5.15.0-97-generic
04-Mar-2024 10:29:48.278 INFO [main] org.apache.catalina.startup.VersionLoggerListener.log Architecture:          amd64
04-Mar-2024 10:29:48.278 INFO [main] org.apache.catalina.startup.VersionLoggerListener.log Java Home:             /usr/lib/jvm/java-8-openjdk-amd64/jre
04-Mar-2024 10:29:48.278 INFO [main] org.apache.catalina.startup.VersionLoggerListener.log JVM Version:           1.8.0_392-8u392-ga-1~22.04-b08
04-Mar-2024 10:29:48.278 INFO [main] org.apache.catalina.startup.VersionLoggerListener.log JVM Vendor:            Private Build
04-Mar-2024 10:29:48.278 INFO [main] org.apache.catalina.startup.VersionLoggerListener.log CATALINA_BASE:         /home/minds/maum/fast/apache-tomcat-8.5.99
04-Mar-2024 10:29:48.278 INFO [main] org.apache.catalina.startup.VersionLoggerListener.log CATALINA_HOME:         /home/minds/maum/fast/apache-tomcat-8.5.99
04-Mar-2024 10:29:48.278 INFO [main] org.apache.catalina.startup.VersionLoggerListener.log Command line argument: -Djava.util.logging.config.file=/home/minds/maum/fast/apache-tomcat-8.5.99/conf/logging.properties
04-Mar-2024 10:29:48.278 INFO [main] org.apache.catalina.startup.VersionLoggerListener.log Command line argument: -Djava.util.logging.manager=org.apache.juli.ClassLoaderLogManager
04-Mar-2024 10:29:48.278 INFO [main] org.apache.catalina.startup.VersionLoggerListener.log Command line argument: -Djdk.tls.ephemeralDHKeySize=2048
04-Mar-2024 10:29:48.279 INFO [main] org.apache.catalina.startup.VersionLoggerListener.log Command line argument: -Djava.protocol.handler.pkgs=org.apache.catalina.webresources
04-Mar-2024 10:29:48.279 INFO [main] org.apache.catalina.startup.VersionLoggerListener.log Command line argument: -Dorg.apache.catalina.security.SecurityListener.UMASK=0027
04-Mar-2024 10:29:48.279 INFO [main] org.apache.catalina.startup.VersionLoggerListener.log Command line argument: -Dignore.endorsed.dirs=
04-Mar-2024 10:29:48.279 INFO [main] org.apache.catalina.startup.VersionLoggerListener.log Command line argument: -Dcatalina.base=/home/minds/maum/fast/apache-tomcat-8.5.99
04-Mar-2024 10:29:48.279 INFO [main] org.apache.catalina.startup.VersionLoggerListener.log Command line argument: -Dcatalina.home=/home/minds/maum/fast/apache-tomcat-8.5.99
04-Mar-2024 10:29:48.279 INFO [main] org.apache.catalina.startup.VersionLoggerListener.log Command line argument: -Djava.io.tmpdir=/home/minds/maum/fast/apache-tomcat-8.5.99/temp
04-Mar-2024 10:29:48.279 INFO [main] org.apache.catalina.core.AprLifecycleListener.lifecycleEvent The Apache Tomcat Native library which allows using OpenSSL was not found on the java.library.path: [/usr/java/packages/lib/amd64:/usr/lib/x86_64-linux-gnu/jni:/lib/x86_64-linux-gnu:/usr/lib/x86_64-linux-gnu:/usr/lib/jni:/lib:/usr/lib]
04-Mar-2024 10:29:48.339 INFO [main] org.apache.coyote.AbstractProtocol.init Initializing ProtocolHandler ["http-nio-18080"]
04-Mar-2024 10:29:48.355 INFO [main] org.apache.catalina.startup.Catalina.load Initialization processed in 451 ms
04-Mar-2024 10:29:48.398 INFO [main] org.apache.catalina.core.StandardService.startInternal Starting service [Catalina]
04-Mar-2024 10:29:48.398 INFO [main] org.apache.catalina.core.StandardEngine.startInternal Starting Servlet engine: [Apache Tomcat/8.5.99]
04-Mar-2024 10:29:48.424 INFO [localhost-startStop-1] org.apache.catalina.startup.HostConfig.deployWAR Deploying web application archive [/home/minds/maum/fast/apache-tomcat-8.5.99/webapps/ROOT.war]
04-Mar-2024 10:29:49.259 WARNING [localhost-startStop-1] org.apache.tomcat.util.descriptor.web.WebXml.setVersion Unknown version string [4.0]. Default version will be used.
04-Mar-2024 10:29:49.265 WARNING [localhost-startStop-1] org.apache.tomcat.util.descriptor.web.WebXml.setVersion Unknown version string [4.0]. Default version will be used.
04-Mar-2024 10:29:51.930 INFO [localhost-startStop-1] org.apache.jasper.servlet.TldScanner.scanJars At least one JAR was scanned for TLDs yet contained no TLDs. Enable debug logging for this logger for a complete list of JARs that were scanned but no TLDs were found in them. Skipping unneeded JARs during scanning can improve startup time and JSP compilation time.
04-Mar-2024 10:29:58.544 INFO [localhost-startStop-1] org.apache.catalina.startup.HostConfig.deployWAR Deployment of web application archive [/home/minds/maum/fast/apache-tomcat-8.5.99/webapps/ROOT.war] has finished in [10,118] ms
04-Mar-2024 10:29:58.545 INFO [localhost-startStop-1] org.apache.catalina.startup.HostConfig.deployDirectory Deploying web application directory [/home/minds/maum/fast/apache-tomcat-8.5.99/webapps/examples]
04-Mar-2024 10:29:58.637 INFO [localhost-startStop-1] org.apache.catalina.startup.HostConfig.deployDirectory Deployment of web application directory [/home/minds/maum/fast/apache-tomcat-8.5.99/webapps/examples] has finished in [92] ms
04-Mar-2024 10:29:58.638 INFO [localhost-startStop-1] org.apache.catalina.startup.HostConfig.deployDirectory Deploying web application directory [/home/minds/maum/fast/apache-tomcat-8.5.99/webapps/manager]
04-Mar-2024 10:29:58.654 INFO [localhost-startStop-1] org.apache.catalina.startup.HostConfig.deployDirectory Deployment of web application directory [/home/minds/maum/fast/apache-tomcat-8.5.99/webapps/manager] has finished in [16] ms
04-Mar-2024 10:29:58.654 INFO [localhost-startStop-1] org.apache.catalina.startup.HostConfig.deployDirectory Deploying web application directory [/home/minds/maum/fast/apache-tomcat-8.5.99/webapps/host-manager]
04-Mar-2024 10:29:58.667 INFO [localhost-startStop-1] org.apache.catalina.startup.HostConfig.deployDirectory Deployment of web application directory [/home/minds/maum/fast/apache-tomcat-8.5.99/webapps/host-manager] has finished in [12] ms
04-Mar-2024 10:29:58.667 INFO [localhost-startStop-1] org.apache.catalina.startup.HostConfig.deployDirectory Deploying web application directory [/home/minds/maum/fast/apache-tomcat-8.5.99/webapps/docs]
04-Mar-2024 10:29:58.677 INFO [localhost-startStop-1] org.apache.catalina.startup.HostConfig.deployDirectory Deployment of web application directory [/home/minds/maum/fast/apache-tomcat-8.5.99/webapps/docs] has finished in [9] ms
04-Mar-2024 10:29:58.684 INFO [main] org.apache.coyote.AbstractProtocol.start Starting ProtocolHandler ["http-nio-18080"]
04-Mar-2024 10:29:58.707 INFO [main] org.apache.catalina.startup.Catalina.start Server startup in 10352 ms
04-Mar-2024 10:41:34.343 INFO [main] org.apache.catalina.core.StandardServer.await A valid shutdown command was received via the shutdown port. Stopping the Server instance.
04-Mar-2024 10:41:34.344 INFO [main] org.apache.coyote.AbstractProtocol.pause Pausing ProtocolHandler ["http-nio-18080"]
04-Mar-2024 10:41:34.345 INFO [main] org.apache.catalina.core.StandardService.stopInternal Stopping service [Catalina]
04-Mar-2024 10:41:34.438 WARNING [localhost-startStop-2] org.apache.catalina.loader.WebappClassLoaderBase.clearReferencesJdbc The web application [ROOT] registered the JDBC driver [net.sf.log4jdbc.sql.jdbcapi.DriverSpy] but failed to unregister it when the web application was stopped. To prevent a memory leak, the JDBC Driver has been forcibly unregistered.
04-Mar-2024 10:41:34.438 WARNING [localhost-startStop-2] org.apache.catalina.loader.WebappClassLoaderBase.clearReferencesJdbc The web application [ROOT] registered the JDBC driver [com.microsoft.sqlserver.jdbc.SQLServerDriver] but failed to unregister it when the web application was stopped. To prevent a memory leak, the JDBC Driver has been forcibly unregistered.
04-Mar-2024 10:41:34.438 WARNING [localhost-startStop-2] org.apache.catalina.loader.WebappClassLoaderBase.clearReferencesJdbc The web application [ROOT] registered the JDBC driver [com.mysql.cj.jdbc.Driver] but failed to unregister it when the web application was stopped. To prevent a memory leak, the JDBC Driver has been forcibly unregistered.
04-Mar-2024 10:41:34.440 WARNING [localhost-startStop-2] org.apache.catalina.loader.WebappClassLoaderBase.clearReferencesThreads The web application [ROOT] appears to have started a thread named [mysql-cj-abandoned-connection-cleanup] but has failed to stop it. This is very likely to create a memory leak. Stack trace of thread:
 java.lang.Object.wait(Native Method)
 java.lang.ref.ReferenceQueue.remove(ReferenceQueue.java:144)
 com.mysql.cj.jdbc.AbandonedConnectionCleanupThread.run(AbandonedConnectionCleanupThread.java:85)
 java.util.concurrent.ThreadPoolExecutor.runWorker(ThreadPoolExecutor.java:1149)
 java.util.concurrent.ThreadPoolExecutor$Worker.run(ThreadPoolExecutor.java:624)
 java.lang.Thread.run(Thread.java:750)
04-Mar-2024 10:41:34.440 SEVERE [localhost-startStop-2] org.apache.catalina.loader.WebappClassLoaderBase.checkThreadLocalMapForLeaks The web application [ROOT] created a ThreadLocal with key of type [java.lang.ThreadLocal] (value [java.lang.ThreadLocal@70164ee7]) and a value of type [org.springframework.security.core.context.SecurityContextImpl] (value [org.springframework.security.core.context.SecurityContextImpl@ffffffff: Null authentication]) but failed to remove it when the web application was stopped. Threads are going to be renewed over time to try and avoid a probable memory leak.
04-Mar-2024 10:41:34.440 SEVERE [localhost-startStop-2] org.apache.catalina.loader.WebappClassLoaderBase.checkThreadLocalMapForLeaks The web application [ROOT] created a ThreadLocal with key of type [java.lang.ThreadLocal] (value [java.lang.ThreadLocal@70164ee7]) and a value of type [org.springframework.security.core.context.SecurityContextImpl] (value [org.springframework.security.core.context.SecurityContextImpl@ffffffff: Null authentication]) but failed to remove it when the web application was stopped. Threads are going to be renewed over time to try and avoid a probable memory leak.
04-Mar-2024 10:41:34.473 INFO [main] org.apache.coyote.AbstractProtocol.stop Stopping ProtocolHandler ["http-nio-18080"]
04-Mar-2024 10:41:34.485 INFO [main] org.apache.coyote.AbstractProtocol.destroy Destroying ProtocolHandler ["http-nio-18080"]
04-Mar-2024 10:41:36.552 INFO [main] org.apache.catalina.startup.VersionLoggerListener.log Server version name:   Apache Tomcat/8.5.99
04-Mar-2024 10:41:36.553 INFO [main] org.apache.catalina.startup.VersionLoggerListener.log Server built:          Feb 14 2024 22:52:13 UTC
04-Mar-2024 10:41:36.554 INFO [main] org.apache.catalina.startup.VersionLoggerListener.log Server version number: 8.5.99.0
04-Mar-2024 10:41:36.554 INFO [main] org.apache.catalina.startup.VersionLoggerListener.log OS Name:               Linux
04-Mar-2024 10:41:36.554 INFO [main] org.apache.catalina.startup.VersionLoggerListener.log OS Version:            5.15.0-97-generic
04-Mar-2024 10:41:36.554 INFO [main] org.apache.catalina.startup.VersionLoggerListener.log Architecture:          amd64
04-Mar-2024 10:41:36.554 INFO [main] org.apache.catalina.startup.VersionLoggerListener.log Java Home:             /usr/lib/jvm/java-8-openjdk-amd64/jre
04-Mar-2024 10:41:36.554 INFO [main] org.apache.catalina.startup.VersionLoggerListener.log JVM Version:           1.8.0_392-8u392-ga-1~22.04-b08
04-Mar-2024 10:41:36.554 INFO [main] org.apache.catalina.startup.VersionLoggerListener.log JVM Vendor:            Private Build
04-Mar-2024 10:41:36.554 INFO [main] org.apache.catalina.startup.VersionLoggerListener.log CATALINA_BASE:         /home/minds/maum/fast/apache-tomcat-8.5.99
04-Mar-2024 10:41:36.554 INFO [main] org.apache.catalina.startup.VersionLoggerListener.log CATALINA_HOME:         /home/minds/maum/fast/apache-tomcat-8.5.99
04-Mar-2024 10:41:36.554 INFO [main] org.apache.catalina.startup.VersionLoggerListener.log Command line argument: -Djava.util.logging.config.file=/home/minds/maum/fast/apache-tomcat-8.5.99/conf/logging.properties
04-Mar-2024 10:41:36.554 INFO [main] org.apache.catalina.startup.VersionLoggerListener.log Command line argument: -Djava.util.logging.manager=org.apache.juli.ClassLoaderLogManager
04-Mar-2024 10:41:36.555 INFO [main] org.apache.catalina.startup.VersionLoggerListener.log Command line argument: -Djdk.tls.ephemeralDHKeySize=2048
04-Mar-2024 10:41:36.555 INFO [main] org.apache.catalina.startup.VersionLoggerListener.log Command line argument: -Djava.protocol.handler.pkgs=org.apache.catalina.webresources
04-Mar-2024 10:41:36.555 INFO [main] org.apache.catalina.startup.VersionLoggerListener.log Command line argument: -Dorg.apache.catalina.security.SecurityListener.UMASK=0027
04-Mar-2024 10:41:36.555 INFO [main] org.apache.catalina.startup.VersionLoggerListener.log Command line argument: -Dignore.endorsed.dirs=
04-Mar-2024 10:41:36.555 INFO [main] org.apache.catalina.startup.VersionLoggerListener.log Command line argument: -Dcatalina.base=/home/minds/maum/fast/apache-tomcat-8.5.99
04-Mar-2024 10:41:36.555 INFO [main] org.apache.catalina.startup.VersionLoggerListener.log Command line argument: -Dcatalina.home=/home/minds/maum/fast/apache-tomcat-8.5.99
04-Mar-2024 10:41:36.555 INFO [main] org.apache.catalina.startup.VersionLoggerListener.log Command line argument: -Djava.io.tmpdir=/home/minds/maum/fast/apache-tomcat-8.5.99/temp
04-Mar-2024 10:41:36.555 INFO [main] org.apache.catalina.core.AprLifecycleListener.lifecycleEvent The Apache Tomcat Native library which allows using OpenSSL was not found on the java.library.path: [/usr/java/packages/lib/amd64:/usr/lib/x86_64-linux-gnu/jni:/lib/x86_64-linux-gnu:/usr/lib/x86_64-linux-gnu:/usr/lib/jni:/lib:/usr/lib]
04-Mar-2024 10:41:36.615 INFO [main] org.apache.coyote.AbstractProtocol.init Initializing ProtocolHandler ["http-nio-18080"]
04-Mar-2024 10:41:36.632 INFO [main] org.apache.catalina.startup.Catalina.load Initialization processed in 443 ms
04-Mar-2024 10:41:36.677 INFO [main] org.apache.catalina.core.StandardService.startInternal Starting service [Catalina]
04-Mar-2024 10:41:36.677 INFO [main] org.apache.catalina.core.StandardEngine.startInternal Starting Servlet engine: [Apache Tomcat/8.5.99]
04-Mar-2024 10:41:36.706 INFO [localhost-startStop-1] org.apache.catalina.startup.HostConfig.deployWAR Deploying web application archive [/home/minds/maum/fast/apache-tomcat-8.5.99/webapps/ROOT.war]
04-Mar-2024 10:41:36.922 WARNING [localhost-startStop-1] org.apache.tomcat.util.descriptor.web.WebXml.setVersion Unknown version string [4.0]. Default version will be used.
04-Mar-2024 10:41:36.929 WARNING [localhost-startStop-1] org.apache.tomcat.util.descriptor.web.WebXml.setVersion Unknown version string [4.0]. Default version will be used.
04-Mar-2024 10:41:39.662 INFO [localhost-startStop-1] org.apache.jasper.servlet.TldScanner.scanJars At least one JAR was scanned for TLDs yet contained no TLDs. Enable debug logging for this logger for a complete list of JARs that were scanned but no TLDs were found in them. Skipping unneeded JARs during scanning can improve startup time and JSP compilation time.
04-Mar-2024 10:41:46.113 INFO [localhost-startStop-1] org.apache.catalina.startup.HostConfig.deployWAR Deployment of web application archive [/home/minds/maum/fast/apache-tomcat-8.5.99/webapps/ROOT.war] has finished in [9,406] ms
04-Mar-2024 10:41:46.114 INFO [localhost-startStop-1] org.apache.catalina.startup.HostConfig.deployDirectory Deploying web application directory [/home/minds/maum/fast/apache-tomcat-8.5.99/webapps/examples]
04-Mar-2024 10:41:46.205 INFO [localhost-startStop-1] org.apache.catalina.startup.HostConfig.deployDirectory Deployment of web application directory [/home/minds/maum/fast/apache-tomcat-8.5.99/webapps/examples] has finished in [91] ms
04-Mar-2024 10:41:46.205 INFO [localhost-startStop-1] org.apache.catalina.startup.HostConfig.deployDirectory Deploying web application directory [/home/minds/maum/fast/apache-tomcat-8.5.99/webapps/manager]
04-Mar-2024 10:41:46.220 INFO [localhost-startStop-1] org.apache.catalina.startup.HostConfig.deployDirectory Deployment of web application directory [/home/minds/maum/fast/apache-tomcat-8.5.99/webapps/manager] has finished in [15] ms
04-Mar-2024 10:41:46.221 INFO [localhost-startStop-1] org.apache.catalina.startup.HostConfig.deployDirectory Deploying web application directory [/home/minds/maum/fast/apache-tomcat-8.5.99/webapps/host-manager]
04-Mar-2024 10:41:46.233 INFO [localhost-startStop-1] org.apache.catalina.startup.HostConfig.deployDirectory Deployment of web application directory [/home/minds/maum/fast/apache-tomcat-8.5.99/webapps/host-manager] has finished in [12] ms
04-Mar-2024 10:41:46.233 INFO [localhost-startStop-1] org.apache.catalina.startup.HostConfig.deployDirectory Deploying web application directory [/home/minds/maum/fast/apache-tomcat-8.5.99/webapps/docs]
04-Mar-2024 10:41:46.241 INFO [localhost-startStop-1] org.apache.catalina.startup.HostConfig.deployDirectory Deployment of web application directory [/home/minds/maum/fast/apache-tomcat-8.5.99/webapps/docs] has finished in [8] ms
04-Mar-2024 10:41:46.245 INFO [main] org.apache.coyote.AbstractProtocol.start Starting ProtocolHandler ["http-nio-18080"]
04-Mar-2024 10:41:46.257 INFO [main] org.apache.catalina.startup.Catalina.start Server startup in 9624 ms
04-Mar-2024 13:54:07.672 INFO [ContainerBackgroundProcessor[StandardEngine[Catalina]]] org.apache.catalina.startup.HostConfig.undeploy Undeploying context []
04-Mar-2024 13:54:07.735 WARNING [ContainerBackgroundProcessor[StandardEngine[Catalina]]] org.apache.catalina.loader.WebappClassLoaderBase.clearReferencesJdbc The web application [ROOT] registered the JDBC driver [net.sf.log4jdbc.sql.jdbcapi.DriverSpy] but failed to unregister it when the web application was stopped. To prevent a memory leak, the JDBC Driver has been forcibly unregistered.
04-Mar-2024 13:54:07.735 WARNING [ContainerBackgroundProcessor[StandardEngine[Catalina]]] org.apache.catalina.loader.WebappClassLoaderBase.clearReferencesJdbc The web application [ROOT] registered the JDBC driver [com.microsoft.sqlserver.jdbc.SQLServerDriver] but failed to unregister it when the web application was stopped. To prevent a memory leak, the JDBC Driver has been forcibly unregistered.
04-Mar-2024 13:54:07.735 WARNING [ContainerBackgroundProcessor[StandardEngine[Catalina]]] org.apache.catalina.loader.WebappClassLoaderBase.clearReferencesJdbc The web application [ROOT] registered the JDBC driver [com.mysql.cj.jdbc.Driver] but failed to unregister it when the web application was stopped. To prevent a memory leak, the JDBC Driver has been forcibly unregistered.
04-Mar-2024 13:54:07.736 WARNING [ContainerBackgroundProcessor[StandardEngine[Catalina]]] org.apache.catalina.loader.WebappClassLoaderBase.clearReferencesThreads The web application [ROOT] appears to have started a thread named [mysql-cj-abandoned-connection-cleanup] but has failed to stop it. This is very likely to create a memory leak. Stack trace of thread:
 java.lang.Object.wait(Native Method)
 java.lang.ref.ReferenceQueue.remove(ReferenceQueue.java:144)
 com.mysql.cj.jdbc.AbandonedConnectionCleanupThread.run(AbandonedConnectionCleanupThread.java:85)
 java.util.concurrent.ThreadPoolExecutor.runWorker(ThreadPoolExecutor.java:1149)
 java.util.concurrent.ThreadPoolExecutor$Worker.run(ThreadPoolExecutor.java:624)
 java.lang.Thread.run(Thread.java:750)
04-Mar-2024 13:54:07.738 SEVERE [ContainerBackgroundProcessor[StandardEngine[Catalina]]] org.apache.catalina.loader.WebappClassLoaderBase.checkThreadLocalMapForLeaks The web application [ROOT] created a ThreadLocal with key of type [java.lang.ThreadLocal] (value [java.lang.ThreadLocal@7db9832e]) and a value of type [org.springframework.security.core.context.SecurityContextImpl] (value [org.springframework.security.core.context.SecurityContextImpl@ffffffff: Null authentication]) but failed to remove it when the web application was stopped. Threads are going to be renewed over time to try and avoid a probable memory leak.
04-Mar-2024 13:54:07.808 INFO [localhost-startStop-2] org.apache.catalina.startup.HostConfig.deployWAR Deploying web application archive [/home/minds/maum/fast/apache-tomcat-8.5.99/webapps/ROOT.war]
04-Mar-2024 13:54:08.497 WARNING [localhost-startStop-2] org.apache.tomcat.util.descriptor.web.WebXml.setVersion Unknown version string [4.0]. Default version will be used.
04-Mar-2024 13:54:08.500 WARNING [localhost-startStop-2] org.apache.tomcat.util.descriptor.web.WebXml.setVersion Unknown version string [4.0]. Default version will be used.
04-Mar-2024 13:54:09.873 INFO [mysql-cj-abandoned-connection-cleanup] org.apache.catalina.loader.WebappClassLoaderBase.checkStateForResourceLoading Illegal access: this web application instance has been stopped already. Could not load []. The following stack trace is thrown for debugging purposes as well as to attempt to terminate the thread which caused the illegal access.
	java.lang.IllegalStateException: Illegal access: this web application instance has been stopped already. Could not load []. The following stack trace is thrown for debugging purposes as well as to attempt to terminate the thread which caused the illegal access.
		at org.apache.catalina.loader.WebappClassLoaderBase.checkStateForResourceLoading(WebappClassLoaderBase.java:1358)
		at org.apache.catalina.loader.WebappClassLoaderBase.getResource(WebappClassLoaderBase.java:990)
		at com.mysql.cj.jdbc.AbandonedConnectionCleanupThread.checkThreadContextClassLoader(AbandonedConnectionCleanupThread.java:117)
		at com.mysql.cj.jdbc.AbandonedConnectionCleanupThread.run(AbandonedConnectionCleanupThread.java:84)
		at java.util.concurrent.ThreadPoolExecutor.runWorker(ThreadPoolExecutor.java:1149)
		at java.util.concurrent.ThreadPoolExecutor$Worker.run(ThreadPoolExecutor.java:624)
		at java.lang.Thread.run(Thread.java:750)
04-Mar-2024 13:54:10.354 INFO [localhost-startStop-2] org.apache.jasper.servlet.TldScanner.scanJars At least one JAR was scanned for TLDs yet contained no TLDs. Enable debug logging for this logger for a complete list of JARs that were scanned but no TLDs were found in them. Skipping unneeded JARs during scanning can improve startup time and JSP compilation time.
04-Mar-2024 13:54:16.085 INFO [localhost-startStop-2] org.apache.catalina.startup.HostConfig.deployWAR Deployment of web application archive [/home/minds/maum/fast/apache-tomcat-8.5.99/webapps/ROOT.war] has finished in [8,277] ms
