20240306 02:23:28.082 [localhost-startStop-5] INFO a.m.b.f.ServletInitializer - Starting ServletInitializer on minds with PID 44763 (/home/minds/maum/fast/apache-tomcat-8.5.99/webapps/ROOT/WEB-INF/classes started by minds in /home/minds/maum/fast/apache-tomcat-8.5.99/bin) 
20240306 02:23:28.085 [localhost-startStop-5] INFO a.m.b.f.ServletInitializer - The following profiles are active: prod 
20240306 02:23:29.607 [localhost-startStop-5] INFO o.s.c.s.PostProcessorRegistrationDelegate$BeanPostProcessorChecker - Bean 'org.springframework.hateoas.config.HateoasConfiguration' of type [org.springframework.hateoas.config.HateoasConfiguration$$EnhancerBySpringCGLIB$$f136984e] is not eligible for getting processed by all BeanPostProcessors (for example: not eligible for auto-proxying) 
20240306 02:23:29.622 [localhost-startStop-5] INFO o.s.c.s.PostProcessorRegistrationDelegate$BeanPostProcessorChecker - Bean 'org.springframework.transaction.annotation.ProxyTransactionManagementConfiguration' of type [org.springframework.transaction.annotation.ProxyTransactionManagementConfiguration$$EnhancerBySpringCGLIB$$71b64b1c] is not eligible for getting processed by all BeanPostProcessors (for example: not eligible for auto-proxying) 
20240306 02:23:29.710 [localhost-startStop-5] INFO o.s.w.c.ContextLoader - Root WebApplicationContext: initialization completed in 1581 ms 
20240306 02:23:31.405 [localhost-startStop-5] INFO a.m.b.f.m.c.s.c.UpdateOpStatusController - 웹소켓(서버) UpdateOpStatusController 객체생성 
20240306 02:23:31.889 [localhost-startStop-5] INFO o.s.s.w.DefaultSecurityFilterChain - Creating filter chain: Ant [pattern='/favicon.ico'], [] 
20240306 02:23:31.889 [localhost-startStop-5] INFO o.s.s.w.DefaultSecurityFilterChain - Creating filter chain: Ant [pattern='/error/**'], [] 
20240306 02:23:31.889 [localhost-startStop-5] INFO o.s.s.w.DefaultSecurityFilterChain - Creating filter chain: Ant [pattern='/webjars/**'], [] 
20240306 02:23:31.889 [localhost-startStop-5] INFO o.s.s.w.DefaultSecurityFilterChain - Creating filter chain: Ant [pattern='/loginajax/**'], [] 
20240306 02:23:31.889 [localhost-startStop-5] INFO o.s.s.w.DefaultSecurityFilterChain - Creating filter chain: Ant [pattern='/resources/**'], [] 
20240306 02:23:31.889 [localhost-startStop-5] INFO o.s.s.w.DefaultSecurityFilterChain - Creating filter chain: Ant [pattern='/getRSAKeyValue/**'], [] 
20240306 02:23:32.006 [localhost-startStop-5] INFO o.s.s.w.DefaultSecurityFilterChain - Creating filter chain: any request, [org.springframework.security.web.context.request.async.WebAsyncManagerIntegrationFilter@778eaff6, org.springframework.security.web.context.SecurityContextPersistenceFilter@26cd1aa9, org.springframework.security.web.header.HeaderWriterFilter@179d33eb, org.springframework.security.web.csrf.CsrfFilter@2ad75a11, org.springframework.security.web.authentication.logout.LogoutFilter@38d01fff, ai.maum.biz.fastaicc.common.JwtAuthenticationFilter@3e8c12c, org.springframework.security.web.authentication.UsernamePasswordAuthenticationFilter@453d357b, org.springframework.security.web.session.ConcurrentSessionFilter@3a202106, org.springframework.security.web.savedrequest.RequestCacheAwareFilter@4a153a5, org.springframework.security.web.servletapi.SecurityContextHolderAwareRequestFilter@37bd5010, org.springframework.security.web.authentication.AnonymousAuthenticationFilter@647013ee, org.springframework.security.web.session.SessionManagementFilter@55a11cdd, org.springframework.security.web.access.ExceptionTranslationFilter@21611dbe, org.springframework.security.web.access.intercept.FilterSecurityInterceptor@4b79c3db] 
20240306 02:23:32.057 [localhost-startStop-5] INFO o.s.b.c.l.s.SimpleJobLauncher - No TaskExecutor has been set, defaulting to synchronous executor. 
20240306 02:23:32.379 [localhost-startStop-5] INFO o.s.s.c.ThreadPoolTaskExecutor - Initializing ExecutorService 'applicationTaskExecutor' 
20240306 02:23:32.867 [localhost-startStop-5] INFO c.z.h.HikariDataSource - HikariPool-6 - Starting... 
20240306 02:23:32.992 [localhost-startStop-5] INFO c.z.h.p.PoolBase - HikariPool-6 - Driver does not support get/set network timeout for connections. (net.sf.log4jdbc.sql.jdbcapi.ConnectionSpy.getNetworkTimeout()I) 
20240306 02:23:32.995 [localhost-startStop-5] INFO c.z.h.HikariDataSource - HikariPool-6 - Start completed. 
20240306 02:23:32.999 [localhost-startStop-5] INFO o.s.b.c.r.s.JobRepositoryFactoryBean - No database type set, using meta data indicating: MYSQL 
20240306 02:23:33.013 [localhost-startStop-5] INFO o.s.b.c.l.s.SimpleJobLauncher - No TaskExecutor has been set, defaulting to synchronous executor. 
20240306 02:23:33.278 [localhost-startStop-5] INFO o.s.s.c.ThreadPoolTaskScheduler - Initializing ExecutorService 'taskScheduler' 
20240306 02:23:33.337 [localhost-startStop-5] INFO a.m.b.f.ServletInitializer - Started ServletInitializer in 5.673 seconds (JVM running for 142917.291) 
20240306 02:27:16.908 [localhost-startStop-6] INFO a.m.b.f.ServletInitializer - Starting ServletInitializer on minds with PID 44763 (/home/minds/maum/fast/apache-tomcat-8.5.99/webapps/ROOT/WEB-INF/classes started by minds in /home/minds/maum/fast/apache-tomcat-8.5.99/bin) 
20240306 02:27:16.910 [localhost-startStop-6] INFO a.m.b.f.ServletInitializer - The following profiles are active: prod 
20240306 02:27:18.252 [localhost-startStop-6] INFO o.s.c.s.PostProcessorRegistrationDelegate$BeanPostProcessorChecker - Bean 'org.springframework.hateoas.config.HateoasConfiguration' of type [org.springframework.hateoas.config.HateoasConfiguration$$EnhancerBySpringCGLIB$$d0faaefe] is not eligible for getting processed by all BeanPostProcessors (for example: not eligible for auto-proxying) 
20240306 02:27:18.264 [localhost-startStop-6] INFO o.s.c.s.PostProcessorRegistrationDelegate$BeanPostProcessorChecker - Bean 'org.springframework.transaction.annotation.ProxyTransactionManagementConfiguration' of type [org.springframework.transaction.annotation.ProxyTransactionManagementConfiguration$$EnhancerBySpringCGLIB$$517a61cc] is not eligible for getting processed by all BeanPostProcessors (for example: not eligible for auto-proxying) 
20240306 02:27:18.334 [localhost-startStop-6] INFO o.s.w.c.ContextLoader - Root WebApplicationContext: initialization completed in 1396 ms 
20240306 02:27:19.909 [localhost-startStop-6] INFO a.m.b.f.m.c.s.c.UpdateOpStatusController - 웹소켓(서버) UpdateOpStatusController 객체생성 
20240306 02:27:20.393 [localhost-startStop-6] INFO o.s.s.w.DefaultSecurityFilterChain - Creating filter chain: Ant [pattern='/favicon.ico'], [] 
20240306 02:27:20.393 [localhost-startStop-6] INFO o.s.s.w.DefaultSecurityFilterChain - Creating filter chain: Ant [pattern='/error/**'], [] 
20240306 02:27:20.393 [localhost-startStop-6] INFO o.s.s.w.DefaultSecurityFilterChain - Creating filter chain: Ant [pattern='/webjars/**'], [] 
20240306 02:27:20.393 [localhost-startStop-6] INFO o.s.s.w.DefaultSecurityFilterChain - Creating filter chain: Ant [pattern='/loginajax/**'], [] 
20240306 02:27:20.393 [localhost-startStop-6] INFO o.s.s.w.DefaultSecurityFilterChain - Creating filter chain: Ant [pattern='/resources/**'], [] 
20240306 02:27:20.393 [localhost-startStop-6] INFO o.s.s.w.DefaultSecurityFilterChain - Creating filter chain: Ant [pattern='/getRSAKeyValue/**'], [] 
20240306 02:27:20.510 [localhost-startStop-6] INFO o.s.s.w.DefaultSecurityFilterChain - Creating filter chain: any request, [org.springframework.security.web.context.request.async.WebAsyncManagerIntegrationFilter@1e293a1b, org.springframework.security.web.context.SecurityContextPersistenceFilter@5adf3a22, org.springframework.security.web.header.HeaderWriterFilter@7204a8a5, org.springframework.security.web.csrf.CsrfFilter@65247570, org.springframework.security.web.authentication.logout.LogoutFilter@1a170936, ai.maum.biz.fastaicc.common.JwtAuthenticationFilter@51ed7c1c, org.springframework.security.web.authentication.UsernamePasswordAuthenticationFilter@6d18047a, org.springframework.security.web.session.ConcurrentSessionFilter@5f505f6d, org.springframework.security.web.savedrequest.RequestCacheAwareFilter@33238536, org.springframework.security.web.servletapi.SecurityContextHolderAwareRequestFilter@3f382f00, org.springframework.security.web.authentication.AnonymousAuthenticationFilter@4cf4dd7, org.springframework.security.web.session.SessionManagementFilter@27fdbd28, org.springframework.security.web.access.ExceptionTranslationFilter@2e224c18, org.springframework.security.web.access.intercept.FilterSecurityInterceptor@388871a9] 
20240306 02:27:20.561 [localhost-startStop-6] INFO o.s.b.c.l.s.SimpleJobLauncher - No TaskExecutor has been set, defaulting to synchronous executor. 
20240306 02:27:20.881 [localhost-startStop-6] INFO o.s.s.c.ThreadPoolTaskExecutor - Initializing ExecutorService 'applicationTaskExecutor' 
20240306 02:27:21.737 [localhost-startStop-6] INFO c.z.h.HikariDataSource - HikariPool-7 - Starting... 
20240306 02:27:21.863 [localhost-startStop-6] INFO c.z.h.p.PoolBase - HikariPool-7 - Driver does not support get/set network timeout for connections. (net.sf.log4jdbc.sql.jdbcapi.ConnectionSpy.getNetworkTimeout()I) 
20240306 02:27:21.866 [localhost-startStop-6] INFO c.z.h.HikariDataSource - HikariPool-7 - Start completed. 
20240306 02:27:21.870 [localhost-startStop-6] INFO o.s.b.c.r.s.JobRepositoryFactoryBean - No database type set, using meta data indicating: MYSQL 
20240306 02:27:21.884 [localhost-startStop-6] INFO o.s.b.c.l.s.SimpleJobLauncher - No TaskExecutor has been set, defaulting to synchronous executor. 
20240306 02:27:22.151 [localhost-startStop-6] INFO o.s.s.c.ThreadPoolTaskScheduler - Initializing ExecutorService 'taskScheduler' 
20240306 02:27:22.208 [localhost-startStop-6] INFO a.m.b.f.ServletInitializer - Started ServletInitializer in 5.666 seconds (JVM running for 143146.162) 
20240306 02:30:00.100 [scheduling-1] DEBUG j.sqltiming -  com.zaxxer.hikari.pool.ProxyPreparedStatement.execute(ProxyPreparedStatement.java:44)
1. /* *BATCH_LOG* */ select ID , 'Y' AS batch_yn from AUTO_CALL_CONDITION C where 1 = 1 and USE_YN 
= 'Y' and ACTIVE_STATUS = 1 and (START_DTM <= date_format('2024-03-06 02:30:00', '%Y-%m-%d') 
and END_DTM >= date_format('2024-03-06 02:30:00', '%Y-%m-%d')) and (WEEK_DAY LIKE CONCAT('%', 
dayofweek('2024-03-06 02:30:00'),'%')) and date_format(DISPATCH_TIME, '%H:%i') = CONCAT(date_format('2024-03-06 
02:30:00', '%H'), ':', date_format('2024-03-06 02:30:00', '%i') div 10, '0') 
 {executed in 7 msec} 
20240306 02:30:00.110 [scheduling-1] INFO j.resultsettable - 
|---|---------|
|id |batch_yn |
|---|---------|
|---|---------|
 
20240306 02:30:25.904 [localhost-startStop-7] INFO a.m.b.f.ServletInitializer - Starting ServletInitializer on minds with PID 44763 (/home/minds/maum/fast/apache-tomcat-8.5.99/webapps/ROOT/WEB-INF/classes started by minds in /home/minds/maum/fast/apache-tomcat-8.5.99/bin) 
20240306 02:30:25.906 [localhost-startStop-7] INFO a.m.b.f.ServletInitializer - The following profiles are active: prod 
20240306 02:30:27.213 [localhost-startStop-7] INFO o.s.c.s.PostProcessorRegistrationDelegate$BeanPostProcessorChecker - Bean 'org.springframework.hateoas.config.HateoasConfiguration' of type [org.springframework.hateoas.config.HateoasConfiguration$$EnhancerBySpringCGLIB$$9d53855] is not eligible for getting processed by all BeanPostProcessors (for example: not eligible for auto-proxying) 
20240306 02:30:27.229 [localhost-startStop-7] INFO o.s.c.s.PostProcessorRegistrationDelegate$BeanPostProcessorChecker - Bean 'org.springframework.transaction.annotation.ProxyTransactionManagementConfiguration' of type [org.springframework.transaction.annotation.ProxyTransactionManagementConfiguration$$EnhancerBySpringCGLIB$$8a54eb23] is not eligible for getting processed by all BeanPostProcessors (for example: not eligible for auto-proxying) 
20240306 02:30:27.299 [localhost-startStop-7] INFO o.s.w.c.ContextLoader - Root WebApplicationContext: initialization completed in 1361 ms 
20240306 02:30:28.884 [localhost-startStop-7] INFO a.m.b.f.m.c.s.c.UpdateOpStatusController - 웹소켓(서버) UpdateOpStatusController 객체생성 
20240306 02:30:29.347 [localhost-startStop-7] INFO o.s.s.w.DefaultSecurityFilterChain - Creating filter chain: Ant [pattern='/favicon.ico'], [] 
20240306 02:30:29.347 [localhost-startStop-7] INFO o.s.s.w.DefaultSecurityFilterChain - Creating filter chain: Ant [pattern='/error/**'], [] 
20240306 02:30:29.347 [localhost-startStop-7] INFO o.s.s.w.DefaultSecurityFilterChain - Creating filter chain: Ant [pattern='/webjars/**'], [] 
20240306 02:30:29.347 [localhost-startStop-7] INFO o.s.s.w.DefaultSecurityFilterChain - Creating filter chain: Ant [pattern='/loginajax/**'], [] 
20240306 02:30:29.347 [localhost-startStop-7] INFO o.s.s.w.DefaultSecurityFilterChain - Creating filter chain: Ant [pattern='/resources/**'], [] 
20240306 02:30:29.347 [localhost-startStop-7] INFO o.s.s.w.DefaultSecurityFilterChain - Creating filter chain: Ant [pattern='/getRSAKeyValue/**'], [] 
20240306 02:30:29.462 [localhost-startStop-7] INFO o.s.s.w.DefaultSecurityFilterChain - Creating filter chain: any request, [org.springframework.security.web.context.request.async.WebAsyncManagerIntegrationFilter@3162a43e, org.springframework.security.web.context.SecurityContextPersistenceFilter@4cb909b9, org.springframework.security.web.header.HeaderWriterFilter@70880e0d, org.springframework.security.web.csrf.CsrfFilter@3d163a47, org.springframework.security.web.authentication.logout.LogoutFilter@3fc31f5f, ai.maum.biz.fastaicc.common.JwtAuthenticationFilter@431ebb16, org.springframework.security.web.authentication.UsernamePasswordAuthenticationFilter@f14822, org.springframework.security.web.session.ConcurrentSessionFilter@3c047b02, org.springframework.security.web.savedrequest.RequestCacheAwareFilter@4e737c5a, org.springframework.security.web.servletapi.SecurityContextHolderAwareRequestFilter@47d93b57, org.springframework.security.web.authentication.AnonymousAuthenticationFilter@32661c3e, org.springframework.security.web.session.SessionManagementFilter@6e4fe995, org.springframework.security.web.access.ExceptionTranslationFilter@1f580d2e, org.springframework.security.web.access.intercept.FilterSecurityInterceptor@340d20a7] 
20240306 02:30:29.516 [localhost-startStop-7] INFO o.s.b.c.l.s.SimpleJobLauncher - No TaskExecutor has been set, defaulting to synchronous executor. 
20240306 02:30:29.828 [localhost-startStop-7] INFO o.s.s.c.ThreadPoolTaskExecutor - Initializing ExecutorService 'applicationTaskExecutor' 
20240306 02:30:30.241 [localhost-startStop-7] INFO c.z.h.HikariDataSource - HikariPool-8 - Starting... 
20240306 02:30:30.359 [localhost-startStop-7] INFO c.z.h.p.PoolBase - HikariPool-8 - Driver does not support get/set network timeout for connections. (net.sf.log4jdbc.sql.jdbcapi.ConnectionSpy.getNetworkTimeout()I) 
20240306 02:30:30.362 [localhost-startStop-7] INFO c.z.h.HikariDataSource - HikariPool-8 - Start completed. 
20240306 02:30:30.365 [localhost-startStop-7] INFO o.s.b.c.r.s.JobRepositoryFactoryBean - No database type set, using meta data indicating: MYSQL 
20240306 02:30:30.379 [localhost-startStop-7] INFO o.s.b.c.l.s.SimpleJobLauncher - No TaskExecutor has been set, defaulting to synchronous executor. 
20240306 02:30:30.643 [localhost-startStop-7] INFO o.s.s.c.ThreadPoolTaskScheduler - Initializing ExecutorService 'taskScheduler' 
20240306 02:30:30.702 [localhost-startStop-7] INFO a.m.b.f.ServletInitializer - Started ServletInitializer in 5.178 seconds (JVM running for 143334.656) 
20240306 02:45:23.356 [localhost-startStop-9] INFO a.m.b.f.ServletInitializer - Starting ServletInitializer on minds with PID 44763 (/home/minds/maum/fast/apache-tomcat-8.5.99/webapps/ROOT/WEB-INF/classes started by minds in /home/minds/maum/fast/apache-tomcat-8.5.99/bin) 
20240306 02:45:23.358 [localhost-startStop-9] INFO a.m.b.f.ServletInitializer - The following profiles are active: prod 
20240306 02:45:24.825 [localhost-startStop-9] INFO o.s.c.s.PostProcessorRegistrationDelegate$BeanPostProcessorChecker - Bean 'org.springframework.hateoas.config.HateoasConfiguration' of type [org.springframework.hateoas.config.HateoasConfiguration$$EnhancerBySpringCGLIB$$3a19e345] is not eligible for getting processed by all BeanPostProcessors (for example: not eligible for auto-proxying) 
20240306 02:45:24.838 [localhost-startStop-9] INFO o.s.c.s.PostProcessorRegistrationDelegate$BeanPostProcessorChecker - Bean 'org.springframework.transaction.annotation.ProxyTransactionManagementConfiguration' of type [org.springframework.transaction.annotation.ProxyTransactionManagementConfiguration$$EnhancerBySpringCGLIB$$ba999613] is not eligible for getting processed by all BeanPostProcessors (for example: not eligible for auto-proxying) 
20240306 02:45:24.931 [localhost-startStop-9] INFO o.s.w.c.ContextLoader - Root WebApplicationContext: initialization completed in 1544 ms 
20240306 02:45:26.957 [localhost-startStop-9] INFO a.m.b.f.m.c.s.c.UpdateOpStatusController - 웹소켓(서버) UpdateOpStatusController 객체생성 
20240306 02:45:27.435 [localhost-startStop-9] INFO o.s.s.w.DefaultSecurityFilterChain - Creating filter chain: Ant [pattern='/favicon.ico'], [] 
20240306 02:45:27.435 [localhost-startStop-9] INFO o.s.s.w.DefaultSecurityFilterChain - Creating filter chain: Ant [pattern='/error/**'], [] 
20240306 02:45:27.435 [localhost-startStop-9] INFO o.s.s.w.DefaultSecurityFilterChain - Creating filter chain: Ant [pattern='/webjars/**'], [] 
20240306 02:45:27.435 [localhost-startStop-9] INFO o.s.s.w.DefaultSecurityFilterChain - Creating filter chain: Ant [pattern='/loginajax/**'], [] 
20240306 02:45:27.435 [localhost-startStop-9] INFO o.s.s.w.DefaultSecurityFilterChain - Creating filter chain: Ant [pattern='/resources/**'], [] 
20240306 02:45:27.435 [localhost-startStop-9] INFO o.s.s.w.DefaultSecurityFilterChain - Creating filter chain: Ant [pattern='/getRSAKeyValue/**'], [] 
20240306 02:45:27.546 [localhost-startStop-9] INFO o.s.s.w.DefaultSecurityFilterChain - Creating filter chain: any request, [org.springframework.security.web.context.request.async.WebAsyncManagerIntegrationFilter@15133cb5, org.springframework.security.web.context.SecurityContextPersistenceFilter@12737d49, org.springframework.security.web.header.HeaderWriterFilter@77d409d8, org.springframework.security.web.csrf.CsrfFilter@5f22ab9e, org.springframework.security.web.authentication.logout.LogoutFilter@27e31715, ai.maum.biz.fastaicc.common.JwtAuthenticationFilter@6aa4a033, org.springframework.security.web.authentication.UsernamePasswordAuthenticationFilter@c8e9c60, org.springframework.security.web.session.ConcurrentSessionFilter@77bc72d2, org.springframework.security.web.savedrequest.RequestCacheAwareFilter@707cbd38, org.springframework.security.web.servletapi.SecurityContextHolderAwareRequestFilter@2f2095b, org.springframework.security.web.authentication.AnonymousAuthenticationFilter@30bc6b54, org.springframework.security.web.session.SessionManagementFilter@420e05ca, org.springframework.security.web.access.ExceptionTranslationFilter@d1f656d, org.springframework.security.web.access.intercept.FilterSecurityInterceptor@3c3f73] 
20240306 02:45:27.596 [localhost-startStop-9] INFO o.s.b.c.l.s.SimpleJobLauncher - No TaskExecutor has been set, defaulting to synchronous executor. 
20240306 02:45:27.908 [localhost-startStop-9] INFO o.s.s.c.ThreadPoolTaskExecutor - Initializing ExecutorService 'applicationTaskExecutor' 
20240306 02:45:28.337 [localhost-startStop-9] INFO c.z.h.HikariDataSource - HikariPool-10 - Starting... 
20240306 02:45:28.451 [localhost-startStop-9] INFO c.z.h.p.PoolBase - HikariPool-10 - Driver does not support get/set network timeout for connections. (net.sf.log4jdbc.sql.jdbcapi.ConnectionSpy.getNetworkTimeout()I) 
20240306 02:45:28.454 [localhost-startStop-9] INFO c.z.h.HikariDataSource - HikariPool-10 - Start completed. 
20240306 02:45:28.457 [localhost-startStop-9] INFO o.s.b.c.r.s.JobRepositoryFactoryBean - No database type set, using meta data indicating: MYSQL 
20240306 02:45:28.470 [localhost-startStop-9] INFO o.s.b.c.l.s.SimpleJobLauncher - No TaskExecutor has been set, defaulting to synchronous executor. 
20240306 02:45:28.767 [localhost-startStop-9] INFO o.s.s.c.ThreadPoolTaskScheduler - Initializing ExecutorService 'taskScheduler' 
20240306 02:45:28.827 [localhost-startStop-9] INFO a.m.b.f.ServletInitializer - Started ServletInitializer in 5.877 seconds (JVM running for 144232.781) 
20240306 02:47:02.438 [localhost-startStop-10] INFO a.m.b.f.ServletInitializer - Starting ServletInitializer on minds with PID 44763 (/home/minds/maum/fast/apache-tomcat-8.5.99/webapps/ROOT/WEB-INF/classes started by minds in /home/minds/maum/fast/apache-tomcat-8.5.99/bin) 
20240306 02:47:02.440 [localhost-startStop-10] INFO a.m.b.f.ServletInitializer - The following profiles are active: prod 
20240306 02:47:03.721 [localhost-startStop-10] INFO o.s.c.s.PostProcessorRegistrationDelegate$BeanPostProcessorChecker - Bean 'org.springframework.hateoas.config.HateoasConfiguration' of type [org.springframework.hateoas.config.HateoasConfiguration$$EnhancerBySpringCGLIB$$6d335d28] is not eligible for getting processed by all BeanPostProcessors (for example: not eligible for auto-proxying) 
20240306 02:47:03.737 [localhost-startStop-10] INFO o.s.c.s.PostProcessorRegistrationDelegate$BeanPostProcessorChecker - Bean 'org.springframework.transaction.annotation.ProxyTransactionManagementConfiguration' of type [org.springframework.transaction.annotation.ProxyTransactionManagementConfiguration$$EnhancerBySpringCGLIB$$edb30ff6] is not eligible for getting processed by all BeanPostProcessors (for example: not eligible for auto-proxying) 
20240306 02:47:03.811 [localhost-startStop-10] INFO o.s.w.c.ContextLoader - Root WebApplicationContext: initialization completed in 1340 ms 
20240306 02:47:05.425 [localhost-startStop-10] INFO a.m.b.f.m.c.s.c.UpdateOpStatusController - 웹소켓(서버) UpdateOpStatusController 객체생성 
20240306 02:47:05.964 [localhost-startStop-10] INFO o.s.s.w.DefaultSecurityFilterChain - Creating filter chain: Ant [pattern='/favicon.ico'], [] 
20240306 02:47:05.965 [localhost-startStop-10] INFO o.s.s.w.DefaultSecurityFilterChain - Creating filter chain: Ant [pattern='/error/**'], [] 
20240306 02:47:05.965 [localhost-startStop-10] INFO o.s.s.w.DefaultSecurityFilterChain - Creating filter chain: Ant [pattern='/webjars/**'], [] 
20240306 02:47:05.965 [localhost-startStop-10] INFO o.s.s.w.DefaultSecurityFilterChain - Creating filter chain: Ant [pattern='/loginajax/**'], [] 
20240306 02:47:05.965 [localhost-startStop-10] INFO o.s.s.w.DefaultSecurityFilterChain - Creating filter chain: Ant [pattern='/resources/**'], [] 
20240306 02:47:05.965 [localhost-startStop-10] INFO o.s.s.w.DefaultSecurityFilterChain - Creating filter chain: Ant [pattern='/getRSAKeyValue/**'], [] 
20240306 02:47:06.073 [localhost-startStop-10] INFO o.s.s.w.DefaultSecurityFilterChain - Creating filter chain: any request, [org.springframework.security.web.context.request.async.WebAsyncManagerIntegrationFilter@7dc8fef1, org.springframework.security.web.context.SecurityContextPersistenceFilter@2dfbdc60, org.springframework.security.web.header.HeaderWriterFilter@663787ab, org.springframework.security.web.csrf.CsrfFilter@52c79219, org.springframework.security.web.authentication.logout.LogoutFilter@120aa3da, ai.maum.biz.fastaicc.common.JwtAuthenticationFilter@80c9323, org.springframework.security.web.authentication.UsernamePasswordAuthenticationFilter@69ea62a9, org.springframework.security.web.session.ConcurrentSessionFilter@6df5e5a0, org.springframework.security.web.savedrequest.RequestCacheAwareFilter@3e8e8870, org.springframework.security.web.servletapi.SecurityContextHolderAwareRequestFilter@74f233c3, org.springframework.security.web.authentication.AnonymousAuthenticationFilter@77347e18, org.springframework.security.web.session.SessionManagementFilter@4d7c172d, org.springframework.security.web.access.ExceptionTranslationFilter@2742516c, org.springframework.security.web.access.intercept.FilterSecurityInterceptor@72ceb1d3] 
20240306 02:47:06.124 [localhost-startStop-10] INFO o.s.b.c.l.s.SimpleJobLauncher - No TaskExecutor has been set, defaulting to synchronous executor. 
20240306 02:47:06.441 [localhost-startStop-10] INFO o.s.s.c.ThreadPoolTaskExecutor - Initializing ExecutorService 'applicationTaskExecutor' 
20240306 02:47:06.857 [localhost-startStop-10] INFO c.z.h.HikariDataSource - HikariPool-11 - Starting... 
20240306 02:47:06.973 [localhost-startStop-10] INFO c.z.h.p.PoolBase - HikariPool-11 - Driver does not support get/set network timeout for connections. (net.sf.log4jdbc.sql.jdbcapi.ConnectionSpy.getNetworkTimeout()I) 
20240306 02:47:06.976 [localhost-startStop-10] INFO c.z.h.HikariDataSource - HikariPool-11 - Start completed. 
20240306 02:47:06.980 [localhost-startStop-10] INFO o.s.b.c.r.s.JobRepositoryFactoryBean - No database type set, using meta data indicating: MYSQL 
20240306 02:47:06.992 [localhost-startStop-10] INFO o.s.b.c.l.s.SimpleJobLauncher - No TaskExecutor has been set, defaulting to synchronous executor. 
20240306 02:47:07.275 [localhost-startStop-10] INFO o.s.s.c.ThreadPoolTaskScheduler - Initializing ExecutorService 'taskScheduler' 
20240306 02:47:07.328 [localhost-startStop-10] INFO a.m.b.f.ServletInitializer - Started ServletInitializer in 5.252 seconds (JVM running for 144331.282) 
20240306 02:50:00.067 [scheduling-1] DEBUG j.sqltiming -  com.zaxxer.hikari.pool.ProxyPreparedStatement.execute(ProxyPreparedStatement.java:44)
1. /* *BATCH_LOG* */ select ID , 'Y' AS batch_yn from AUTO_CALL_CONDITION C where 1 = 1 and USE_YN 
= 'Y' and ACTIVE_STATUS = 1 and (START_DTM <= date_format('2024-03-06 02:50:00', '%Y-%m-%d') 
and END_DTM >= date_format('2024-03-06 02:50:00', '%Y-%m-%d')) and (WEEK_DAY LIKE CONCAT('%', 
dayofweek('2024-03-06 02:50:00'),'%')) and date_format(DISPATCH_TIME, '%H:%i') = CONCAT(date_format('2024-03-06 
02:50:00', '%H'), ':', date_format('2024-03-06 02:50:00', '%i') div 10, '0') 
 {executed in 9 msec} 
20240306 02:50:00.082 [scheduling-1] INFO j.resultsettable - 
|---|---------|
|id |batch_yn |
|---|---------|
|---|---------|
 
20240306 03:00:00.003 [scheduling-1] DEBUG j.sqltiming -  com.zaxxer.hikari.pool.ProxyPreparedStatement.execute(ProxyPreparedStatement.java:44)
1. /* *BATCH_LOG* */ select ID , 'Y' AS batch_yn from AUTO_CALL_CONDITION C where 1 = 1 and USE_YN 
= 'Y' and ACTIVE_STATUS = 1 and (START_DTM <= date_format('2024-03-06 03:00:00', '%Y-%m-%d') 
and END_DTM >= date_format('2024-03-06 03:00:00', '%Y-%m-%d')) and (WEEK_DAY LIKE CONCAT('%', 
dayofweek('2024-03-06 03:00:00'),'%')) and date_format(DISPATCH_TIME, '%H:%i') = CONCAT(date_format('2024-03-06 
03:00:00', '%H'), ':', date_format('2024-03-06 03:00:00', '%i') div 10, '0') 
 {executed in 1 msec} 
20240306 03:00:00.004 [scheduling-1] INFO j.resultsettable - 
|---|---------|
|id |batch_yn |
|---|---------|
|---|---------|
 
20240306 03:10:00.002 [scheduling-1] DEBUG j.sqltiming -  com.zaxxer.hikari.pool.ProxyPreparedStatement.execute(ProxyPreparedStatement.java:44)
1. /* *BATCH_LOG* */ select ID , 'Y' AS batch_yn from AUTO_CALL_CONDITION C where 1 = 1 and USE_YN 
= 'Y' and ACTIVE_STATUS = 1 and (START_DTM <= date_format('2024-03-06 03:10:00', '%Y-%m-%d') 
and END_DTM >= date_format('2024-03-06 03:10:00', '%Y-%m-%d')) and (WEEK_DAY LIKE CONCAT('%', 
dayofweek('2024-03-06 03:10:00'),'%')) and date_format(DISPATCH_TIME, '%H:%i') = CONCAT(date_format('2024-03-06 
03:10:00', '%H'), ':', date_format('2024-03-06 03:10:00', '%i') div 10, '0') 
 {executed in 1 msec} 
20240306 03:10:00.003 [scheduling-1] INFO j.resultsettable - 
|---|---------|
|id |batch_yn |
|---|---------|
|---|---------|
 
20240306 03:20:00.004 [scheduling-1] DEBUG j.sqltiming -  com.zaxxer.hikari.pool.ProxyPreparedStatement.execute(ProxyPreparedStatement.java:44)
11. /* *BATCH_LOG* */ select ID , 'Y' AS batch_yn from AUTO_CALL_CONDITION C where 1 = 1 and USE_YN 
= 'Y' and ACTIVE_STATUS = 1 and (START_DTM <= date_format('2024-03-06 03:20:00', '%Y-%m-%d') 
and END_DTM >= date_format('2024-03-06 03:20:00', '%Y-%m-%d')) and (WEEK_DAY LIKE CONCAT('%', 
dayofweek('2024-03-06 03:20:00'),'%')) and date_format(DISPATCH_TIME, '%H:%i') = CONCAT(date_format('2024-03-06 
03:20:00', '%H'), ':', date_format('2024-03-06 03:20:00', '%i') div 10, '0') 
 {executed in 1 msec} 
20240306 03:20:00.005 [scheduling-1] INFO j.resultsettable - 
|---|---------|
|id |batch_yn |
|---|---------|
|---|---------|
 
20240306 03:30:00.003 [scheduling-1] DEBUG j.sqltiming -  com.zaxxer.hikari.pool.ProxyPreparedStatement.execute(ProxyPreparedStatement.java:44)
11. /* *BATCH_LOG* */ select ID , 'Y' AS batch_yn from AUTO_CALL_CONDITION C where 1 = 1 and USE_YN 
= 'Y' and ACTIVE_STATUS = 1 and (START_DTM <= date_format('2024-03-06 03:30:00', '%Y-%m-%d') 
and END_DTM >= date_format('2024-03-06 03:30:00', '%Y-%m-%d')) and (WEEK_DAY LIKE CONCAT('%', 
dayofweek('2024-03-06 03:30:00'),'%')) and date_format(DISPATCH_TIME, '%H:%i') = CONCAT(date_format('2024-03-06 
03:30:00', '%H'), ':', date_format('2024-03-06 03:30:00', '%i') div 10, '0') 
 {executed in 1 msec} 
20240306 03:30:00.003 [scheduling-1] INFO j.resultsettable - 
|---|---------|
|id |batch_yn |
|---|---------|
|---|---------|
 
20240306 03:40:00.003 [scheduling-1] DEBUG j.sqltiming -  com.zaxxer.hikari.pool.ProxyPreparedStatement.execute(ProxyPreparedStatement.java:44)
11. /* *BATCH_LOG* */ select ID , 'Y' AS batch_yn from AUTO_CALL_CONDITION C where 1 = 1 and USE_YN 
= 'Y' and ACTIVE_STATUS = 1 and (START_DTM <= date_format('2024-03-06 03:40:00', '%Y-%m-%d') 
and END_DTM >= date_format('2024-03-06 03:40:00', '%Y-%m-%d')) and (WEEK_DAY LIKE CONCAT('%', 
dayofweek('2024-03-06 03:40:00'),'%')) and date_format(DISPATCH_TIME, '%H:%i') = CONCAT(date_format('2024-03-06 
03:40:00', '%H'), ':', date_format('2024-03-06 03:40:00', '%i') div 10, '0') 
 {executed in 1 msec} 
20240306 03:40:00.004 [scheduling-1] INFO j.resultsettable - 
|---|---------|
|id |batch_yn |
|---|---------|
|---|---------|
 
20240306 03:50:00.003 [scheduling-1] DEBUG j.sqltiming -  com.zaxxer.hikari.pool.ProxyPreparedStatement.execute(ProxyPreparedStatement.java:44)
21. /* *BATCH_LOG* */ select ID , 'Y' AS batch_yn from AUTO_CALL_CONDITION C where 1 = 1 and USE_YN 
= 'Y' and ACTIVE_STATUS = 1 and (START_DTM <= date_format('2024-03-06 03:50:00', '%Y-%m-%d') 
and END_DTM >= date_format('2024-03-06 03:50:00', '%Y-%m-%d')) and (WEEK_DAY LIKE CONCAT('%', 
dayofweek('2024-03-06 03:50:00'),'%')) and date_format(DISPATCH_TIME, '%H:%i') = CONCAT(date_format('2024-03-06 
03:50:00', '%H'), ':', date_format('2024-03-06 03:50:00', '%i') div 10, '0') 
 {executed in 1 msec} 
20240306 03:50:00.004 [scheduling-1] INFO j.resultsettable - 
|---|---------|
|id |batch_yn |
|---|---------|
|---|---------|
 
20240306 04:00:00.003 [scheduling-1] DEBUG j.sqltiming -  com.zaxxer.hikari.pool.ProxyPreparedStatement.execute(ProxyPreparedStatement.java:44)
21. /* *BATCH_LOG* */ select ID , 'Y' AS batch_yn from AUTO_CALL_CONDITION C where 1 = 1 and USE_YN 
= 'Y' and ACTIVE_STATUS = 1 and (START_DTM <= date_format('2024-03-06 04:00:00', '%Y-%m-%d') 
and END_DTM >= date_format('2024-03-06 04:00:00', '%Y-%m-%d')) and (WEEK_DAY LIKE CONCAT('%', 
dayofweek('2024-03-06 04:00:00'),'%')) and date_format(DISPATCH_TIME, '%H:%i') = CONCAT(date_format('2024-03-06 
04:00:00', '%H'), ':', date_format('2024-03-06 04:00:00', '%i') div 10, '0') 
 {executed in 0 msec} 
20240306 04:00:00.003 [scheduling-1] INFO j.resultsettable - 
|---|---------|
|id |batch_yn |
|---|---------|
|---|---------|
 
20240306 04:10:00.002 [scheduling-1] DEBUG j.sqltiming -  com.zaxxer.hikari.pool.ProxyPreparedStatement.execute(ProxyPreparedStatement.java:44)
21. /* *BATCH_LOG* */ select ID , 'Y' AS batch_yn from AUTO_CALL_CONDITION C where 1 = 1 and USE_YN 
= 'Y' and ACTIVE_STATUS = 1 and (START_DTM <= date_format('2024-03-06 04:10:00', '%Y-%m-%d') 
and END_DTM >= date_format('2024-03-06 04:10:00', '%Y-%m-%d')) and (WEEK_DAY LIKE CONCAT('%', 
dayofweek('2024-03-06 04:10:00'),'%')) and date_format(DISPATCH_TIME, '%H:%i') = CONCAT(date_format('2024-03-06 
04:10:00', '%H'), ':', date_format('2024-03-06 04:10:00', '%i') div 10, '0') 
 {executed in 1 msec} 
20240306 04:10:00.003 [scheduling-1] INFO j.resultsettable - 
|---|---------|
|id |batch_yn |
|---|---------|
|---|---------|
 
20240306 04:20:00.003 [scheduling-1] DEBUG j.sqltiming -  com.zaxxer.hikari.pool.ProxyPreparedStatement.execute(ProxyPreparedStatement.java:44)
31. /* *BATCH_LOG* */ select ID , 'Y' AS batch_yn from AUTO_CALL_CONDITION C where 1 = 1 and USE_YN 
= 'Y' and ACTIVE_STATUS = 1 and (START_DTM <= date_format('2024-03-06 04:20:00', '%Y-%m-%d') 
and END_DTM >= date_format('2024-03-06 04:20:00', '%Y-%m-%d')) and (WEEK_DAY LIKE CONCAT('%', 
dayofweek('2024-03-06 04:20:00'),'%')) and date_format(DISPATCH_TIME, '%H:%i') = CONCAT(date_format('2024-03-06 
04:20:00', '%H'), ':', date_format('2024-03-06 04:20:00', '%i') div 10, '0') 
 {executed in 0 msec} 
20240306 04:20:00.003 [scheduling-1] INFO j.resultsettable - 
|---|---------|
|id |batch_yn |
|---|---------|
|---|---------|
 
20240306 04:30:00.002 [scheduling-1] DEBUG j.sqltiming -  com.zaxxer.hikari.pool.ProxyPreparedStatement.execute(ProxyPreparedStatement.java:44)
31. /* *BATCH_LOG* */ select ID , 'Y' AS batch_yn from AUTO_CALL_CONDITION C where 1 = 1 and USE_YN 
= 'Y' and ACTIVE_STATUS = 1 and (START_DTM <= date_format('2024-03-06 04:30:00', '%Y-%m-%d') 
and END_DTM >= date_format('2024-03-06 04:30:00', '%Y-%m-%d')) and (WEEK_DAY LIKE CONCAT('%', 
dayofweek('2024-03-06 04:30:00'),'%')) and date_format(DISPATCH_TIME, '%H:%i') = CONCAT(date_format('2024-03-06 
04:30:00', '%H'), ':', date_format('2024-03-06 04:30:00', '%i') div 10, '0') 
 {executed in 1 msec} 
20240306 04:30:00.002 [scheduling-1] INFO j.resultsettable - 
|---|---------|
|id |batch_yn |
|---|---------|
|---|---------|
 
20240306 04:40:00.003 [scheduling-1] DEBUG j.sqltiming -  com.zaxxer.hikari.pool.ProxyPreparedStatement.execute(ProxyPreparedStatement.java:44)
31. /* *BATCH_LOG* */ select ID , 'Y' AS batch_yn from AUTO_CALL_CONDITION C where 1 = 1 and USE_YN 
= 'Y' and ACTIVE_STATUS = 1 and (START_DTM <= date_format('2024-03-06 04:40:00', '%Y-%m-%d') 
and END_DTM >= date_format('2024-03-06 04:40:00', '%Y-%m-%d')) and (WEEK_DAY LIKE CONCAT('%', 
dayofweek('2024-03-06 04:40:00'),'%')) and date_format(DISPATCH_TIME, '%H:%i') = CONCAT(date_format('2024-03-06 
04:40:00', '%H'), ':', date_format('2024-03-06 04:40:00', '%i') div 10, '0') 
 {executed in 1 msec} 
20240306 04:40:00.003 [scheduling-1] INFO j.resultsettable - 
|---|---------|
|id |batch_yn |
|---|---------|
|---|---------|
 
20240306 04:50:00.002 [scheduling-1] DEBUG j.sqltiming -  com.zaxxer.hikari.pool.ProxyPreparedStatement.execute(ProxyPreparedStatement.java:44)
41. /* *BATCH_LOG* */ select ID , 'Y' AS batch_yn from AUTO_CALL_CONDITION C where 1 = 1 and USE_YN 
= 'Y' and ACTIVE_STATUS = 1 and (START_DTM <= date_format('2024-03-06 04:50:00', '%Y-%m-%d') 
and END_DTM >= date_format('2024-03-06 04:50:00', '%Y-%m-%d')) and (WEEK_DAY LIKE CONCAT('%', 
dayofweek('2024-03-06 04:50:00'),'%')) and date_format(DISPATCH_TIME, '%H:%i') = CONCAT(date_format('2024-03-06 
04:50:00', '%H'), ':', date_format('2024-03-06 04:50:00', '%i') div 10, '0') 
 {executed in 1 msec} 
20240306 04:50:00.005 [scheduling-1] INFO j.resultsettable - 
|---|---------|
|id |batch_yn |
|---|---------|
|---|---------|
 
20240306 04:55:37.761 [http-nio-18080-exec-62] INFO o.s.w.s.DispatcherServlet - Initializing Servlet 'dispatcherServlet' 
20240306 04:55:37.795 [http-nio-18080-exec-62] INFO o.s.w.s.DispatcherServlet - Completed initialization in 34 ms 
20240306 04:56:14.568 [http-nio-18080-exec-69] DEBUG j.sqltiming -  com.zaxxer.hikari.pool.ProxyPreparedStatement.execute(ProxyPreparedStatement.java:44)
41. SELECT * FROM TN_USER WHERE USER_ID = 'fast01' 
 {executed in 1 msec} 
20240306 04:56:14.578 [http-nio-18080-exec-69] INFO j.resultsettable - 
|--------|-----------|--------|-------------|-------|---------|----------|---------------------------------------------------------------------|--------|-------|------|---------------|-----------|--------|---------------|-----------|-------|------------|---------------|--------------------|--------|-------------|-------------|-------------|-------|-----------|-------------|--------------------|-------------------|--------|---------------------------------|------------|--------------------|----------|--------|----------|----------|-------|------------|---------|
|user_id |company_id |user_no |user_auth_ty |ci_nfo |dup_info |sbscrb_ty |user_pw                                                              |user_nm |brthdy |email |login_fail_cnt |expired_yn |lock_yn |crt_expried_yn |enabled_yn |sso_yn |position_cd |cust_op_status |chat_consult_status |dept_cd |moblphon_no1 |moblphon_no2 |moblphon_no3 |zip    |bass_adres |detail_adres |recent_conect_dt    |password_change_de |sexdstn |session_id                       |register_id |regist_dt           |updusr_id |updt_dt |delete_at |delete_dt |use_at |max_chatbot |pw_error |
|--------|-----------|--------|-------------|-------|---------|----------|---------------------------------------------------------------------|--------|-------|------|---------------|-----------|--------|---------------|-----------|-------|------------|---------------|--------------------|--------|-------------|-------------|-------------|-------|-----------|-------------|--------------------|-------------------|--------|---------------------------------|------------|--------------------|----------|--------|----------|----------|-------|------------|---------|
|fast01  |001        |2506    |S            |[null] |[null]   |I         |{bcrypt}$2a$10$wn5ofF7rZraAM3yV03pqje5n5Cfb9vZIvlLwtBO5E1KjmVHr2OCCq |fast01  |       |null  |0              |Y          |Y       |Y              |Y          |N      |            |04             |02                  |        |             |             |             |[null] |           |             |2024-03-06 01:56:26 |[null]             |0       |55678EA41BB2F94B46E1EA17BD8F6228 |fast01      |2024-03-04 10:02:49 |null      |null    |N         |null      |Y      |5           |0        |
|--------|-----------|--------|-------------|-------|---------|----------|---------------------------------------------------------------------|--------|-------|------|---------------|-----------|--------|---------------|-----------|-------|------------|---------------|--------------------|--------|-------------|-------------|-------------|-------|-----------|-------------|--------------------|-------------------|--------|---------------------------------|------------|--------------------|----------|--------|----------|----------|-------|------------|---------|
 
20240306 04:56:14.617 [http-nio-18080-exec-70] DEBUG j.sqltiming -  com.zaxxer.hikari.pool.ProxyPreparedStatement.execute(ProxyPreparedStatement.java:44)
41. SELECT * FROM TN_USER WHERE USER_ID = 'fast01' 
 {executed in 1 msec} 
20240306 04:56:14.621 [http-nio-18080-exec-70] INFO j.resultsettable - 
|--------|-----------|--------|-------------|-------|---------|----------|---------------------------------------------------------------------|--------|-------|------|---------------|-----------|--------|---------------|-----------|-------|------------|---------------|--------------------|--------|-------------|-------------|-------------|-------|-----------|-------------|--------------------|-------------------|--------|---------------------------------|------------|--------------------|----------|--------|----------|----------|-------|------------|---------|
|user_id |company_id |user_no |user_auth_ty |ci_nfo |dup_info |sbscrb_ty |user_pw                                                              |user_nm |brthdy |email |login_fail_cnt |expired_yn |lock_yn |crt_expried_yn |enabled_yn |sso_yn |position_cd |cust_op_status |chat_consult_status |dept_cd |moblphon_no1 |moblphon_no2 |moblphon_no3 |zip    |bass_adres |detail_adres |recent_conect_dt    |password_change_de |sexdstn |session_id                       |register_id |regist_dt           |updusr_id |updt_dt |delete_at |delete_dt |use_at |max_chatbot |pw_error |
|--------|-----------|--------|-------------|-------|---------|----------|---------------------------------------------------------------------|--------|-------|------|---------------|-----------|--------|---------------|-----------|-------|------------|---------------|--------------------|--------|-------------|-------------|-------------|-------|-----------|-------------|--------------------|-------------------|--------|---------------------------------|------------|--------------------|----------|--------|----------|----------|-------|------------|---------|
|fast01  |001        |2506    |S            |[null] |[null]   |I         |{bcrypt}$2a$10$wn5ofF7rZraAM3yV03pqje5n5Cfb9vZIvlLwtBO5E1KjmVHr2OCCq |fast01  |       |null  |0              |Y          |Y       |Y              |Y          |N      |            |04             |02                  |        |             |             |             |[null] |           |             |2024-03-06 01:56:26 |[null]             |0       |55678EA41BB2F94B46E1EA17BD8F6228 |fast01      |2024-03-04 10:02:49 |null      |null    |N         |null      |Y      |5           |0        |
|--------|-----------|--------|-------------|-------|---------|----------|---------------------------------------------------------------------|--------|-------|------|---------------|-----------|--------|---------------|-----------|-------|------------|---------------|--------------------|--------|-------------|-------------|-------------|-------|-----------|-------------|--------------------|-------------------|--------|---------------------------------|------------|--------------------|----------|--------|----------|----------|-------|------------|---------|
 
20240306 04:56:14.754 [http-nio-18080-exec-70] DEBUG j.sqltiming -  com.zaxxer.hikari.pool.ProxyPreparedStatement.execute(ProxyPreparedStatement.java:44)
41. UPDATE TN_USER SET RECENT_CONECT_DT=NOW(),SESSION_ID='C2BEF6595B5172DCF41C215898A33312' WHERE 
USER_ID='fast01' 
 {executed in 7 msec} 
20240306 04:56:14.755 [http-nio-18080-exec-70] DEBUG j.sqltiming -  com.zaxxer.hikari.pool.ProxyPreparedStatement.execute(ProxyPreparedStatement.java:44)
41. UPDATE TN_USER SET PW_ERROR = 0 WHERE USER_ID = 'fast01' 
 {executed in 1 msec} 
20240306 04:56:14.760 [http-nio-18080-exec-70] DEBUG j.sqltiming -  com.zaxxer.hikari.pool.ProxyPreparedStatement.execute(ProxyPreparedStatement.java:44)
41. SELECT DISTINCT * FROM ( SELECT B.* FROM TN_MENU B WHERE B.DELETE_AT = 'N' AND B.USE_AT='Y' 
AND B.MENU_CODE != 'MENU055' AND (B.TOP_MENU_CODE != 'MENU055' OR B.TOP_MENU_CODE IS NULL ) 
UNION ALL /** 시스템 메뉴 강제 추가**/ SELECT B.* FROM TN_MENU B WHERE ( (B.MENU_CODE = 'MENU043' OR 
B.TOP_MENU_CODE = 'MENU043') OR B.MENU_CODE='MENU042') ) B ORDER BY B.MENU_DP,B.SORT_ORDR ASC 
 {executed in 3 msec} 
20240306 04:56:14.770 [http-nio-18080-exec-70] INFO j.resultsettable - 
|----------|---------------|--------------------------------|-----------|-----------|--------------|-----------------|--------|----------|--------------|--------------------------|--------|--------|----------|--------------------|--------------------|------------|--------------------|----------|--------|-------|----------|----------|----------|----------|
|menu_code |menu_nm_ko     |menu_nm_en                      |bass_cours |menu_cours |top_menu_code |parnts_menu_code |menu_dp |sort_ordr |mngr_menu_url |user_menu_url             |menu_ty |link_ty |cntnts_ty |menu_on_image       |menu_off_image      |register_id |regist_dt           |updusr_id |updt_dt |use_at |delete_at |delete_dt |mngt_menu |mngt_auth |
|----------|---------------|--------------------------------|-----------|-----------|--------------|-----------------|--------|----------|--------------|--------------------------|--------|--------|----------|--------------------|--------------------|------------|--------------------|----------|--------|-------|----------|----------|----------|----------|
|MENU002   |FAST 대화형 AI 관리 |Manage FAST Conversation AI     |[null]     |[null]     |MENU001       |MENU001          |0       |1         |null          |null                      |01      |00      |01        |ico_superAdmin      |ico_superAdmin      |null        |2024-03-04 10:02:49 |null      |null    |Y      |N         |null      |Y         |S         |
|MENU003   |회사 및 권한관리      |Manage Company & Auth           |[null]     |[null]     |MENU002       |MENU001          |0       |1         |null          |/superCompMain            |01      |01      |01        |null                |null                |null        |2024-03-04 10:02:49 |null      |null    |Y      |N         |null      |Y         |S         |
|MENU013   |상담관리           |Manage Consults                 |상담관리       |[null]     |null          |MENU013          |0       |1         |null          |                          |00      |00      |00        |null                |null                |null        |2024-03-04 10:02:49 |null      |null    |Y      |N         |null      |[null]    |[null]    |
|MENU005   |시스템 메뉴 관리      |Mange System menu               |[null]     |[null]     |MENU002       |MENU001          |0       |2         |null          |/superMenuMain            |01      |01      |01        |null                |null                |null        |2024-03-04 10:02:49 |null      |null    |Y      |N         |null      |Y         |S         |
|MENU014   |봇빌더            |Bot Builder                     |[null]     |[null]     |null          |MENU014          |0       |2         |null          |                          |00      |00      |00        |null                |null                |null        |2024-03-04 10:02:49 |null      |null    |Y      |N         |null      |[null]    |[null]    |
|MENU004   |사용자 관리         |Manage User                     |[null]     |[null]     |MENU002       |MENU001          |0       |3         |null          |/superUserMain            |01      |01      |01        |null                |null                |null        |2024-03-04 10:02:49 |null      |null    |Y      |N         |null      |Y         |S         |
|MENU001   |FAST 대화형 AI 관리 |Manage FAST Conversation AI     |[null]     |[null]     |null          |MENU001          |0       |4         |null          |                          |01      |00      |01        |null                |null                |null        |2024-03-04 10:02:49 |null      |null    |Y      |N         |null      |Y         |[null]    |
|MENU012   |내 정보           |My profile                      |[null]     |[null]     |MENU011       |MENU011          |1       |0         |null          |/systemConsultantInfoMain |null    |01      |null      |null                |null                |null        |2024-03-04 10:02:49 |null      |null    |Y      |N         |null      |Y         |N         |
|MENU017   |채팅상담 이력조회      |Chat Consulting History         |[null]     |[null]     |MENU015       |MENU015          |1       |1         |null          |/chatListMain             |null    |01      |null      |null                |null                |null        |2024-03-04 10:02:49 |null      |null    |Y      |N         |null      |[null]    |[null]    |
|MENU021   |챗봇빌더(유저)       |Chatbot Builder User            |[null]     |[null]     |MENU014       |MENU014          |1       |1         |null          |/userChatbotBuilder       |null    |01      |null      |ico_chatBot_setting |ico_chatBot_setting |null        |2024-03-04 10:02:49 |null      |null    |Y      |N         |null      |[null]    |[null]    |
|MENU007   |시스템관리          |System management               |[null]     |[null]     |MENU001       |MENU001          |1       |2         |null          |                          |null    |00      |null      |ico_superAdmin      |ico_superAdmin      |null        |2024-03-04 10:02:49 |null      |null    |Y      |N         |null      |Y         |A         |
|MENU011   |사용자 관리         |User management                 |[null]     |[null]     |MENU001       |MENU001          |1       |2         |null          |null                      |null    |00      |null      |null                |null                |null        |2024-03-04 10:02:49 |null      |null    |Y      |N         |null      |Y         |N         |
|MENU022   |챗봇빌더(회사)       |Chatbot Builder Company         |[null]     |[null]     |MENU014       |MENU014          |1       |2         |null          |/coChatbotbuilder         |null    |01      |null      |ico_chatBot_setting |ico_chatBot_setting |null        |2024-03-04 10:02:49 |null      |null    |Y      |N         |null      |[null]    |[null]    |
|MENU015   |챗봇상담           |Chatbot Consult                 |[null]     |[null]     |MENU013       |MENU013          |1       |3         |null          |                          |null    |null    |null      |ico_chatBot         |ico_chatBot         |null        |2024-03-04 10:02:49 |null      |null    |Y      |N         |null      |[null]    |[null]    |
|MENU020   |서비스관리          |Service management              |[null]     |[null]     |MENU013       |MENU013          |1       |8         |null          |null                      |null    |00      |null      |ico_superAdmin      |ico_superAdmin      |null        |2024-03-04 10:02:49 |null      |null    |Y      |N         |null      |[null]    |[null]    |
|MENU008   |회사 및 서비스 정보    |Company and service information |[null]     |[null]     |MENU007       |MENU001          |2       |1         |null          |/systemCompanyInfoMain    |null    |01      |null      |null                |null                |null        |2024-03-04 10:02:49 |null      |null    |Y      |N         |null      |Y         |A         |
|MENU009   |사용자관리          |User management                 |[null]     |[null]     |MENU007       |MENU001          |2       |2         |null          |/systemMenuGroupUserMain  |null    |01      |null      |null                |null                |null        |2024-03-04 10:02:49 |null      |null    |Y      |N         |null      |Y         |A         |
|MENU010   |메뉴 그룹 권한관리     |Menu group authority            |[null]     |[null]     |MENU007       |MENU001          |2       |3         |null          |/systemMenuGroupMain      |null    |01      |null      |null                |null                |null        |2024-03-04 10:02:49 |null      |null    |Y      |N         |null      |Y         |A         |
|MENU016   |채팅상담           |Chatbot Consult                 |[null]     |[null]     |MENU015       |MENU013          |2       |3         |null          |/cbCsMain                 |null    |01      |null      |null                |null                |null        |2024-03-04 10:02:49 |null      |null    |Y      |N         |null      |[null]    |[null]    |
|MENU018   |챗봇 이벤트 관리      |ChatBot Event Management        |[null]     |[null]     |MENU020       |MENU013          |2       |3         |null          |/alarmIntentManagement    |00      |01      |null      |ico_svcSetting      |ico_svcSetting      |null        |2024-03-04 10:02:49 |null      |null    |Y      |N         |null      |[null]    |[null]    |
|MENU006   |챗봇관리           |Chatbot Management              |[null]     |[null]     |MENU002       |MENU001          |2       |4         |null          |/chatbotManagement        |00      |01      |null      |null                |null                |null        |2024-03-04 10:02:49 |null      |null    |Y      |N         |null      |Y         |S         |
|MENU019   |챗봇통계           |ChatBot Stats                   |[null]     |[null]     |MENU015       |MENU015          |2       |4         |null          |/chatStatsChannelMain     |null    |01      |null      |null                |null                |null        |2024-03-04 10:02:49 |null      |null    |Y      |N         |null      |[null]    |[null]    |
|----------|---------------|--------------------------------|-----------|-----------|--------------|-----------------|--------|----------|--------------|--------------------------|--------|--------|----------|--------------------|--------------------|------------|--------------------|----------|--------|-------|----------|----------|----------|----------|
 
20240306 04:56:14.771 [http-nio-18080-exec-70] INFO a.m.b.f.c.s.LoginSuccessHandler - mainPage name :: /superCompMain?first 
20240306 04:56:14.783 [http-nio-18080-exec-62] DEBUG j.sqltiming -  com.zaxxer.hikari.pool.ProxyPreparedStatement.execute(ProxyPreparedStatement.java:44)
41. SELECT * FROM TN_USER WHERE USER_ID = 'fast01' 
 {executed in 1 msec} 
20240306 04:56:14.786 [http-nio-18080-exec-62] INFO j.resultsettable - 
|--------|-----------|--------|-------------|-------|---------|----------|---------------------------------------------------------------------|--------|-------|------|---------------|-----------|--------|---------------|-----------|-------|------------|---------------|--------------------|--------|-------------|-------------|-------------|-------|-----------|-------------|--------------------|-------------------|--------|---------------------------------|------------|--------------------|----------|--------|----------|----------|-------|------------|---------|
|user_id |company_id |user_no |user_auth_ty |ci_nfo |dup_info |sbscrb_ty |user_pw                                                              |user_nm |brthdy |email |login_fail_cnt |expired_yn |lock_yn |crt_expried_yn |enabled_yn |sso_yn |position_cd |cust_op_status |chat_consult_status |dept_cd |moblphon_no1 |moblphon_no2 |moblphon_no3 |zip    |bass_adres |detail_adres |recent_conect_dt    |password_change_de |sexdstn |session_id                       |register_id |regist_dt           |updusr_id |updt_dt |delete_at |delete_dt |use_at |max_chatbot |pw_error |
|--------|-----------|--------|-------------|-------|---------|----------|---------------------------------------------------------------------|--------|-------|------|---------------|-----------|--------|---------------|-----------|-------|------------|---------------|--------------------|--------|-------------|-------------|-------------|-------|-----------|-------------|--------------------|-------------------|--------|---------------------------------|------------|--------------------|----------|--------|----------|----------|-------|------------|---------|
|fast01  |001        |2506    |S            |[null] |[null]   |I         |{bcrypt}$2a$10$wn5ofF7rZraAM3yV03pqje5n5Cfb9vZIvlLwtBO5E1KjmVHr2OCCq |fast01  |       |null  |0              |Y          |Y       |Y              |Y          |N      |            |04             |02                  |        |             |             |             |[null] |           |             |2024-03-06 04:56:14 |[null]             |0       |C2BEF6595B5172DCF41C215898A33312 |fast01      |2024-03-04 10:02:49 |null      |null    |N         |null      |Y      |5           |0        |
|--------|-----------|--------|-------------|-------|---------|----------|---------------------------------------------------------------------|--------|-------|------|---------------|-----------|--------|---------------|-----------|-------|------------|---------------|--------------------|--------|-------------|-------------|-------------|-------|-----------|-------------|--------------------|-------------------|--------|---------------------------------|------------|--------------------|----------|--------|----------|----------|-------|------------|---------|
 
20240306 04:56:14.789 [http-nio-18080-exec-62] DEBUG j.sqltiming -  com.zaxxer.hikari.pool.ProxyPreparedStatement.execute(ProxyPreparedStatement.java:44)
41. SELECT B.* FROM TN_MENU B WHERE B.DELETE_AT = 'N' AND B.USE_AT='Y' AND B.PARNTS_MENU_CODE != 
'MENU042' ORDER BY B.MENU_DP,B.SORT_ORDR ASC 
 {executed in 1 msec} 
20240306 04:56:14.800 [http-nio-18080-exec-62] INFO j.resultsettable - 
|----------|---------------|--------------------------------|-----------|-----------|--------------|-----------------|--------|----------|--------------|--------------------------|--------|--------|----------|--------------------|--------------------|------------|--------------------|----------|--------|-------|----------|----------|----------|----------|
|menu_code |menu_nm_ko     |menu_nm_en                      |bass_cours |menu_cours |top_menu_code |parnts_menu_code |menu_dp |sort_ordr |mngr_menu_url |user_menu_url             |menu_ty |link_ty |cntnts_ty |menu_on_image       |menu_off_image      |register_id |regist_dt           |updusr_id |updt_dt |use_at |delete_at |delete_dt |mngt_menu |mngt_auth |
|----------|---------------|--------------------------------|-----------|-----------|--------------|-----------------|--------|----------|--------------|--------------------------|--------|--------|----------|--------------------|--------------------|------------|--------------------|----------|--------|-------|----------|----------|----------|----------|
|MENU002   |FAST 대화형 AI 관리 |Manage FAST Conversation AI     |[null]     |[null]     |MENU001       |MENU001          |0       |1         |null          |null                      |01      |00      |01        |ico_superAdmin      |ico_superAdmin      |null        |2024-03-04 10:02:49 |null      |null    |Y      |N         |null      |Y         |S         |
|MENU003   |회사 및 권한관리      |Manage Company & Auth           |[null]     |[null]     |MENU002       |MENU001          |0       |1         |null          |/superCompMain            |01      |01      |01        |null                |null                |null        |2024-03-04 10:02:49 |null      |null    |Y      |N         |null      |Y         |S         |
|MENU013   |상담관리           |Manage Consults                 |상담관리       |[null]     |null          |MENU013          |0       |1         |null          |                          |00      |00      |00        |null                |null                |null        |2024-03-04 10:02:49 |null      |null    |Y      |N         |null      |[null]    |[null]    |
|MENU005   |시스템 메뉴 관리      |Mange System menu               |[null]     |[null]     |MENU002       |MENU001          |0       |2         |null          |/superMenuMain            |01      |01      |01        |null                |null                |null        |2024-03-04 10:02:49 |null      |null    |Y      |N         |null      |Y         |S         |
|MENU014   |봇빌더            |Bot Builder                     |[null]     |[null]     |null          |MENU014          |0       |2         |null          |                          |00      |00      |00        |null                |null                |null        |2024-03-04 10:02:49 |null      |null    |Y      |N         |null      |[null]    |[null]    |
|MENU004   |사용자 관리         |Manage User                     |[null]     |[null]     |MENU002       |MENU001          |0       |3         |null          |/superUserMain            |01      |01      |01        |null                |null                |null        |2024-03-04 10:02:49 |null      |null    |Y      |N         |null      |Y         |S         |
|MENU001   |FAST 대화형 AI 관리 |Manage FAST Conversation AI     |[null]     |[null]     |null          |MENU001          |0       |4         |null          |                          |01      |00      |01        |null                |null                |null        |2024-03-04 10:02:49 |null      |null    |Y      |N         |null      |Y         |[null]    |
|MENU012   |내 정보           |My profile                      |[null]     |[null]     |MENU011       |MENU011          |1       |0         |null          |/systemConsultantInfoMain |null    |01      |null      |null                |null                |null        |2024-03-04 10:02:49 |null      |null    |Y      |N         |null      |Y         |N         |
|MENU017   |채팅상담 이력조회      |Chat Consulting History         |[null]     |[null]     |MENU015       |MENU015          |1       |1         |null          |/chatListMain             |null    |01      |null      |null                |null                |null        |2024-03-04 10:02:49 |null      |null    |Y      |N         |null      |[null]    |[null]    |
|MENU021   |챗봇빌더(유저)       |Chatbot Builder User            |[null]     |[null]     |MENU014       |MENU014          |1       |1         |null          |/userChatbotBuilder       |null    |01      |null      |ico_chatBot_setting |ico_chatBot_setting |null        |2024-03-04 10:02:49 |null      |null    |Y      |N         |null      |[null]    |[null]    |
|MENU007   |시스템관리          |System management               |[null]     |[null]     |MENU001       |MENU001          |1       |2         |null          |                          |null    |00      |null      |ico_superAdmin      |ico_superAdmin      |null        |2024-03-04 10:02:49 |null      |null    |Y      |N         |null      |Y         |A         |
|MENU011   |사용자 관리         |User management                 |[null]     |[null]     |MENU001       |MENU001          |1       |2         |null          |null                      |null    |00      |null      |null                |null                |null        |2024-03-04 10:02:49 |null      |null    |Y      |N         |null      |Y         |N         |
|MENU022   |챗봇빌더(회사)       |Chatbot Builder Company         |[null]     |[null]     |MENU014       |MENU014          |1       |2         |null          |/coChatbotbuilder         |null    |01      |null      |ico_chatBot_setting |ico_chatBot_setting |null        |2024-03-04 10:02:49 |null      |null    |Y      |N         |null      |[null]    |[null]    |
|MENU015   |챗봇상담           |Chatbot Consult                 |[null]     |[null]     |MENU013       |MENU013          |1       |3         |null          |                          |null    |null    |null      |ico_chatBot         |ico_chatBot         |null        |2024-03-04 10:02:49 |null      |null    |Y      |N         |null      |[null]    |[null]    |
|MENU020   |서비스관리          |Service management              |[null]     |[null]     |MENU013       |MENU013          |1       |8         |null          |null                      |null    |00      |null      |ico_superAdmin      |ico_superAdmin      |null        |2024-03-04 10:02:49 |null      |null    |Y      |N         |null      |[null]    |[null]    |
|MENU008   |회사 및 서비스 정보    |Company and service information |[null]     |[null]     |MENU007       |MENU001          |2       |1         |null          |/systemCompanyInfoMain    |null    |01      |null      |null                |null                |null        |2024-03-04 10:02:49 |null      |null    |Y      |N         |null      |Y         |A         |
|MENU009   |사용자관리          |User management                 |[null]     |[null]     |MENU007       |MENU001          |2       |2         |null          |/systemMenuGroupUserMain  |null    |01      |null      |null                |null                |null        |2024-03-04 10:02:49 |null      |null    |Y      |N         |null      |Y         |A         |
|MENU010   |메뉴 그룹 권한관리     |Menu group authority            |[null]     |[null]     |MENU007       |MENU001          |2       |3         |null          |/systemMenuGroupMain      |null    |01      |null      |null                |null                |null        |2024-03-04 10:02:49 |null      |null    |Y      |N         |null      |Y         |A         |
|MENU016   |채팅상담           |Chatbot Consult                 |[null]     |[null]     |MENU015       |MENU013          |2       |3         |null          |/cbCsMain                 |null    |01      |null      |null                |null                |null        |2024-03-04 10:02:49 |null      |null    |Y      |N         |null      |[null]    |[null]    |
|MENU018   |챗봇 이벤트 관리      |ChatBot Event Management        |[null]     |[null]     |MENU020       |MENU013          |2       |3         |null          |/alarmIntentManagement    |00      |01      |null      |ico_svcSetting      |ico_svcSetting      |null        |2024-03-04 10:02:49 |null      |null    |Y      |N         |null      |[null]    |[null]    |
|MENU006   |챗봇관리           |Chatbot Management              |[null]     |[null]     |MENU002       |MENU001          |2       |4         |null          |/chatbotManagement        |00      |01      |null      |null                |null                |null        |2024-03-04 10:02:49 |null      |null    |Y      |N         |null      |Y         |S         |
|MENU019   |챗봇통계           |ChatBot Stats                   |[null]     |[null]     |MENU015       |MENU015          |2       |4         |null          |/chatStatsChannelMain     |null    |01      |null      |null                |null                |null        |2024-03-04 10:02:49 |null      |null    |Y      |N         |null      |[null]    |[null]    |
|----------|---------------|--------------------------------|-----------|-----------|--------------|-----------------|--------|----------|--------------|--------------------------|--------|--------|----------|--------------------|--------------------|------------|--------------------|----------|--------|-------|----------|----------|----------|----------|
 
20240306 04:56:14.803 [http-nio-18080-exec-62] DEBUG j.sqltiming -  com.zaxxer.hikari.pool.ProxyPreparedStatement.execute(ProxyPreparedStatement.java:44)
41. SELECT campaign_id AS campaignId , campaign_nm AS campaignNm FROM CM_CAMPAIGN 
 {executed in 1 msec} 
20240306 04:56:14.804 [http-nio-18080-exec-62] INFO j.resultsettable - 
|------------|------------|
|campaign_id |campaign_nm |
|------------|------------|
|------------|------------|
 
20240306 04:56:14.808 [http-nio-18080-exec-62] DEBUG j.sqltiming -  com.zaxxer.hikari.pool.ProxyPreparedStatement.execute(ProxyPreparedStatement.java:44)
41. SELECT B.* FROM TN_MENU B WHERE B.DELETE_AT = 'N' ORDER BY B.MENU_DP,B.SORT_ORDR ASC 
 {executed in 1 msec} 
20240306 04:56:14.817 [http-nio-18080-exec-62] INFO j.resultsettable - 
|----------|---------------|--------------------------------|-----------|-----------|--------------|-----------------|--------|----------|--------------|--------------------------|--------|--------|----------|--------------------|--------------------|------------|--------------------|----------|--------|-------|----------|----------|----------|----------|
|menu_code |menu_nm_ko     |menu_nm_en                      |bass_cours |menu_cours |top_menu_code |parnts_menu_code |menu_dp |sort_ordr |mngr_menu_url |user_menu_url             |menu_ty |link_ty |cntnts_ty |menu_on_image       |menu_off_image      |register_id |regist_dt           |updusr_id |updt_dt |use_at |delete_at |delete_dt |mngt_menu |mngt_auth |
|----------|---------------|--------------------------------|-----------|-----------|--------------|-----------------|--------|----------|--------------|--------------------------|--------|--------|----------|--------------------|--------------------|------------|--------------------|----------|--------|-------|----------|----------|----------|----------|
|MENU002   |FAST 대화형 AI 관리 |Manage FAST Conversation AI     |[null]     |[null]     |MENU001       |MENU001          |0       |1         |null          |null                      |01      |00      |01        |ico_superAdmin      |ico_superAdmin      |null        |2024-03-04 10:02:49 |null      |null    |Y      |N         |null      |Y         |S         |
|MENU003   |회사 및 권한관리      |Manage Company & Auth           |[null]     |[null]     |MENU002       |MENU001          |0       |1         |null          |/superCompMain            |01      |01      |01        |null                |null                |null        |2024-03-04 10:02:49 |null      |null    |Y      |N         |null      |Y         |S         |
|MENU013   |상담관리           |Manage Consults                 |상담관리       |[null]     |null          |MENU013          |0       |1         |null          |                          |00      |00      |00        |null                |null                |null        |2024-03-04 10:02:49 |null      |null    |Y      |N         |null      |[null]    |[null]    |
|MENU005   |시스템 메뉴 관리      |Mange System menu               |[null]     |[null]     |MENU002       |MENU001          |0       |2         |null          |/superMenuMain            |01      |01      |01        |null                |null                |null        |2024-03-04 10:02:49 |null      |null    |Y      |N         |null      |Y         |S         |
|MENU014   |봇빌더            |Bot Builder                     |[null]     |[null]     |null          |MENU014          |0       |2         |null          |                          |00      |00      |00        |null                |null                |null        |2024-03-04 10:02:49 |null      |null    |Y      |N         |null      |[null]    |[null]    |
|MENU004   |사용자 관리         |Manage User                     |[null]     |[null]     |MENU002       |MENU001          |0       |3         |null          |/superUserMain            |01      |01      |01        |null                |null                |null        |2024-03-04 10:02:49 |null      |null    |Y      |N         |null      |Y         |S         |
|MENU001   |FAST 대화형 AI 관리 |Manage FAST Conversation AI     |[null]     |[null]     |null          |MENU001          |0       |4         |null          |                          |01      |00      |01        |null                |null                |null        |2024-03-04 10:02:49 |null      |null    |Y      |N         |null      |Y         |[null]    |
|MENU012   |내 정보           |My profile                      |[null]     |[null]     |MENU011       |MENU011          |1       |0         |null          |/systemConsultantInfoMain |null    |01      |null      |null                |null                |null        |2024-03-04 10:02:49 |null      |null    |Y      |N         |null      |Y         |N         |
|MENU017   |채팅상담 이력조회      |Chat Consulting History         |[null]     |[null]     |MENU015       |MENU015          |1       |1         |null          |/chatListMain             |null    |01      |null      |null                |null                |null        |2024-03-04 10:02:49 |null      |null    |Y      |N         |null      |[null]    |[null]    |
|MENU021   |챗봇빌더(유저)       |Chatbot Builder User            |[null]     |[null]     |MENU014       |MENU014          |1       |1         |null          |/userChatbotBuilder       |null    |01      |null      |ico_chatBot_setting |ico_chatBot_setting |null        |2024-03-04 10:02:49 |null      |null    |Y      |N         |null      |[null]    |[null]    |
|MENU007   |시스템관리          |System management               |[null]     |[null]     |MENU001       |MENU001          |1       |2         |null          |                          |null    |00      |null      |ico_superAdmin      |ico_superAdmin      |null        |2024-03-04 10:02:49 |null      |null    |Y      |N         |null      |Y         |A         |
|MENU011   |사용자 관리         |User management                 |[null]     |[null]     |MENU001       |MENU001          |1       |2         |null          |null                      |null    |00      |null      |null                |null                |null        |2024-03-04 10:02:49 |null      |null    |Y      |N         |null      |Y         |N         |
|MENU022   |챗봇빌더(회사)       |Chatbot Builder Company         |[null]     |[null]     |MENU014       |MENU014          |1       |2         |null          |/coChatbotbuilder         |null    |01      |null      |ico_chatBot_setting |ico_chatBot_setting |null        |2024-03-04 10:02:49 |null      |null    |Y      |N         |null      |[null]    |[null]    |
|MENU015   |챗봇상담           |Chatbot Consult                 |[null]     |[null]     |MENU013       |MENU013          |1       |3         |null          |                          |null    |null    |null      |ico_chatBot         |ico_chatBot         |null        |2024-03-04 10:02:49 |null      |null    |Y      |N         |null      |[null]    |[null]    |
|MENU020   |서비스관리          |Service management              |[null]     |[null]     |MENU013       |MENU013          |1       |8         |null          |null                      |null    |00      |null      |ico_superAdmin      |ico_superAdmin      |null        |2024-03-04 10:02:49 |null      |null    |Y      |N         |null      |[null]    |[null]    |
|MENU008   |회사 및 서비스 정보    |Company and service information |[null]     |[null]     |MENU007       |MENU001          |2       |1         |null          |/systemCompanyInfoMain    |null    |01      |null      |null                |null                |null        |2024-03-04 10:02:49 |null      |null    |Y      |N         |null      |Y         |A         |
|MENU009   |사용자관리          |User management                 |[null]     |[null]     |MENU007       |MENU001          |2       |2         |null          |/systemMenuGroupUserMain  |null    |01      |null      |null                |null                |null        |2024-03-04 10:02:49 |null      |null    |Y      |N         |null      |Y         |A         |
|MENU010   |메뉴 그룹 권한관리     |Menu group authority            |[null]     |[null]     |MENU007       |MENU001          |2       |3         |null          |/systemMenuGroupMain      |null    |01      |null      |null                |null                |null        |2024-03-04 10:02:49 |null      |null    |Y      |N         |null      |Y         |A         |
|MENU016   |채팅상담           |Chatbot Consult                 |[null]     |[null]     |MENU015       |MENU013          |2       |3         |null          |/cbCsMain                 |null    |01      |null      |null                |null                |null        |2024-03-04 10:02:49 |null      |null    |Y      |N         |null      |[null]    |[null]    |
|MENU018   |챗봇 이벤트 관리      |ChatBot Event Management        |[null]     |[null]     |MENU020       |MENU013          |2       |3         |null          |/alarmIntentManagement    |00      |01      |null      |ico_svcSetting      |ico_svcSetting      |null        |2024-03-04 10:02:49 |null      |null    |Y      |N         |null      |[null]    |[null]    |
|MENU006   |챗봇관리           |Chatbot Management              |[null]     |[null]     |MENU002       |MENU001          |2       |4         |null          |/chatbotManagement        |00      |01      |null      |null                |null                |null        |2024-03-04 10:02:49 |null      |null    |Y      |N         |null      |Y         |S         |
|MENU019   |챗봇통계           |ChatBot Stats                   |[null]     |[null]     |MENU015       |MENU015          |2       |4         |null          |/chatStatsChannelMain     |null    |01      |null      |null                |null                |null        |2024-03-04 10:02:49 |null      |null    |Y      |N         |null      |[null]    |[null]    |
|----------|---------------|--------------------------------|-----------|-----------|--------------|-----------------|--------|----------|--------------|--------------------------|--------|--------|----------|--------------------|--------------------|------------|--------------------|----------|--------|-------|----------|----------|----------|----------|
 
20240306 04:56:15.170 [http-nio-18080-exec-64] INFO a.m.b.f.m.c.s.c.UpdateOpStatusController - 웹소켓(서버) UpdateOpStatusController 객체생성 
20240306 04:56:15.171 [http-nio-18080-exec-64] INFO a.m.b.f.m.c.s.c.UpdateOpStatusController - Open session id:3c 
20240306 04:56:15.204 [http-nio-18080-exec-65] DEBUG j.sqltiming -  com.zaxxer.hikari.pool.ProxyPreparedStatement.execute(ProxyPreparedStatement.java:44)
41. SELECT PASSWORD_CHANGE_DE, REGIST_DT FROM TN_USER WHERE USER_ID = 'fast01' 
 {executed in 1 msec} 
20240306 04:56:15.205 [http-nio-18080-exec-65] INFO j.resultsettable - 
|-------------------|----------------------|
|password_change_de |regist_dt             |
|-------------------|----------------------|
|null               |2024-03-04 01:02:49.0 |
|-------------------|----------------------|
 
20240306 04:56:15.252 [http-nio-18080-exec-68] INFO a.m.b.f.m.c.s.c.UpdateOpStatusController - Message From duplicate|fast01 
20240306 04:56:15.253 [http-nio-18080-exec-68] INFO a.m.b.f.m.c.s.c.UpdateOpStatusController - selfHttpSession id : 023420D0812A122A2622B2AFC9F68183 
20240306 04:56:15.254 [http-nio-18080-exec-68] INFO a.m.b.f.m.c.s.c.UpdateOpStatusController - httpSession id : 023420D0812A122A2622B2AFC9F68183 
20240306 04:56:15.259 [http-nio-18080-exec-67] INFO a.m.b.f.m.s.a.c.SuperCompanyController - jsonStr===={"page":1,"rdoVal":"useY","ipt_select":"companyKoNm","ipt_text":"","rowNum":20,"offset":0} 
20240306 04:56:15.306 [http-nio-18080-exec-67] DEBUG j.sqltiming -  com.zaxxer.hikari.pool.ProxyPreparedStatement.execute(ProxyPreparedStatement.java:44)
41. /*getADMCompanyMainList - superadmin company 조회 */ SELECT * FROM ( SELECT *, @ROWNUM := @ROWNUM 
+ 1 AS RNUM FROM ( SELECT AA.COMPANY_ID, AA.COMPANY_NAME, AA.COMPANY_NAME_EN, CONCAT(AA.MOBLPHON_NO1, 
"-", AA.MOBLPHON_NO2, "-", AA.MOBLPHON_NO3) AS MOBLPHON_NO, DATE_FORMAT(AA.REGIST_DT,'%Y.%m.%d') 
AS REGIST_DT, IF(AA.DELETE_AT='N', '사용', '미사용') AS DELETE_AT FROM CM_COMPANY AA JOIN (SELECT 
@ROWNUM := 0) AS R WHERE 1=1 AND AA.DELETE_AT = 'N' ORDER BY AA.REGIST_DT DESC ) T ) T LIMIT 
20 OFFSET 0 
 {executed in 1 msec} 
20240306 04:56:15.307 [http-nio-18080-exec-67] INFO j.resultsettable - 
|-----------|-------------|----------------|------------|-----------|----------|-----|
|company_id |company_name |company_name_en |moblphon_no |regist_dt  |delete_at |rnum |
|-----------|-------------|----------------|------------|-----------|----------|-----|
|001        |maumai       |maumai          |null        |2024.03.04 |사용        |1.0  |
|-----------|-------------|----------------|------------|-----------|----------|-----|
 
20240306 04:56:15.315 [http-nio-18080-exec-67] DEBUG j.sqltiming -  com.zaxxer.hikari.pool.ProxyPreparedStatement.execute(ProxyPreparedStatement.java:44)
41. /*getADMCompanyMainCount - superadmin next company count */ SELECT COUNT(*) AS totalCnt FROM 
CM_COMPANY AA WHERE 1=1 AND AA.DELETE_AT = 'N' ORDER BY AA.REGIST_DT DESC 
 {executed in 1 msec} 
20240306 04:56:15.316 [http-nio-18080-exec-67] INFO j.resultsettable - 
|---------|
|totalcnt |
|---------|
|1        |
|---------|
 
20240306 04:56:18.478 [http-nio-18080-exec-70] DEBUG j.sqltiming -  com.zaxxer.hikari.pool.ProxyPreparedStatement.execute(ProxyPreparedStatement.java:44)
41. SELECT DISTINCT BOT_ID FROM BOT_MAPPING ORDER BY BOT_ID; 
 {executed in 0 msec} 
20240306 04:56:18.479 [http-nio-18080-exec-70] INFO j.resultsettable - 
|-------|
|bot_id |
|-------|
|1637   |
|1638   |
|-------|
 
20240306 04:56:18.623 [http-nio-18080-exec-62] INFO a.m.b.f.m.c.s.c.UpdateOpStatusController - Session 3c has ended 
20240306 04:56:18.651 [http-nio-18080-exec-63] INFO a.m.b.f.m.c.s.c.UpdateOpStatusController - 웹소켓(서버) UpdateOpStatusController 객체생성 
20240306 04:56:18.652 [http-nio-18080-exec-63] INFO a.m.b.f.m.c.s.c.UpdateOpStatusController - Open session id:3d 
20240306 04:56:18.657 [http-nio-18080-exec-64] DEBUG j.sqltiming -  com.zaxxer.hikari.pool.ProxyPreparedStatement.execute(ProxyPreparedStatement.java:44)
41. SELECT PASSWORD_CHANGE_DE, REGIST_DT FROM TN_USER WHERE USER_ID = 'fast01' 
 {executed in 1 msec} 
20240306 04:56:18.658 [http-nio-18080-exec-64] INFO j.resultsettable - 
|-------------------|----------------------|
|password_change_de |regist_dt             |
|-------------------|----------------------|
|null               |2024-03-04 01:02:49.0 |
|-------------------|----------------------|
 
20240306 04:56:18.703 [http-nio-18080-exec-65] INFO a.m.b.f.m.c.s.c.UpdateOpStatusController - Message From duplicate|fast01 
20240306 04:56:18.704 [http-nio-18080-exec-65] INFO a.m.b.f.m.c.s.c.UpdateOpStatusController - selfHttpSession id : 023420D0812A122A2622B2AFC9F68183 
20240306 04:56:18.704 [http-nio-18080-exec-65] INFO a.m.b.f.m.c.s.c.UpdateOpStatusController - httpSession id : 023420D0812A122A2622B2AFC9F68183 
20240306 05:00:00.003 [scheduling-1] DEBUG j.sqltiming -  com.zaxxer.hikari.pool.ProxyPreparedStatement.execute(ProxyPreparedStatement.java:44)
41. /* *BATCH_LOG* */ select ID , 'Y' AS batch_yn from AUTO_CALL_CONDITION C where 1 = 1 and USE_YN 
= 'Y' and ACTIVE_STATUS = 1 and (START_DTM <= date_format('2024-03-06 05:00:00', '%Y-%m-%d') 
and END_DTM >= date_format('2024-03-06 05:00:00', '%Y-%m-%d')) and (WEEK_DAY LIKE CONCAT('%', 
dayofweek('2024-03-06 05:00:00'),'%')) and date_format(DISPATCH_TIME, '%H:%i') = CONCAT(date_format('2024-03-06 
05:00:00', '%H'), ':', date_format('2024-03-06 05:00:00', '%i') div 10, '0') 
 {executed in 0 msec} 
20240306 05:00:00.003 [scheduling-1] INFO j.resultsettable - 
|---|---------|
|id |batch_yn |
|---|---------|
|---|---------|
 
