20240308 00:00:00.001 [scheduling-1] DEBUG j.sqltiming -  com.zaxxer.hikari.pool.ProxyPreparedStatement.execute(ProxyPreparedStatement.java:44)
1291. /* *BATCH_LOG* */ select ID , 'Y' AS batch_yn from AUTO_CALL_CONDITION C where 1 = 1 and USE_YN 
= 'Y' and ACTIVE_STATUS = 1 and (START_DTM <= date_format('2024-03-08 00:00:00', '%Y-%m-%d') 
and END_DTM >= date_format('2024-03-08 00:00:00', '%Y-%m-%d')) and (WEEK_DAY LIKE CONCAT('%', 
dayofweek('2024-03-08 00:00:00'),'%')) and date_format(DISPATCH_TIME, '%H:%i') = CONCAT(date_format('2024-03-08 
00:00:00', '%H'), ':', date_format('2024-03-08 00:00:00', '%i') div 10, '0') 
 {executed in 1 msec} 
20240308 00:00:00.002 [scheduling-1] INFO j.resultsettable - 
|---|---------|
|id |batch_yn |
|---|---------|
|---|---------|
 
20240308 00:10:00.002 [scheduling-1] DEBUG j.sqltiming -  com.zaxxer.hikari.pool.ProxyPreparedStatement.execute(ProxyPreparedStatement.java:44)
1291. /* *BATCH_LOG* */ select ID , 'Y' AS batch_yn from AUTO_CALL_CONDITION C where 1 = 1 and USE_YN 
= 'Y' and ACTIVE_STATUS = 1 and (START_DTM <= date_format('2024-03-08 00:10:00', '%Y-%m-%d') 
and END_DTM >= date_format('2024-03-08 00:10:00', '%Y-%m-%d')) and (WEEK_DAY LIKE CONCAT('%', 
dayofweek('2024-03-08 00:10:00'),'%')) and date_format(DISPATCH_TIME, '%H:%i') = CONCAT(date_format('2024-03-08 
00:10:00', '%H'), ':', date_format('2024-03-08 00:10:00', '%i') div 10, '0') 
 {executed in 1 msec} 
20240308 00:10:00.002 [scheduling-1] INFO j.resultsettable - 
|---|---------|
|id |batch_yn |
|---|---------|
|---|---------|
 
20240308 00:20:00.002 [scheduling-1] DEBUG j.sqltiming -  com.zaxxer.hikari.pool.ProxyPreparedStatement.execute(ProxyPreparedStatement.java:44)
1311. /* *BATCH_LOG* */ select ID , 'Y' AS batch_yn from AUTO_CALL_CONDITION C where 1 = 1 and USE_YN 
= 'Y' and ACTIVE_STATUS = 1 and (START_DTM <= date_format('2024-03-08 00:20:00', '%Y-%m-%d') 
and END_DTM >= date_format('2024-03-08 00:20:00', '%Y-%m-%d')) and (WEEK_DAY LIKE CONCAT('%', 
dayofweek('2024-03-08 00:20:00'),'%')) and date_format(DISPATCH_TIME, '%H:%i') = CONCAT(date_format('2024-03-08 
00:20:00', '%H'), ':', date_format('2024-03-08 00:20:00', '%i') div 10, '0') 
 {executed in 0 msec} 
20240308 00:20:00.003 [scheduling-1] INFO j.resultsettable - 
|---|---------|
|id |batch_yn |
|---|---------|
|---|---------|
 
20240308 00:30:00.001 [scheduling-1] DEBUG j.sqltiming -  com.zaxxer.hikari.pool.ProxyPreparedStatement.execute(ProxyPreparedStatement.java:44)
1311. /* *BATCH_LOG* */ select ID , 'Y' AS batch_yn from AUTO_CALL_CONDITION C where 1 = 1 and USE_YN 
= 'Y' and ACTIVE_STATUS = 1 and (START_DTM <= date_format('2024-03-08 00:30:00', '%Y-%m-%d') 
and END_DTM >= date_format('2024-03-08 00:30:00', '%Y-%m-%d')) and (WEEK_DAY LIKE CONCAT('%', 
dayofweek('2024-03-08 00:30:00'),'%')) and date_format(DISPATCH_TIME, '%H:%i') = CONCAT(date_format('2024-03-08 
00:30:00', '%H'), ':', date_format('2024-03-08 00:30:00', '%i') div 10, '0') 
 {executed in 1 msec} 
20240308 00:30:00.001 [scheduling-1] INFO j.resultsettable - 
|---|---------|
|id |batch_yn |
|---|---------|
|---|---------|
 
20240308 00:40:00.002 [scheduling-1] DEBUG j.sqltiming -  com.zaxxer.hikari.pool.ProxyPreparedStatement.execute(ProxyPreparedStatement.java:44)
1311. /* *BATCH_LOG* */ select ID , 'Y' AS batch_yn from AUTO_CALL_CONDITION C where 1 = 1 and USE_YN 
= 'Y' and ACTIVE_STATUS = 1 and (START_DTM <= date_format('2024-03-08 00:40:00', '%Y-%m-%d') 
and END_DTM >= date_format('2024-03-08 00:40:00', '%Y-%m-%d')) and (WEEK_DAY LIKE CONCAT('%', 
dayofweek('2024-03-08 00:40:00'),'%')) and date_format(DISPATCH_TIME, '%H:%i') = CONCAT(date_format('2024-03-08 
00:40:00', '%H'), ':', date_format('2024-03-08 00:40:00', '%i') div 10, '0') 
 {executed in 0 msec} 
20240308 00:40:00.002 [scheduling-1] INFO j.resultsettable - 
|---|---------|
|id |batch_yn |
|---|---------|
|---|---------|
 
20240308 00:50:00.002 [scheduling-1] DEBUG j.sqltiming -  com.zaxxer.hikari.pool.ProxyPreparedStatement.execute(ProxyPreparedStatement.java:44)
1331. /* *BATCH_LOG* */ select ID , 'Y' AS batch_yn from AUTO_CALL_CONDITION C where 1 = 1 and USE_YN 
= 'Y' and ACTIVE_STATUS = 1 and (START_DTM <= date_format('2024-03-08 00:50:00', '%Y-%m-%d') 
and END_DTM >= date_format('2024-03-08 00:50:00', '%Y-%m-%d')) and (WEEK_DAY LIKE CONCAT('%', 
dayofweek('2024-03-08 00:50:00'),'%')) and date_format(DISPATCH_TIME, '%H:%i') = CONCAT(date_format('2024-03-08 
00:50:00', '%H'), ':', date_format('2024-03-08 00:50:00', '%i') div 10, '0') 
 {executed in 1 msec} 
20240308 00:50:00.002 [scheduling-1] INFO j.resultsettable - 
|---|---------|
|id |batch_yn |
|---|---------|
|---|---------|
 
20240308 01:00:00.002 [scheduling-1] DEBUG j.sqltiming -  com.zaxxer.hikari.pool.ProxyPreparedStatement.execute(ProxyPreparedStatement.java:44)
1331. /* *BATCH_LOG* */ select ID , 'Y' AS batch_yn from AUTO_CALL_CONDITION C where 1 = 1 and USE_YN 
= 'Y' and ACTIVE_STATUS = 1 and (START_DTM <= date_format('2024-03-08 01:00:00', '%Y-%m-%d') 
and END_DTM >= date_format('2024-03-08 01:00:00', '%Y-%m-%d')) and (WEEK_DAY LIKE CONCAT('%', 
dayofweek('2024-03-08 01:00:00'),'%')) and date_format(DISPATCH_TIME, '%H:%i') = CONCAT(date_format('2024-03-08 
01:00:00', '%H'), ':', date_format('2024-03-08 01:00:00', '%i') div 10, '0') 
 {executed in 1 msec} 
20240308 01:00:00.002 [scheduling-1] INFO j.resultsettable - 
|---|---------|
|id |batch_yn |
|---|---------|
|---|---------|
 
20240308 01:10:00.002 [scheduling-1] DEBUG j.sqltiming -  com.zaxxer.hikari.pool.ProxyPreparedStatement.execute(ProxyPreparedStatement.java:44)
1332. /* *BATCH_LOG* */ select ID , 'Y' AS batch_yn from AUTO_CALL_CONDITION C where 1 = 1 and USE_YN 
= 'Y' and ACTIVE_STATUS = 1 and (START_DTM <= date_format('2024-03-08 01:10:00', '%Y-%m-%d') 
and END_DTM >= date_format('2024-03-08 01:10:00', '%Y-%m-%d')) and (WEEK_DAY LIKE CONCAT('%', 
dayofweek('2024-03-08 01:10:00'),'%')) and date_format(DISPATCH_TIME, '%H:%i') = CONCAT(date_format('2024-03-08 
01:10:00', '%H'), ':', date_format('2024-03-08 01:10:00', '%i') div 10, '0') 
 {executed in 0 msec} 
20240308 01:10:00.002 [scheduling-1] INFO j.resultsettable - 
|---|---------|
|id |batch_yn |
|---|---------|
|---|---------|
 
20240308 01:20:00.002 [scheduling-1] DEBUG j.sqltiming -  com.zaxxer.hikari.pool.ProxyPreparedStatement.execute(ProxyPreparedStatement.java:44)
1351. /* *BATCH_LOG* */ select ID , 'Y' AS batch_yn from AUTO_CALL_CONDITION C where 1 = 1 and USE_YN 
= 'Y' and ACTIVE_STATUS = 1 and (START_DTM <= date_format('2024-03-08 01:20:00', '%Y-%m-%d') 
and END_DTM >= date_format('2024-03-08 01:20:00', '%Y-%m-%d')) and (WEEK_DAY LIKE CONCAT('%', 
dayofweek('2024-03-08 01:20:00'),'%')) and date_format(DISPATCH_TIME, '%H:%i') = CONCAT(date_format('2024-03-08 
01:20:00', '%H'), ':', date_format('2024-03-08 01:20:00', '%i') div 10, '0') 
 {executed in 1 msec} 
20240308 01:20:00.003 [scheduling-1] INFO j.resultsettable - 
|---|---------|
|id |batch_yn |
|---|---------|
|---|---------|
 
20240308 01:30:00.001 [scheduling-1] DEBUG j.sqltiming -  com.zaxxer.hikari.pool.ProxyPreparedStatement.execute(ProxyPreparedStatement.java:44)
1351. /* *BATCH_LOG* */ select ID , 'Y' AS batch_yn from AUTO_CALL_CONDITION C where 1 = 1 and USE_YN 
= 'Y' and ACTIVE_STATUS = 1 and (START_DTM <= date_format('2024-03-08 01:30:00', '%Y-%m-%d') 
and END_DTM >= date_format('2024-03-08 01:30:00', '%Y-%m-%d')) and (WEEK_DAY LIKE CONCAT('%', 
dayofweek('2024-03-08 01:30:00'),'%')) and date_format(DISPATCH_TIME, '%H:%i') = CONCAT(date_format('2024-03-08 
01:30:00', '%H'), ':', date_format('2024-03-08 01:30:00', '%i') div 10, '0') 
 {executed in 0 msec} 
20240308 01:30:00.002 [scheduling-1] INFO j.resultsettable - 
|---|---------|
|id |batch_yn |
|---|---------|
|---|---------|
 
20240308 01:40:00.002 [scheduling-1] DEBUG j.sqltiming -  com.zaxxer.hikari.pool.ProxyPreparedStatement.execute(ProxyPreparedStatement.java:44)
1352. /* *BATCH_LOG* */ select ID , 'Y' AS batch_yn from AUTO_CALL_CONDITION C where 1 = 1 and USE_YN 
= 'Y' and ACTIVE_STATUS = 1 and (START_DTM <= date_format('2024-03-08 01:40:00', '%Y-%m-%d') 
and END_DTM >= date_format('2024-03-08 01:40:00', '%Y-%m-%d')) and (WEEK_DAY LIKE CONCAT('%', 
dayofweek('2024-03-08 01:40:00'),'%')) and date_format(DISPATCH_TIME, '%H:%i') = CONCAT(date_format('2024-03-08 
01:40:00', '%H'), ':', date_format('2024-03-08 01:40:00', '%i') div 10, '0') 
 {executed in 1 msec} 
20240308 01:40:00.002 [scheduling-1] INFO j.resultsettable - 
|---|---------|
|id |batch_yn |
|---|---------|
|---|---------|
 
20240308 01:50:00.002 [scheduling-1] DEBUG j.sqltiming -  com.zaxxer.hikari.pool.ProxyPreparedStatement.execute(ProxyPreparedStatement.java:44)
1371. /* *BATCH_LOG* */ select ID , 'Y' AS batch_yn from AUTO_CALL_CONDITION C where 1 = 1 and USE_YN 
= 'Y' and ACTIVE_STATUS = 1 and (START_DTM <= date_format('2024-03-08 01:50:00', '%Y-%m-%d') 
and END_DTM >= date_format('2024-03-08 01:50:00', '%Y-%m-%d')) and (WEEK_DAY LIKE CONCAT('%', 
dayofweek('2024-03-08 01:50:00'),'%')) and date_format(DISPATCH_TIME, '%H:%i') = CONCAT(date_format('2024-03-08 
01:50:00', '%H'), ':', date_format('2024-03-08 01:50:00', '%i') div 10, '0') 
 {executed in 0 msec} 
20240308 01:50:00.002 [scheduling-1] INFO j.resultsettable - 
|---|---------|
|id |batch_yn |
|---|---------|
|---|---------|
 
20240308 02:00:00.002 [scheduling-1] DEBUG j.sqltiming -  com.zaxxer.hikari.pool.ProxyPreparedStatement.execute(ProxyPreparedStatement.java:44)
1371. /* *BATCH_LOG* */ select ID , 'Y' AS batch_yn from AUTO_CALL_CONDITION C where 1 = 1 and USE_YN 
= 'Y' and ACTIVE_STATUS = 1 and (START_DTM <= date_format('2024-03-08 02:00:00', '%Y-%m-%d') 
and END_DTM >= date_format('2024-03-08 02:00:00', '%Y-%m-%d')) and (WEEK_DAY LIKE CONCAT('%', 
dayofweek('2024-03-08 02:00:00'),'%')) and date_format(DISPATCH_TIME, '%H:%i') = CONCAT(date_format('2024-03-08 
02:00:00', '%H'), ':', date_format('2024-03-08 02:00:00', '%i') div 10, '0') 
 {executed in 0 msec} 
20240308 02:00:00.002 [scheduling-1] INFO j.resultsettable - 
|---|---------|
|id |batch_yn |
|---|---------|
|---|---------|
 
20240308 02:10:00.003 [scheduling-1] DEBUG j.sqltiming -  com.zaxxer.hikari.pool.ProxyPreparedStatement.execute(ProxyPreparedStatement.java:44)
1373. /* *BATCH_LOG* */ select ID , 'Y' AS batch_yn from AUTO_CALL_CONDITION C where 1 = 1 and USE_YN 
= 'Y' and ACTIVE_STATUS = 1 and (START_DTM <= date_format('2024-03-08 02:10:00', '%Y-%m-%d') 
and END_DTM >= date_format('2024-03-08 02:10:00', '%Y-%m-%d')) and (WEEK_DAY LIKE CONCAT('%', 
dayofweek('2024-03-08 02:10:00'),'%')) and date_format(DISPATCH_TIME, '%H:%i') = CONCAT(date_format('2024-03-08 
02:10:00', '%H'), ':', date_format('2024-03-08 02:10:00', '%i') div 10, '0') 
 {executed in 0 msec} 
20240308 02:10:00.003 [scheduling-1] INFO j.resultsettable - 
|---|---------|
|id |batch_yn |
|---|---------|
|---|---------|
 
20240308 02:20:00.002 [scheduling-1] DEBUG j.sqltiming -  com.zaxxer.hikari.pool.ProxyPreparedStatement.execute(ProxyPreparedStatement.java:44)
1391. /* *BATCH_LOG* */ select ID , 'Y' AS batch_yn from AUTO_CALL_CONDITION C where 1 = 1 and USE_YN 
= 'Y' and ACTIVE_STATUS = 1 and (START_DTM <= date_format('2024-03-08 02:20:00', '%Y-%m-%d') 
and END_DTM >= date_format('2024-03-08 02:20:00', '%Y-%m-%d')) and (WEEK_DAY LIKE CONCAT('%', 
dayofweek('2024-03-08 02:20:00'),'%')) and date_format(DISPATCH_TIME, '%H:%i') = CONCAT(date_format('2024-03-08 
02:20:00', '%H'), ':', date_format('2024-03-08 02:20:00', '%i') div 10, '0') 
 {executed in 1 msec} 
20240308 02:20:00.003 [scheduling-1] INFO j.resultsettable - 
|---|---------|
|id |batch_yn |
|---|---------|
|---|---------|
 
20240308 02:30:00.001 [scheduling-1] DEBUG j.sqltiming -  com.zaxxer.hikari.pool.ProxyPreparedStatement.execute(ProxyPreparedStatement.java:44)
1391. /* *BATCH_LOG* */ select ID , 'Y' AS batch_yn from AUTO_CALL_CONDITION C where 1 = 1 and USE_YN 
= 'Y' and ACTIVE_STATUS = 1 and (START_DTM <= date_format('2024-03-08 02:30:00', '%Y-%m-%d') 
and END_DTM >= date_format('2024-03-08 02:30:00', '%Y-%m-%d')) and (WEEK_DAY LIKE CONCAT('%', 
dayofweek('2024-03-08 02:30:00'),'%')) and date_format(DISPATCH_TIME, '%H:%i') = CONCAT(date_format('2024-03-08 
02:30:00', '%H'), ':', date_format('2024-03-08 02:30:00', '%i') div 10, '0') 
 {executed in 0 msec} 
20240308 02:30:00.002 [scheduling-1] INFO j.resultsettable - 
|---|---------|
|id |batch_yn |
|---|---------|
|---|---------|
 
20240308 02:40:00.002 [scheduling-1] DEBUG j.sqltiming -  com.zaxxer.hikari.pool.ProxyPreparedStatement.execute(ProxyPreparedStatement.java:44)
1394. /* *BATCH_LOG* */ select ID , 'Y' AS batch_yn from AUTO_CALL_CONDITION C where 1 = 1 and USE_YN 
= 'Y' and ACTIVE_STATUS = 1 and (START_DTM <= date_format('2024-03-08 02:40:00', '%Y-%m-%d') 
and END_DTM >= date_format('2024-03-08 02:40:00', '%Y-%m-%d')) and (WEEK_DAY LIKE CONCAT('%', 
dayofweek('2024-03-08 02:40:00'),'%')) and date_format(DISPATCH_TIME, '%H:%i') = CONCAT(date_format('2024-03-08 
02:40:00', '%H'), ':', date_format('2024-03-08 02:40:00', '%i') div 10, '0') 
 {executed in 0 msec} 
20240308 02:40:00.002 [scheduling-1] INFO j.resultsettable - 
|---|---------|
|id |batch_yn |
|---|---------|
|---|---------|
 
20240308 02:50:00.003 [scheduling-1] DEBUG j.sqltiming -  com.zaxxer.hikari.pool.ProxyPreparedStatement.execute(ProxyPreparedStatement.java:44)
1411. /* *BATCH_LOG* */ select ID , 'Y' AS batch_yn from AUTO_CALL_CONDITION C where 1 = 1 and USE_YN 
= 'Y' and ACTIVE_STATUS = 1 and (START_DTM <= date_format('2024-03-08 02:50:00', '%Y-%m-%d') 
and END_DTM >= date_format('2024-03-08 02:50:00', '%Y-%m-%d')) and (WEEK_DAY LIKE CONCAT('%', 
dayofweek('2024-03-08 02:50:00'),'%')) and date_format(DISPATCH_TIME, '%H:%i') = CONCAT(date_format('2024-03-08 
02:50:00', '%H'), ':', date_format('2024-03-08 02:50:00', '%i') div 10, '0') 
 {executed in 0 msec} 
20240308 02:50:00.003 [scheduling-1] INFO j.resultsettable - 
|---|---------|
|id |batch_yn |
|---|---------|
|---|---------|
 
20240308 03:00:00.002 [scheduling-1] DEBUG j.sqltiming -  com.zaxxer.hikari.pool.ProxyPreparedStatement.execute(ProxyPreparedStatement.java:44)
1411. /* *BATCH_LOG* */ select ID , 'Y' AS batch_yn from AUTO_CALL_CONDITION C where 1 = 1 and USE_YN 
= 'Y' and ACTIVE_STATUS = 1 and (START_DTM <= date_format('2024-03-08 03:00:00', '%Y-%m-%d') 
and END_DTM >= date_format('2024-03-08 03:00:00', '%Y-%m-%d')) and (WEEK_DAY LIKE CONCAT('%', 
dayofweek('2024-03-08 03:00:00'),'%')) and date_format(DISPATCH_TIME, '%H:%i') = CONCAT(date_format('2024-03-08 
03:00:00', '%H'), ':', date_format('2024-03-08 03:00:00', '%i') div 10, '0') 
 {executed in 0 msec} 
20240308 03:00:00.002 [scheduling-1] INFO j.resultsettable - 
|---|---------|
|id |batch_yn |
|---|---------|
|---|---------|
 
20240308 03:10:00.002 [scheduling-1] DEBUG j.sqltiming -  com.zaxxer.hikari.pool.ProxyPreparedStatement.execute(ProxyPreparedStatement.java:44)
1414. /* *BATCH_LOG* */ select ID , 'Y' AS batch_yn from AUTO_CALL_CONDITION C where 1 = 1 and USE_YN 
= 'Y' and ACTIVE_STATUS = 1 and (START_DTM <= date_format('2024-03-08 03:10:00', '%Y-%m-%d') 
and END_DTM >= date_format('2024-03-08 03:10:00', '%Y-%m-%d')) and (WEEK_DAY LIKE CONCAT('%', 
dayofweek('2024-03-08 03:10:00'),'%')) and date_format(DISPATCH_TIME, '%H:%i') = CONCAT(date_format('2024-03-08 
03:10:00', '%H'), ':', date_format('2024-03-08 03:10:00', '%i') div 10, '0') 
 {executed in 0 msec} 
20240308 03:10:00.003 [scheduling-1] INFO j.resultsettable - 
|---|---------|
|id |batch_yn |
|---|---------|
|---|---------|
 
20240308 03:20:00.002 [scheduling-1] DEBUG j.sqltiming -  com.zaxxer.hikari.pool.ProxyPreparedStatement.execute(ProxyPreparedStatement.java:44)
1431. /* *BATCH_LOG* */ select ID , 'Y' AS batch_yn from AUTO_CALL_CONDITION C where 1 = 1 and USE_YN 
= 'Y' and ACTIVE_STATUS = 1 and (START_DTM <= date_format('2024-03-08 03:20:00', '%Y-%m-%d') 
and END_DTM >= date_format('2024-03-08 03:20:00', '%Y-%m-%d')) and (WEEK_DAY LIKE CONCAT('%', 
dayofweek('2024-03-08 03:20:00'),'%')) and date_format(DISPATCH_TIME, '%H:%i') = CONCAT(date_format('2024-03-08 
03:20:00', '%H'), ':', date_format('2024-03-08 03:20:00', '%i') div 10, '0') 
 {executed in 0 msec} 
20240308 03:20:00.002 [scheduling-1] INFO j.resultsettable - 
|---|---------|
|id |batch_yn |
|---|---------|
|---|---------|
 
20240308 03:30:00.002 [scheduling-1] DEBUG j.sqltiming -  com.zaxxer.hikari.pool.ProxyPreparedStatement.execute(ProxyPreparedStatement.java:44)
1431. /* *BATCH_LOG* */ select ID , 'Y' AS batch_yn from AUTO_CALL_CONDITION C where 1 = 1 and USE_YN 
= 'Y' and ACTIVE_STATUS = 1 and (START_DTM <= date_format('2024-03-08 03:30:00', '%Y-%m-%d') 
and END_DTM >= date_format('2024-03-08 03:30:00', '%Y-%m-%d')) and (WEEK_DAY LIKE CONCAT('%', 
dayofweek('2024-03-08 03:30:00'),'%')) and date_format(DISPATCH_TIME, '%H:%i') = CONCAT(date_format('2024-03-08 
03:30:00', '%H'), ':', date_format('2024-03-08 03:30:00', '%i') div 10, '0') 
 {executed in 1 msec} 
20240308 03:30:00.002 [scheduling-1] INFO j.resultsettable - 
|---|---------|
|id |batch_yn |
|---|---------|
|---|---------|
 
20240308 03:40:00.002 [scheduling-1] DEBUG j.sqltiming -  com.zaxxer.hikari.pool.ProxyPreparedStatement.execute(ProxyPreparedStatement.java:44)
1434. /* *BATCH_LOG* */ select ID , 'Y' AS batch_yn from AUTO_CALL_CONDITION C where 1 = 1 and USE_YN 
= 'Y' and ACTIVE_STATUS = 1 and (START_DTM <= date_format('2024-03-08 03:40:00', '%Y-%m-%d') 
and END_DTM >= date_format('2024-03-08 03:40:00', '%Y-%m-%d')) and (WEEK_DAY LIKE CONCAT('%', 
dayofweek('2024-03-08 03:40:00'),'%')) and date_format(DISPATCH_TIME, '%H:%i') = CONCAT(date_format('2024-03-08 
03:40:00', '%H'), ':', date_format('2024-03-08 03:40:00', '%i') div 10, '0') 
 {executed in 1 msec} 
20240308 03:40:00.002 [scheduling-1] INFO j.resultsettable - 
|---|---------|
|id |batch_yn |
|---|---------|
|---|---------|
 
20240308 03:50:00.002 [scheduling-1] DEBUG j.sqltiming -  com.zaxxer.hikari.pool.ProxyPreparedStatement.execute(ProxyPreparedStatement.java:44)
1451. /* *BATCH_LOG* */ select ID , 'Y' AS batch_yn from AUTO_CALL_CONDITION C where 1 = 1 and USE_YN 
= 'Y' and ACTIVE_STATUS = 1 and (START_DTM <= date_format('2024-03-08 03:50:00', '%Y-%m-%d') 
and END_DTM >= date_format('2024-03-08 03:50:00', '%Y-%m-%d')) and (WEEK_DAY LIKE CONCAT('%', 
dayofweek('2024-03-08 03:50:00'),'%')) and date_format(DISPATCH_TIME, '%H:%i') = CONCAT(date_format('2024-03-08 
03:50:00', '%H'), ':', date_format('2024-03-08 03:50:00', '%i') div 10, '0') 
 {executed in 1 msec} 
20240308 03:50:00.002 [scheduling-1] INFO j.resultsettable - 
|---|---------|
|id |batch_yn |
|---|---------|
|---|---------|
 
20240308 04:00:00.002 [scheduling-1] DEBUG j.sqltiming -  com.zaxxer.hikari.pool.ProxyPreparedStatement.execute(ProxyPreparedStatement.java:44)
1451. /* *BATCH_LOG* */ select ID , 'Y' AS batch_yn from AUTO_CALL_CONDITION C where 1 = 1 and USE_YN 
= 'Y' and ACTIVE_STATUS = 1 and (START_DTM <= date_format('2024-03-08 04:00:00', '%Y-%m-%d') 
and END_DTM >= date_format('2024-03-08 04:00:00', '%Y-%m-%d')) and (WEEK_DAY LIKE CONCAT('%', 
dayofweek('2024-03-08 04:00:00'),'%')) and date_format(DISPATCH_TIME, '%H:%i') = CONCAT(date_format('2024-03-08 
04:00:00', '%H'), ':', date_format('2024-03-08 04:00:00', '%i') div 10, '0') 
 {executed in 1 msec} 
20240308 04:00:00.002 [scheduling-1] INFO j.resultsettable - 
|---|---------|
|id |batch_yn |
|---|---------|
|---|---------|
 
20240308 04:10:00.002 [scheduling-1] DEBUG j.sqltiming -  com.zaxxer.hikari.pool.ProxyPreparedStatement.execute(ProxyPreparedStatement.java:44)
1455. /* *BATCH_LOG* */ select ID , 'Y' AS batch_yn from AUTO_CALL_CONDITION C where 1 = 1 and USE_YN 
= 'Y' and ACTIVE_STATUS = 1 and (START_DTM <= date_format('2024-03-08 04:10:00', '%Y-%m-%d') 
and END_DTM >= date_format('2024-03-08 04:10:00', '%Y-%m-%d')) and (WEEK_DAY LIKE CONCAT('%', 
dayofweek('2024-03-08 04:10:00'),'%')) and date_format(DISPATCH_TIME, '%H:%i') = CONCAT(date_format('2024-03-08 
04:10:00', '%H'), ':', date_format('2024-03-08 04:10:00', '%i') div 10, '0') 
 {executed in 1 msec} 
20240308 04:10:00.002 [scheduling-1] INFO j.resultsettable - 
|---|---------|
|id |batch_yn |
|---|---------|
|---|---------|
 
20240308 04:20:00.003 [scheduling-1] DEBUG j.sqltiming -  com.zaxxer.hikari.pool.ProxyPreparedStatement.execute(ProxyPreparedStatement.java:44)
1471. /* *BATCH_LOG* */ select ID , 'Y' AS batch_yn from AUTO_CALL_CONDITION C where 1 = 1 and USE_YN 
= 'Y' and ACTIVE_STATUS = 1 and (START_DTM <= date_format('2024-03-08 04:20:00', '%Y-%m-%d') 
and END_DTM >= date_format('2024-03-08 04:20:00', '%Y-%m-%d')) and (WEEK_DAY LIKE CONCAT('%', 
dayofweek('2024-03-08 04:20:00'),'%')) and date_format(DISPATCH_TIME, '%H:%i') = CONCAT(date_format('2024-03-08 
04:20:00', '%H'), ':', date_format('2024-03-08 04:20:00', '%i') div 10, '0') 
 {executed in 0 msec} 
20240308 04:20:00.003 [scheduling-1] INFO j.resultsettable - 
|---|---------|
|id |batch_yn |
|---|---------|
|---|---------|
 
20240308 04:30:00.002 [scheduling-1] DEBUG j.sqltiming -  com.zaxxer.hikari.pool.ProxyPreparedStatement.execute(ProxyPreparedStatement.java:44)
1471. /* *BATCH_LOG* */ select ID , 'Y' AS batch_yn from AUTO_CALL_CONDITION C where 1 = 1 and USE_YN 
= 'Y' and ACTIVE_STATUS = 1 and (START_DTM <= date_format('2024-03-08 04:30:00', '%Y-%m-%d') 
and END_DTM >= date_format('2024-03-08 04:30:00', '%Y-%m-%d')) and (WEEK_DAY LIKE CONCAT('%', 
dayofweek('2024-03-08 04:30:00'),'%')) and date_format(DISPATCH_TIME, '%H:%i') = CONCAT(date_format('2024-03-08 
04:30:00', '%H'), ':', date_format('2024-03-08 04:30:00', '%i') div 10, '0') 
 {executed in 0 msec} 
20240308 04:30:00.002 [scheduling-1] INFO j.resultsettable - 
|---|---------|
|id |batch_yn |
|---|---------|
|---|---------|
 
20240308 04:40:00.002 [scheduling-1] DEBUG j.sqltiming -  com.zaxxer.hikari.pool.ProxyPreparedStatement.execute(ProxyPreparedStatement.java:44)
1476. /* *BATCH_LOG* */ select ID , 'Y' AS batch_yn from AUTO_CALL_CONDITION C where 1 = 1 and USE_YN 
= 'Y' and ACTIVE_STATUS = 1 and (START_DTM <= date_format('2024-03-08 04:40:00', '%Y-%m-%d') 
and END_DTM >= date_format('2024-03-08 04:40:00', '%Y-%m-%d')) and (WEEK_DAY LIKE CONCAT('%', 
dayofweek('2024-03-08 04:40:00'),'%')) and date_format(DISPATCH_TIME, '%H:%i') = CONCAT(date_format('2024-03-08 
04:40:00', '%H'), ':', date_format('2024-03-08 04:40:00', '%i') div 10, '0') 
 {executed in 1 msec} 
20240308 04:40:00.002 [scheduling-1] INFO j.resultsettable - 
|---|---------|
|id |batch_yn |
|---|---------|
|---|---------|
 
20240308 04:50:00.002 [scheduling-1] DEBUG j.sqltiming -  com.zaxxer.hikari.pool.ProxyPreparedStatement.execute(ProxyPreparedStatement.java:44)
1491. /* *BATCH_LOG* */ select ID , 'Y' AS batch_yn from AUTO_CALL_CONDITION C where 1 = 1 and USE_YN 
= 'Y' and ACTIVE_STATUS = 1 and (START_DTM <= date_format('2024-03-08 04:50:00', '%Y-%m-%d') 
and END_DTM >= date_format('2024-03-08 04:50:00', '%Y-%m-%d')) and (WEEK_DAY LIKE CONCAT('%', 
dayofweek('2024-03-08 04:50:00'),'%')) and date_format(DISPATCH_TIME, '%H:%i') = CONCAT(date_format('2024-03-08 
04:50:00', '%H'), ':', date_format('2024-03-08 04:50:00', '%i') div 10, '0') 
 {executed in 0 msec} 
20240308 04:50:00.003 [scheduling-1] INFO j.resultsettable - 
|---|---------|
|id |batch_yn |
|---|---------|
|---|---------|
 
20240308 05:00:00.001 [scheduling-1] DEBUG j.sqltiming -  com.zaxxer.hikari.pool.ProxyPreparedStatement.execute(ProxyPreparedStatement.java:44)
1491. /* *BATCH_LOG* */ select ID , 'Y' AS batch_yn from AUTO_CALL_CONDITION C where 1 = 1 and USE_YN 
= 'Y' and ACTIVE_STATUS = 1 and (START_DTM <= date_format('2024-03-08 05:00:00', '%Y-%m-%d') 
and END_DTM >= date_format('2024-03-08 05:00:00', '%Y-%m-%d')) and (WEEK_DAY LIKE CONCAT('%', 
dayofweek('2024-03-08 05:00:00'),'%')) and date_format(DISPATCH_TIME, '%H:%i') = CONCAT(date_format('2024-03-08 
05:00:00', '%H'), ':', date_format('2024-03-08 05:00:00', '%i') div 10, '0') 
 {executed in 0 msec} 
20240308 05:00:00.002 [scheduling-1] INFO j.resultsettable - 
|---|---------|
|id |batch_yn |
|---|---------|
|---|---------|
 
20240308 05:10:00.003 [scheduling-1] DEBUG j.sqltiming -  com.zaxxer.hikari.pool.ProxyPreparedStatement.execute(ProxyPreparedStatement.java:44)
1496. /* *BATCH_LOG* */ select ID , 'Y' AS batch_yn from AUTO_CALL_CONDITION C where 1 = 1 and USE_YN 
= 'Y' and ACTIVE_STATUS = 1 and (START_DTM <= date_format('2024-03-08 05:10:00', '%Y-%m-%d') 
and END_DTM >= date_format('2024-03-08 05:10:00', '%Y-%m-%d')) and (WEEK_DAY LIKE CONCAT('%', 
dayofweek('2024-03-08 05:10:00'),'%')) and date_format(DISPATCH_TIME, '%H:%i') = CONCAT(date_format('2024-03-08 
05:10:00', '%H'), ':', date_format('2024-03-08 05:10:00', '%i') div 10, '0') 
 {executed in 0 msec} 
20240308 05:10:00.003 [scheduling-1] INFO j.resultsettable - 
|---|---------|
|id |batch_yn |
|---|---------|
|---|---------|
 
20240308 05:20:00.008 [scheduling-1] DEBUG j.sqltiming -  com.zaxxer.hikari.pool.ProxyPreparedStatement.execute(ProxyPreparedStatement.java:44)
1511. /* *BATCH_LOG* */ select ID , 'Y' AS batch_yn from AUTO_CALL_CONDITION C where 1 = 1 and USE_YN 
= 'Y' and ACTIVE_STATUS = 1 and (START_DTM <= date_format('2024-03-08 05:20:00', '%Y-%m-%d') 
and END_DTM >= date_format('2024-03-08 05:20:00', '%Y-%m-%d')) and (WEEK_DAY LIKE CONCAT('%', 
dayofweek('2024-03-08 05:20:00'),'%')) and date_format(DISPATCH_TIME, '%H:%i') = CONCAT(date_format('2024-03-08 
05:20:00', '%H'), ':', date_format('2024-03-08 05:20:00', '%i') div 10, '0') 
 {executed in 0 msec} 
20240308 05:20:00.008 [scheduling-1] INFO j.resultsettable - 
|---|---------|
|id |batch_yn |
|---|---------|
|---|---------|
 
20240308 05:30:00.002 [scheduling-1] DEBUG j.sqltiming -  com.zaxxer.hikari.pool.ProxyPreparedStatement.execute(ProxyPreparedStatement.java:44)
1511. /* *BATCH_LOG* */ select ID , 'Y' AS batch_yn from AUTO_CALL_CONDITION C where 1 = 1 and USE_YN 
= 'Y' and ACTIVE_STATUS = 1 and (START_DTM <= date_format('2024-03-08 05:30:00', '%Y-%m-%d') 
and END_DTM >= date_format('2024-03-08 05:30:00', '%Y-%m-%d')) and (WEEK_DAY LIKE CONCAT('%', 
dayofweek('2024-03-08 05:30:00'),'%')) and date_format(DISPATCH_TIME, '%H:%i') = CONCAT(date_format('2024-03-08 
05:30:00', '%H'), ':', date_format('2024-03-08 05:30:00', '%i') div 10, '0') 
 {executed in 0 msec} 
20240308 05:30:00.002 [scheduling-1] INFO j.resultsettable - 
|---|---------|
|id |batch_yn |
|---|---------|
|---|---------|
 
20240308 05:40:00.002 [scheduling-1] DEBUG j.sqltiming -  com.zaxxer.hikari.pool.ProxyPreparedStatement.execute(ProxyPreparedStatement.java:44)
1519. /* *BATCH_LOG* */ select ID , 'Y' AS batch_yn from AUTO_CALL_CONDITION C where 1 = 1 and USE_YN 
= 'Y' and ACTIVE_STATUS = 1 and (START_DTM <= date_format('2024-03-08 05:40:00', '%Y-%m-%d') 
and END_DTM >= date_format('2024-03-08 05:40:00', '%Y-%m-%d')) and (WEEK_DAY LIKE CONCAT('%', 
dayofweek('2024-03-08 05:40:00'),'%')) and date_format(DISPATCH_TIME, '%H:%i') = CONCAT(date_format('2024-03-08 
05:40:00', '%H'), ':', date_format('2024-03-08 05:40:00', '%i') div 10, '0') 
 {executed in 1 msec} 
20240308 05:40:00.003 [scheduling-1] INFO j.resultsettable - 
|---|---------|
|id |batch_yn |
|---|---------|
|---|---------|
 
20240308 05:50:00.002 [scheduling-1] DEBUG j.sqltiming -  com.zaxxer.hikari.pool.ProxyPreparedStatement.execute(ProxyPreparedStatement.java:44)
1531. /* *BATCH_LOG* */ select ID , 'Y' AS batch_yn from AUTO_CALL_CONDITION C where 1 = 1 and USE_YN 
= 'Y' and ACTIVE_STATUS = 1 and (START_DTM <= date_format('2024-03-08 05:50:00', '%Y-%m-%d') 
and END_DTM >= date_format('2024-03-08 05:50:00', '%Y-%m-%d')) and (WEEK_DAY LIKE CONCAT('%', 
dayofweek('2024-03-08 05:50:00'),'%')) and date_format(DISPATCH_TIME, '%H:%i') = CONCAT(date_format('2024-03-08 
05:50:00', '%H'), ':', date_format('2024-03-08 05:50:00', '%i') div 10, '0') 
 {executed in 1 msec} 
20240308 05:50:00.002 [scheduling-1] INFO j.resultsettable - 
|---|---------|
|id |batch_yn |
|---|---------|
|---|---------|
 
20240308 06:00:00.002 [scheduling-1] DEBUG j.sqltiming -  com.zaxxer.hikari.pool.ProxyPreparedStatement.execute(ProxyPreparedStatement.java:44)
1531. /* *BATCH_LOG* */ select ID , 'Y' AS batch_yn from AUTO_CALL_CONDITION C where 1 = 1 and USE_YN 
= 'Y' and ACTIVE_STATUS = 1 and (START_DTM <= date_format('2024-03-08 06:00:00', '%Y-%m-%d') 
and END_DTM >= date_format('2024-03-08 06:00:00', '%Y-%m-%d')) and (WEEK_DAY LIKE CONCAT('%', 
dayofweek('2024-03-08 06:00:00'),'%')) and date_format(DISPATCH_TIME, '%H:%i') = CONCAT(date_format('2024-03-08 
06:00:00', '%H'), ':', date_format('2024-03-08 06:00:00', '%i') div 10, '0') 
 {executed in 1 msec} 
20240308 06:00:00.002 [scheduling-1] INFO j.resultsettable - 
|---|---------|
|id |batch_yn |
|---|---------|
|---|---------|
 
20240308 06:10:00.002 [scheduling-1] DEBUG j.sqltiming -  com.zaxxer.hikari.pool.ProxyPreparedStatement.execute(ProxyPreparedStatement.java:44)
1540. /* *BATCH_LOG* */ select ID , 'Y' AS batch_yn from AUTO_CALL_CONDITION C where 1 = 1 and USE_YN 
= 'Y' and ACTIVE_STATUS = 1 and (START_DTM <= date_format('2024-03-08 06:10:00', '%Y-%m-%d') 
and END_DTM >= date_format('2024-03-08 06:10:00', '%Y-%m-%d')) and (WEEK_DAY LIKE CONCAT('%', 
dayofweek('2024-03-08 06:10:00'),'%')) and date_format(DISPATCH_TIME, '%H:%i') = CONCAT(date_format('2024-03-08 
06:10:00', '%H'), ':', date_format('2024-03-08 06:10:00', '%i') div 10, '0') 
 {executed in 0 msec} 
20240308 06:10:00.003 [scheduling-1] INFO j.resultsettable - 
|---|---------|
|id |batch_yn |
|---|---------|
|---|---------|
 
20240308 06:20:00.002 [scheduling-1] DEBUG j.sqltiming -  com.zaxxer.hikari.pool.ProxyPreparedStatement.execute(ProxyPreparedStatement.java:44)
1551. /* *BATCH_LOG* */ select ID , 'Y' AS batch_yn from AUTO_CALL_CONDITION C where 1 = 1 and USE_YN 
= 'Y' and ACTIVE_STATUS = 1 and (START_DTM <= date_format('2024-03-08 06:20:00', '%Y-%m-%d') 
and END_DTM >= date_format('2024-03-08 06:20:00', '%Y-%m-%d')) and (WEEK_DAY LIKE CONCAT('%', 
dayofweek('2024-03-08 06:20:00'),'%')) and date_format(DISPATCH_TIME, '%H:%i') = CONCAT(date_format('2024-03-08 
06:20:00', '%H'), ':', date_format('2024-03-08 06:20:00', '%i') div 10, '0') 
 {executed in 1 msec} 
20240308 06:20:00.003 [scheduling-1] INFO j.resultsettable - 
|---|---------|
|id |batch_yn |
|---|---------|
|---|---------|
 
20240308 06:30:00.001 [scheduling-1] DEBUG j.sqltiming -  com.zaxxer.hikari.pool.ProxyPreparedStatement.execute(ProxyPreparedStatement.java:44)
1551. /* *BATCH_LOG* */ select ID , 'Y' AS batch_yn from AUTO_CALL_CONDITION C where 1 = 1 and USE_YN 
= 'Y' and ACTIVE_STATUS = 1 and (START_DTM <= date_format('2024-03-08 06:30:00', '%Y-%m-%d') 
and END_DTM >= date_format('2024-03-08 06:30:00', '%Y-%m-%d')) and (WEEK_DAY LIKE CONCAT('%', 
dayofweek('2024-03-08 06:30:00'),'%')) and date_format(DISPATCH_TIME, '%H:%i') = CONCAT(date_format('2024-03-08 
06:30:00', '%H'), ':', date_format('2024-03-08 06:30:00', '%i') div 10, '0') 
 {executed in 1 msec} 
20240308 06:30:00.001 [scheduling-1] INFO j.resultsettable - 
|---|---------|
|id |batch_yn |
|---|---------|
|---|---------|
 
20240308 06:40:00.002 [scheduling-1] DEBUG j.sqltiming -  com.zaxxer.hikari.pool.ProxyPreparedStatement.execute(ProxyPreparedStatement.java:44)
1560. /* *BATCH_LOG* */ select ID , 'Y' AS batch_yn from AUTO_CALL_CONDITION C where 1 = 1 and USE_YN 
= 'Y' and ACTIVE_STATUS = 1 and (START_DTM <= date_format('2024-03-08 06:40:00', '%Y-%m-%d') 
and END_DTM >= date_format('2024-03-08 06:40:00', '%Y-%m-%d')) and (WEEK_DAY LIKE CONCAT('%', 
dayofweek('2024-03-08 06:40:00'),'%')) and date_format(DISPATCH_TIME, '%H:%i') = CONCAT(date_format('2024-03-08 
06:40:00', '%H'), ':', date_format('2024-03-08 06:40:00', '%i') div 10, '0') 
 {executed in 0 msec} 
20240308 06:40:00.003 [scheduling-1] INFO j.resultsettable - 
|---|---------|
|id |batch_yn |
|---|---------|
|---|---------|
 
20240308 06:50:00.002 [scheduling-1] DEBUG j.sqltiming -  com.zaxxer.hikari.pool.ProxyPreparedStatement.execute(ProxyPreparedStatement.java:44)
1571. /* *BATCH_LOG* */ select ID , 'Y' AS batch_yn from AUTO_CALL_CONDITION C where 1 = 1 and USE_YN 
= 'Y' and ACTIVE_STATUS = 1 and (START_DTM <= date_format('2024-03-08 06:50:00', '%Y-%m-%d') 
and END_DTM >= date_format('2024-03-08 06:50:00', '%Y-%m-%d')) and (WEEK_DAY LIKE CONCAT('%', 
dayofweek('2024-03-08 06:50:00'),'%')) and date_format(DISPATCH_TIME, '%H:%i') = CONCAT(date_format('2024-03-08 
06:50:00', '%H'), ':', date_format('2024-03-08 06:50:00', '%i') div 10, '0') 
 {executed in 1 msec} 
20240308 06:50:00.002 [scheduling-1] INFO j.resultsettable - 
|---|---------|
|id |batch_yn |
|---|---------|
|---|---------|
 
20240308 07:00:00.001 [scheduling-1] DEBUG j.sqltiming -  com.zaxxer.hikari.pool.ProxyPreparedStatement.execute(ProxyPreparedStatement.java:44)
1571. /* *BATCH_LOG* */ select ID , 'Y' AS batch_yn from AUTO_CALL_CONDITION C where 1 = 1 and USE_YN 
= 'Y' and ACTIVE_STATUS = 1 and (START_DTM <= date_format('2024-03-08 07:00:00', '%Y-%m-%d') 
and END_DTM >= date_format('2024-03-08 07:00:00', '%Y-%m-%d')) and (WEEK_DAY LIKE CONCAT('%', 
dayofweek('2024-03-08 07:00:00'),'%')) and date_format(DISPATCH_TIME, '%H:%i') = CONCAT(date_format('2024-03-08 
07:00:00', '%H'), ':', date_format('2024-03-08 07:00:00', '%i') div 10, '0') 
 {executed in 0 msec} 
20240308 07:00:00.002 [scheduling-1] INFO j.resultsettable - 
|---|---------|
|id |batch_yn |
|---|---------|
|---|---------|
 
20240308 07:10:00.002 [scheduling-1] DEBUG j.sqltiming -  com.zaxxer.hikari.pool.ProxyPreparedStatement.execute(ProxyPreparedStatement.java:44)
1580. /* *BATCH_LOG* */ select ID , 'Y' AS batch_yn from AUTO_CALL_CONDITION C where 1 = 1 and USE_YN 
= 'Y' and ACTIVE_STATUS = 1 and (START_DTM <= date_format('2024-03-08 07:10:00', '%Y-%m-%d') 
and END_DTM >= date_format('2024-03-08 07:10:00', '%Y-%m-%d')) and (WEEK_DAY LIKE CONCAT('%', 
dayofweek('2024-03-08 07:10:00'),'%')) and date_format(DISPATCH_TIME, '%H:%i') = CONCAT(date_format('2024-03-08 
07:10:00', '%H'), ':', date_format('2024-03-08 07:10:00', '%i') div 10, '0') 
 {executed in 1 msec} 
20240308 07:10:00.002 [scheduling-1] INFO j.resultsettable - 
|---|---------|
|id |batch_yn |
|---|---------|
|---|---------|
 
20240308 07:12:43.320 [http-nio-18080-exec-64] DEBUG j.sqltiming -  com.zaxxer.hikari.pool.ProxyPreparedStatement.execute(ProxyPreparedStatement.java:44)
1591. SELECT * FROM TN_USER WHERE USER_ID = 'fast01' 
 {executed in 1 msec} 
20240308 07:12:43.321 [http-nio-18080-exec-64] INFO j.resultsettable - 
|--------|-----------|--------|-------------|-------|---------|----------|---------------------------------------------------------------------|--------|-------|------|---------------|-----------|--------|---------------|-----------|-------|------------|---------------|--------------------|--------|-------------|-------------|-------------|-------|-----------|-------------|--------------------|-------------------|--------|---------------------------------|------------|--------------------|----------|--------|----------|----------|-------|------------|---------|
|user_id |company_id |user_no |user_auth_ty |ci_nfo |dup_info |sbscrb_ty |user_pw                                                              |user_nm |brthdy |email |login_fail_cnt |expired_yn |lock_yn |crt_expried_yn |enabled_yn |sso_yn |position_cd |cust_op_status |chat_consult_status |dept_cd |moblphon_no1 |moblphon_no2 |moblphon_no3 |zip    |bass_adres |detail_adres |recent_conect_dt    |password_change_de |sexdstn |session_id                       |register_id |regist_dt           |updusr_id |updt_dt |delete_at |delete_dt |use_at |max_chatbot |pw_error |
|--------|-----------|--------|-------------|-------|---------|----------|---------------------------------------------------------------------|--------|-------|------|---------------|-----------|--------|---------------|-----------|-------|------------|---------------|--------------------|--------|-------------|-------------|-------------|-------|-----------|-------------|--------------------|-------------------|--------|---------------------------------|------------|--------------------|----------|--------|----------|----------|-------|------------|---------|
|fast01  |001        |2506    |S            |[null] |[null]   |I         |{bcrypt}$2a$10$wn5ofF7rZraAM3yV03pqje5n5Cfb9vZIvlLwtBO5E1KjmVHr2OCCq |fast01  |       |null  |0              |Y          |Y       |Y              |Y          |N      |            |04             |02                  |        |             |             |             |[null] |           |             |2024-03-07 09:42:34 |[null]             |0       |E22E720662B42E5D8AD6FF4FACBE6904 |fast01      |2024-03-04 10:02:49 |null      |null    |N         |null      |Y      |5           |0        |
|--------|-----------|--------|-------------|-------|---------|----------|---------------------------------------------------------------------|--------|-------|------|---------------|-----------|--------|---------------|-----------|-------|------------|---------------|--------------------|--------|-------------|-------------|-------------|-------|-----------|-------------|--------------------|-------------------|--------|---------------------------------|------------|--------------------|----------|--------|----------|----------|-------|------------|---------|
 
20240308 07:12:43.415 [http-nio-18080-exec-67] DEBUG j.sqltiming -  com.zaxxer.hikari.pool.ProxyPreparedStatement.execute(ProxyPreparedStatement.java:44)
1591. SELECT * FROM TN_USER WHERE USER_ID = 'fast01' 
 {executed in 0 msec} 
20240308 07:12:43.416 [http-nio-18080-exec-67] INFO j.resultsettable - 
|--------|-----------|--------|-------------|-------|---------|----------|---------------------------------------------------------------------|--------|-------|------|---------------|-----------|--------|---------------|-----------|-------|------------|---------------|--------------------|--------|-------------|-------------|-------------|-------|-----------|-------------|--------------------|-------------------|--------|---------------------------------|------------|--------------------|----------|--------|----------|----------|-------|------------|---------|
|user_id |company_id |user_no |user_auth_ty |ci_nfo |dup_info |sbscrb_ty |user_pw                                                              |user_nm |brthdy |email |login_fail_cnt |expired_yn |lock_yn |crt_expried_yn |enabled_yn |sso_yn |position_cd |cust_op_status |chat_consult_status |dept_cd |moblphon_no1 |moblphon_no2 |moblphon_no3 |zip    |bass_adres |detail_adres |recent_conect_dt    |password_change_de |sexdstn |session_id                       |register_id |regist_dt           |updusr_id |updt_dt |delete_at |delete_dt |use_at |max_chatbot |pw_error |
|--------|-----------|--------|-------------|-------|---------|----------|---------------------------------------------------------------------|--------|-------|------|---------------|-----------|--------|---------------|-----------|-------|------------|---------------|--------------------|--------|-------------|-------------|-------------|-------|-----------|-------------|--------------------|-------------------|--------|---------------------------------|------------|--------------------|----------|--------|----------|----------|-------|------------|---------|
|fast01  |001        |2506    |S            |[null] |[null]   |I         |{bcrypt}$2a$10$wn5ofF7rZraAM3yV03pqje5n5Cfb9vZIvlLwtBO5E1KjmVHr2OCCq |fast01  |       |null  |0              |Y          |Y       |Y              |Y          |N      |            |04             |02                  |        |             |             |             |[null] |           |             |2024-03-07 09:42:34 |[null]             |0       |E22E720662B42E5D8AD6FF4FACBE6904 |fast01      |2024-03-04 10:02:49 |null      |null    |N         |null      |Y      |5           |0        |
|--------|-----------|--------|-------------|-------|---------|----------|---------------------------------------------------------------------|--------|-------|------|---------------|-----------|--------|---------------|-----------|-------|------------|---------------|--------------------|--------|-------------|-------------|-------------|-------|-----------|-------------|--------------------|-------------------|--------|---------------------------------|------------|--------------------|----------|--------|----------|----------|-------|------------|---------|
 
20240308 07:12:43.538 [http-nio-18080-exec-67] DEBUG j.sqltiming -  com.zaxxer.hikari.pool.ProxyPreparedStatement.execute(ProxyPreparedStatement.java:44)
1591. UPDATE TN_USER SET PW_ERROR = 1 WHERE USER_ID = 'fast01' 
 {executed in 8 msec} 
20240308 07:12:43.613 [http-nio-18080-exec-67] DEBUG j.sqltiming -  com.zaxxer.hikari.pool.ProxyPreparedStatement.execute(ProxyPreparedStatement.java:44)
1591. SELECT * FROM TN_USER WHERE USER_ID = 'fast01' 
 {executed in 0 msec} 
20240308 07:12:43.614 [http-nio-18080-exec-67] INFO j.resultsettable - 
|--------|-----------|--------|-------------|-------|---------|----------|---------------------------------------------------------------------|--------|-------|------|---------------|-----------|--------|---------------|-----------|-------|------------|---------------|--------------------|--------|-------------|-------------|-------------|-------|-----------|-------------|--------------------|-------------------|--------|---------------------------------|------------|--------------------|----------|--------|----------|----------|-------|------------|---------|
|user_id |company_id |user_no |user_auth_ty |ci_nfo |dup_info |sbscrb_ty |user_pw                                                              |user_nm |brthdy |email |login_fail_cnt |expired_yn |lock_yn |crt_expried_yn |enabled_yn |sso_yn |position_cd |cust_op_status |chat_consult_status |dept_cd |moblphon_no1 |moblphon_no2 |moblphon_no3 |zip    |bass_adres |detail_adres |recent_conect_dt    |password_change_de |sexdstn |session_id                       |register_id |regist_dt           |updusr_id |updt_dt |delete_at |delete_dt |use_at |max_chatbot |pw_error |
|--------|-----------|--------|-------------|-------|---------|----------|---------------------------------------------------------------------|--------|-------|------|---------------|-----------|--------|---------------|-----------|-------|------------|---------------|--------------------|--------|-------------|-------------|-------------|-------|-----------|-------------|--------------------|-------------------|--------|---------------------------------|------------|--------------------|----------|--------|----------|----------|-------|------------|---------|
|fast01  |001        |2506    |S            |[null] |[null]   |I         |{bcrypt}$2a$10$wn5ofF7rZraAM3yV03pqje5n5Cfb9vZIvlLwtBO5E1KjmVHr2OCCq |fast01  |       |null  |0              |Y          |Y       |Y              |Y          |N      |            |04             |02                  |        |             |             |             |[null] |           |             |2024-03-07 09:42:34 |[null]             |0       |E22E720662B42E5D8AD6FF4FACBE6904 |fast01      |2024-03-04 10:02:49 |null      |null    |N         |null      |Y      |5           |1        |
|--------|-----------|--------|-------------|-------|---------|----------|---------------------------------------------------------------------|--------|-------|------|---------------|-----------|--------|---------------|-----------|-------|------------|---------------|--------------------|--------|-------------|-------------|-------------|-------|-----------|-------------|--------------------|-------------------|--------|---------------------------------|------------|--------------------|----------|--------|----------|----------|-------|------------|---------|
 
20240308 07:12:43.687 [http-nio-18080-exec-67] DEBUG j.sqltiming -  com.zaxxer.hikari.pool.ProxyPreparedStatement.execute(ProxyPreparedStatement.java:44)
1591. SELECT * FROM TN_USER WHERE USER_ID = 'fast01' 
 {executed in 0 msec} 
20240308 07:12:43.688 [http-nio-18080-exec-67] INFO j.resultsettable - 
|--------|-----------|--------|-------------|-------|---------|----------|---------------------------------------------------------------------|--------|-------|------|---------------|-----------|--------|---------------|-----------|-------|------------|---------------|--------------------|--------|-------------|-------------|-------------|-------|-----------|-------------|--------------------|-------------------|--------|---------------------------------|------------|--------------------|----------|--------|----------|----------|-------|------------|---------|
|user_id |company_id |user_no |user_auth_ty |ci_nfo |dup_info |sbscrb_ty |user_pw                                                              |user_nm |brthdy |email |login_fail_cnt |expired_yn |lock_yn |crt_expried_yn |enabled_yn |sso_yn |position_cd |cust_op_status |chat_consult_status |dept_cd |moblphon_no1 |moblphon_no2 |moblphon_no3 |zip    |bass_adres |detail_adres |recent_conect_dt    |password_change_de |sexdstn |session_id                       |register_id |regist_dt           |updusr_id |updt_dt |delete_at |delete_dt |use_at |max_chatbot |pw_error |
|--------|-----------|--------|-------------|-------|---------|----------|---------------------------------------------------------------------|--------|-------|------|---------------|-----------|--------|---------------|-----------|-------|------------|---------------|--------------------|--------|-------------|-------------|-------------|-------|-----------|-------------|--------------------|-------------------|--------|---------------------------------|------------|--------------------|----------|--------|----------|----------|-------|------------|---------|
|fast01  |001        |2506    |S            |[null] |[null]   |I         |{bcrypt}$2a$10$wn5ofF7rZraAM3yV03pqje5n5Cfb9vZIvlLwtBO5E1KjmVHr2OCCq |fast01  |       |null  |0              |Y          |Y       |Y              |Y          |N      |            |04             |02                  |        |             |             |             |[null] |           |             |2024-03-07 09:42:34 |[null]             |0       |E22E720662B42E5D8AD6FF4FACBE6904 |fast01      |2024-03-04 10:02:49 |null      |null    |N         |null      |Y      |5           |1        |
|--------|-----------|--------|-------------|-------|---------|----------|---------------------------------------------------------------------|--------|-------|------|---------------|-----------|--------|---------------|-----------|-------|------------|---------------|--------------------|--------|-------------|-------------|-------------|-------|-----------|-------------|--------------------|-------------------|--------|---------------------------------|------------|--------------------|----------|--------|----------|----------|-------|------------|---------|
 
20240308 07:12:47.210 [http-nio-18080-exec-63] DEBUG j.sqltiming -  com.zaxxer.hikari.pool.ProxyPreparedStatement.execute(ProxyPreparedStatement.java:44)
1591. SELECT * FROM TN_USER WHERE USER_ID = 'fast01' 
 {executed in 0 msec} 
20240308 07:12:47.218 [http-nio-18080-exec-63] INFO j.resultsettable - 
|--------|-----------|--------|-------------|-------|---------|----------|---------------------------------------------------------------------|--------|-------|------|---------------|-----------|--------|---------------|-----------|-------|------------|---------------|--------------------|--------|-------------|-------------|-------------|-------|-----------|-------------|--------------------|-------------------|--------|---------------------------------|------------|--------------------|----------|--------|----------|----------|-------|------------|---------|
|user_id |company_id |user_no |user_auth_ty |ci_nfo |dup_info |sbscrb_ty |user_pw                                                              |user_nm |brthdy |email |login_fail_cnt |expired_yn |lock_yn |crt_expried_yn |enabled_yn |sso_yn |position_cd |cust_op_status |chat_consult_status |dept_cd |moblphon_no1 |moblphon_no2 |moblphon_no3 |zip    |bass_adres |detail_adres |recent_conect_dt    |password_change_de |sexdstn |session_id                       |register_id |regist_dt           |updusr_id |updt_dt |delete_at |delete_dt |use_at |max_chatbot |pw_error |
|--------|-----------|--------|-------------|-------|---------|----------|---------------------------------------------------------------------|--------|-------|------|---------------|-----------|--------|---------------|-----------|-------|------------|---------------|--------------------|--------|-------------|-------------|-------------|-------|-----------|-------------|--------------------|-------------------|--------|---------------------------------|------------|--------------------|----------|--------|----------|----------|-------|------------|---------|
|fast01  |001        |2506    |S            |[null] |[null]   |I         |{bcrypt}$2a$10$wn5ofF7rZraAM3yV03pqje5n5Cfb9vZIvlLwtBO5E1KjmVHr2OCCq |fast01  |       |null  |0              |Y          |Y       |Y              |Y          |N      |            |04             |02                  |        |             |             |             |[null] |           |             |2024-03-07 09:42:34 |[null]             |0       |E22E720662B42E5D8AD6FF4FACBE6904 |fast01      |2024-03-04 10:02:49 |null      |null    |N         |null      |Y      |5           |1        |
|--------|-----------|--------|-------------|-------|---------|----------|---------------------------------------------------------------------|--------|-------|------|---------------|-----------|--------|---------------|-----------|-------|------------|---------------|--------------------|--------|-------------|-------------|-------------|-------|-----------|-------------|--------------------|-------------------|--------|---------------------------------|------------|--------------------|----------|--------|----------|----------|-------|------------|---------|
 
20240308 07:12:47.230 [http-nio-18080-exec-66] DEBUG j.sqltiming -  com.zaxxer.hikari.pool.ProxyPreparedStatement.execute(ProxyPreparedStatement.java:44)
1591. SELECT * FROM TN_USER WHERE USER_ID = 'fast01' 
 {executed in 0 msec} 
20240308 07:12:47.232 [http-nio-18080-exec-66] INFO j.resultsettable - 
|--------|-----------|--------|-------------|-------|---------|----------|---------------------------------------------------------------------|--------|-------|------|---------------|-----------|--------|---------------|-----------|-------|------------|---------------|--------------------|--------|-------------|-------------|-------------|-------|-----------|-------------|--------------------|-------------------|--------|---------------------------------|------------|--------------------|----------|--------|----------|----------|-------|------------|---------|
|user_id |company_id |user_no |user_auth_ty |ci_nfo |dup_info |sbscrb_ty |user_pw                                                              |user_nm |brthdy |email |login_fail_cnt |expired_yn |lock_yn |crt_expried_yn |enabled_yn |sso_yn |position_cd |cust_op_status |chat_consult_status |dept_cd |moblphon_no1 |moblphon_no2 |moblphon_no3 |zip    |bass_adres |detail_adres |recent_conect_dt    |password_change_de |sexdstn |session_id                       |register_id |regist_dt           |updusr_id |updt_dt |delete_at |delete_dt |use_at |max_chatbot |pw_error |
|--------|-----------|--------|-------------|-------|---------|----------|---------------------------------------------------------------------|--------|-------|------|---------------|-----------|--------|---------------|-----------|-------|------------|---------------|--------------------|--------|-------------|-------------|-------------|-------|-----------|-------------|--------------------|-------------------|--------|---------------------------------|------------|--------------------|----------|--------|----------|----------|-------|------------|---------|
|fast01  |001        |2506    |S            |[null] |[null]   |I         |{bcrypt}$2a$10$wn5ofF7rZraAM3yV03pqje5n5Cfb9vZIvlLwtBO5E1KjmVHr2OCCq |fast01  |       |null  |0              |Y          |Y       |Y              |Y          |N      |            |04             |02                  |        |             |             |             |[null] |           |             |2024-03-07 09:42:34 |[null]             |0       |E22E720662B42E5D8AD6FF4FACBE6904 |fast01      |2024-03-04 10:02:49 |null      |null    |N         |null      |Y      |5           |1        |
|--------|-----------|--------|-------------|-------|---------|----------|---------------------------------------------------------------------|--------|-------|------|---------------|-----------|--------|---------------|-----------|-------|------------|---------------|--------------------|--------|-------------|-------------|-------------|-------|-----------|-------------|--------------------|-------------------|--------|---------------------------------|------------|--------------------|----------|--------|----------|----------|-------|------------|---------|
 
20240308 07:12:47.345 [http-nio-18080-exec-66] DEBUG j.sqltiming -  com.zaxxer.hikari.pool.ProxyPreparedStatement.execute(ProxyPreparedStatement.java:44)
1591. UPDATE TN_USER SET RECENT_CONECT_DT=NOW(),SESSION_ID='A8E89587D6E4D3A6837310CE58F8D5AC' WHERE 
USER_ID='fast01' 
 {executed in 7 msec} 
20240308 07:12:47.347 [http-nio-18080-exec-66] DEBUG j.sqltiming -  com.zaxxer.hikari.pool.ProxyPreparedStatement.execute(ProxyPreparedStatement.java:44)
1591. UPDATE TN_USER SET PW_ERROR = 0 WHERE USER_ID = 'fast01' 
 {executed in 1 msec} 
20240308 07:12:47.349 [http-nio-18080-exec-66] DEBUG j.sqltiming -  com.zaxxer.hikari.pool.ProxyPreparedStatement.execute(ProxyPreparedStatement.java:44)
1591. SELECT DISTINCT * FROM ( SELECT B.* FROM TN_MENU B WHERE B.DELETE_AT = 'N' AND B.USE_AT='Y' 
AND B.MENU_CODE != 'MENU055' AND (B.TOP_MENU_CODE != 'MENU055' OR B.TOP_MENU_CODE IS NULL ) 
UNION ALL /**    **/ SELECT B.* FROM TN_MENU B WHERE ( (B.MENU_CODE = 'MENU043' OR 
B.TOP_MENU_CODE = 'MENU043') OR B.MENU_CODE='MENU042') ) B ORDER BY B.MENU_DP,B.SORT_ORDR ASC 
 {executed in 1 msec} 
20240308 07:12:47.351 [http-nio-18080-exec-66] INFO j.resultsettable - 
|----------|---------------|--------------------------------|-----------|-----------|--------------|-----------------|--------|----------|--------------|--------------------------|--------|--------|----------|--------------------|--------------------|------------|--------------------|----------|--------|-------|----------|----------|----------|----------|
|menu_code |menu_nm_ko     |menu_nm_en                      |bass_cours |menu_cours |top_menu_code |parnts_menu_code |menu_dp |sort_ordr |mngr_menu_url |user_menu_url             |menu_ty |link_ty |cntnts_ty |menu_on_image       |menu_off_image      |register_id |regist_dt           |updusr_id |updt_dt |use_at |delete_at |delete_dt |mngt_menu |mngt_auth |
|----------|---------------|--------------------------------|-----------|-----------|--------------|-----------------|--------|----------|--------------|--------------------------|--------|--------|----------|--------------------|--------------------|------------|--------------------|----------|--------|-------|----------|----------|----------|----------|
|MENU002   |FAST  AI  |Manage FAST Conversation AI     |[null]     |[null]     |MENU001       |MENU001          |0       |1         |null          |null                      |01      |00      |01        |ico_superAdmin      |ico_superAdmin      |null        |2024-03-04 10:02:49 |null      |null    |Y      |N         |null      |Y         |S         |
|MENU003   |        |Manage Company & Auth           |[null]     |[null]     |MENU002       |MENU001          |0       |1         |null          |/superCompMain            |01      |01      |01        |null                |null                |null        |2024-03-04 10:02:49 |null      |null    |Y      |N         |null      |Y         |S         |
|MENU013   |           |Manage Consults                 |       |[null]     |null          |MENU013          |0       |1         |null          |                          |00      |00      |00        |null                |null                |null        |2024-03-04 10:02:49 |null      |null    |Y      |N         |null      |[null]    |[null]    |
|MENU005   |        |Mange System menu               |[null]     |[null]     |MENU002       |MENU001          |0       |2         |null          |/superMenuMain            |01      |01      |01        |null                |null                |null        |2024-03-04 10:02:49 |null      |null    |Y      |N         |null      |Y         |S         |
|MENU014   |            |Bot Builder                     |[null]     |[null]     |null          |MENU014          |0       |2         |null          |                          |00      |00      |00        |null                |null                |null        |2024-03-04 10:02:49 |null      |null    |Y      |N         |null      |[null]    |[null]    |
|MENU004   |          |Manage User                     |[null]     |[null]     |MENU002       |MENU001          |0       |3         |null          |/superUserMain            |01      |01      |01        |null                |null                |null        |2024-03-04 10:02:49 |null      |null    |Y      |N         |null      |Y         |S         |
|MENU001   |FAST  AI  |Manage FAST Conversation AI     |[null]     |[null]     |null          |MENU001          |0       |4         |null          |                          |01      |00      |01        |null                |null                |null        |2024-03-04 10:02:49 |null      |null    |Y      |N         |null      |Y         |[null]    |
|MENU012   |            |My profile                      |[null]     |[null]     |MENU011       |MENU011          |1       |0         |null          |/systemConsultantInfoMain |null    |01      |null      |null                |null                |null        |2024-03-04 10:02:49 |null      |null    |Y      |N         |null      |Y         |N         |
|MENU017   |       |Chat Consulting History         |[null]     |[null]     |MENU015       |MENU015          |1       |1         |null          |/chatListMain             |null    |01      |null      |null                |null                |null        |2024-03-04 10:02:49 |null      |null    |Y      |N         |null      |[null]    |[null]    |
|MENU021   |()       |Chatbot Builder User            |[null]     |[null]     |MENU014       |MENU014          |1       |1         |null          |/userChatbotBuilder       |null    |01      |null      |ico_chatBot_setting |ico_chatBot_setting |null        |2024-03-04 10:02:49 |null      |null    |Y      |N         |null      |[null]    |[null]    |
|MENU007   |          |System management               |[null]     |[null]     |MENU001       |MENU001          |1       |2         |null          |                          |null    |00      |null      |ico_superAdmin      |ico_superAdmin      |null        |2024-03-04 10:02:49 |null      |null    |Y      |N         |null      |Y         |A         |
|MENU011   |          |User management                 |[null]     |[null]     |MENU001       |MENU001          |1       |2         |null          |null                      |null    |00      |null      |null                |null                |null        |2024-03-04 10:02:49 |null      |null    |Y      |N         |null      |Y         |N         |
|MENU022   |()       |Chatbot Builder Company         |[null]     |[null]     |MENU014       |MENU014          |1       |2         |null          |/coChatbotbuilder         |null    |01      |null      |ico_chatBot_setting |ico_chatBot_setting |null        |2024-03-04 10:02:49 |null      |null    |Y      |N         |null      |[null]    |[null]    |
|MENU015   |           |Chatbot Consult                 |[null]     |[null]     |MENU013       |MENU013          |1       |3         |null          |                          |null    |null    |null      |ico_chatBot         |ico_chatBot         |null        |2024-03-04 10:02:49 |null      |null    |Y      |N         |null      |[null]    |[null]    |
|MENU020   |          |Service management              |[null]     |[null]     |MENU013       |MENU013          |1       |8         |null          |null                      |null    |00      |null      |ico_superAdmin      |ico_superAdmin      |null        |2024-03-04 10:02:49 |null      |null    |Y      |N         |null      |[null]    |[null]    |
|MENU008   |       |Company and service information |[null]     |[null]     |MENU007       |MENU001          |2       |1         |null          |/systemCompanyInfoMain    |null    |01      |null      |null                |null                |null        |2024-03-04 10:02:49 |null      |null    |Y      |N         |null      |Y         |A         |
|MENU009   |          |User management                 |[null]     |[null]     |MENU007       |MENU001          |2       |2         |null          |/systemMenuGroupUserMain  |null    |01      |null      |null                |null                |null        |2024-03-04 10:02:49 |null      |null    |Y      |N         |null      |Y         |A         |
|MENU010   |       |Menu group authority            |[null]     |[null]     |MENU007       |MENU001          |2       |3         |null          |/systemMenuGroupMain      |null    |01      |null      |null                |null                |null        |2024-03-04 10:02:49 |null      |null    |Y      |N         |null      |Y         |A         |
|MENU016   |           |Chatbot Consult                 |[null]     |[null]     |MENU015       |MENU013          |2       |3         |null          |/cbCsMain                 |null    |01      |null      |null                |null                |null        |2024-03-04 10:02:49 |null      |null    |Y      |N         |null      |[null]    |[null]    |
|MENU018   |        |ChatBot Event Management        |[null]     |[null]     |MENU020       |MENU013          |2       |3         |null          |/alarmIntentManagement    |00      |01      |null      |ico_svcSetting      |ico_svcSetting      |null        |2024-03-04 10:02:49 |null      |null    |Y      |N         |null      |[null]    |[null]    |
|MENU006   |           |Chatbot Management              |[null]     |[null]     |MENU002       |MENU001          |2       |4         |null          |/chatbotManagement        |00      |01      |null      |null                |null                |null        |2024-03-04 10:02:49 |null      |null    |Y      |N         |null      |Y         |S         |
|MENU019   |           |ChatBot Stats                   |[null]     |[null]     |MENU015       |MENU015          |2       |4         |null          |/chatStatsChannelMain     |null    |01      |null      |null                |null                |null        |2024-03-04 10:02:49 |null      |null    |Y      |N         |null      |[null]    |[null]    |
|----------|---------------|--------------------------------|-----------|-----------|--------------|-----------------|--------|----------|--------------|--------------------------|--------|--------|----------|--------------------|--------------------|------------|--------------------|----------|--------|-------|----------|----------|----------|----------|
 
20240308 07:12:47.351 [http-nio-18080-exec-66] INFO a.m.b.f.c.s.LoginSuccessHandler - mainPage name :: /superCompMain?first 
20240308 07:12:47.359 [http-nio-18080-exec-68] DEBUG j.sqltiming -  com.zaxxer.hikari.pool.ProxyPreparedStatement.execute(ProxyPreparedStatement.java:44)
1591. SELECT * FROM TN_USER WHERE USER_ID = 'fast01' 
 {executed in 1 msec} 
20240308 07:12:47.361 [http-nio-18080-exec-68] INFO j.resultsettable - 
|--------|-----------|--------|-------------|-------|---------|----------|---------------------------------------------------------------------|--------|-------|------|---------------|-----------|--------|---------------|-----------|-------|------------|---------------|--------------------|--------|-------------|-------------|-------------|-------|-----------|-------------|--------------------|-------------------|--------|---------------------------------|------------|--------------------|----------|--------|----------|----------|-------|------------|---------|
|user_id |company_id |user_no |user_auth_ty |ci_nfo |dup_info |sbscrb_ty |user_pw                                                              |user_nm |brthdy |email |login_fail_cnt |expired_yn |lock_yn |crt_expried_yn |enabled_yn |sso_yn |position_cd |cust_op_status |chat_consult_status |dept_cd |moblphon_no1 |moblphon_no2 |moblphon_no3 |zip    |bass_adres |detail_adres |recent_conect_dt    |password_change_de |sexdstn |session_id                       |register_id |regist_dt           |updusr_id |updt_dt |delete_at |delete_dt |use_at |max_chatbot |pw_error |
|--------|-----------|--------|-------------|-------|---------|----------|---------------------------------------------------------------------|--------|-------|------|---------------|-----------|--------|---------------|-----------|-------|------------|---------------|--------------------|--------|-------------|-------------|-------------|-------|-----------|-------------|--------------------|-------------------|--------|---------------------------------|------------|--------------------|----------|--------|----------|----------|-------|------------|---------|
|fast01  |001        |2506    |S            |[null] |[null]   |I         |{bcrypt}$2a$10$wn5ofF7rZraAM3yV03pqje5n5Cfb9vZIvlLwtBO5E1KjmVHr2OCCq |fast01  |       |null  |0              |Y          |Y       |Y              |Y          |N      |            |04             |02                  |        |             |             |             |[null] |           |             |2024-03-08 07:12:47 |[null]             |0       |A8E89587D6E4D3A6837310CE58F8D5AC |fast01      |2024-03-04 10:02:49 |null      |null    |N         |null      |Y      |5           |0        |
|--------|-----------|--------|-------------|-------|---------|----------|---------------------------------------------------------------------|--------|-------|------|---------------|-----------|--------|---------------|-----------|-------|------------|---------------|--------------------|--------|-------------|-------------|-------------|-------|-----------|-------------|--------------------|-------------------|--------|---------------------------------|------------|--------------------|----------|--------|----------|----------|-------|------------|---------|
 
20240308 07:12:47.363 [http-nio-18080-exec-68] DEBUG j.sqltiming -  com.zaxxer.hikari.pool.ProxyPreparedStatement.execute(ProxyPreparedStatement.java:44)
1591. SELECT B.* FROM TN_MENU B WHERE B.DELETE_AT = 'N' AND B.USE_AT='Y' AND B.PARNTS_MENU_CODE != 
'MENU042' ORDER BY B.MENU_DP,B.SORT_ORDR ASC 
 {executed in 1 msec} 
20240308 07:12:47.367 [http-nio-18080-exec-68] INFO j.resultsettable - 
|----------|---------------|--------------------------------|-----------|-----------|--------------|-----------------|--------|----------|--------------|--------------------------|--------|--------|----------|--------------------|--------------------|------------|--------------------|----------|--------|-------|----------|----------|----------|----------|
|menu_code |menu_nm_ko     |menu_nm_en                      |bass_cours |menu_cours |top_menu_code |parnts_menu_code |menu_dp |sort_ordr |mngr_menu_url |user_menu_url             |menu_ty |link_ty |cntnts_ty |menu_on_image       |menu_off_image      |register_id |regist_dt           |updusr_id |updt_dt |use_at |delete_at |delete_dt |mngt_menu |mngt_auth |
|----------|---------------|--------------------------------|-----------|-----------|--------------|-----------------|--------|----------|--------------|--------------------------|--------|--------|----------|--------------------|--------------------|------------|--------------------|----------|--------|-------|----------|----------|----------|----------|
|MENU002   |FAST  AI  |Manage FAST Conversation AI     |[null]     |[null]     |MENU001       |MENU001          |0       |1         |null          |null                      |01      |00      |01        |ico_superAdmin      |ico_superAdmin      |null        |2024-03-04 10:02:49 |null      |null    |Y      |N         |null      |Y         |S         |
|MENU003   |        |Manage Company & Auth           |[null]     |[null]     |MENU002       |MENU001          |0       |1         |null          |/superCompMain            |01      |01      |01        |null                |null                |null        |2024-03-04 10:02:49 |null      |null    |Y      |N         |null      |Y         |S         |
|MENU013   |           |Manage Consults                 |       |[null]     |null          |MENU013          |0       |1         |null          |                          |00      |00      |00        |null                |null                |null        |2024-03-04 10:02:49 |null      |null    |Y      |N         |null      |[null]    |[null]    |
|MENU005   |        |Mange System menu               |[null]     |[null]     |MENU002       |MENU001          |0       |2         |null          |/superMenuMain            |01      |01      |01        |null                |null                |null        |2024-03-04 10:02:49 |null      |null    |Y      |N         |null      |Y         |S         |
|MENU014   |            |Bot Builder                     |[null]     |[null]     |null          |MENU014          |0       |2         |null          |                          |00      |00      |00        |null                |null                |null        |2024-03-04 10:02:49 |null      |null    |Y      |N         |null      |[null]    |[null]    |
|MENU004   |          |Manage User                     |[null]     |[null]     |MENU002       |MENU001          |0       |3         |null          |/superUserMain            |01      |01      |01        |null                |null                |null        |2024-03-04 10:02:49 |null      |null    |Y      |N         |null      |Y         |S         |
|MENU001   |FAST  AI  |Manage FAST Conversation AI     |[null]     |[null]     |null          |MENU001          |0       |4         |null          |                          |01      |00      |01        |null                |null                |null        |2024-03-04 10:02:49 |null      |null    |Y      |N         |null      |Y         |[null]    |
|MENU012   |            |My profile                      |[null]     |[null]     |MENU011       |MENU011          |1       |0         |null          |/systemConsultantInfoMain |null    |01      |null      |null                |null                |null        |2024-03-04 10:02:49 |null      |null    |Y      |N         |null      |Y         |N         |
|MENU017   |       |Chat Consulting History         |[null]     |[null]     |MENU015       |MENU015          |1       |1         |null          |/chatListMain             |null    |01      |null      |null                |null                |null        |2024-03-04 10:02:49 |null      |null    |Y      |N         |null      |[null]    |[null]    |
|MENU021   |()       |Chatbot Builder User            |[null]     |[null]     |MENU014       |MENU014          |1       |1         |null          |/userChatbotBuilder       |null    |01      |null      |ico_chatBot_setting |ico_chatBot_setting |null        |2024-03-04 10:02:49 |null      |null    |Y      |N         |null      |[null]    |[null]    |
|MENU007   |          |System management               |[null]     |[null]     |MENU001       |MENU001          |1       |2         |null          |                          |null    |00      |null      |ico_superAdmin      |ico_superAdmin      |null        |2024-03-04 10:02:49 |null      |null    |Y      |N         |null      |Y         |A         |
|MENU011   |          |User management                 |[null]     |[null]     |MENU001       |MENU001          |1       |2         |null          |null                      |null    |00      |null      |null                |null                |null        |2024-03-04 10:02:49 |null      |null    |Y      |N         |null      |Y         |N         |
|MENU022   |()       |Chatbot Builder Company         |[null]     |[null]     |MENU014       |MENU014          |1       |2         |null          |/coChatbotbuilder         |null    |01      |null      |ico_chatBot_setting |ico_chatBot_setting |null        |2024-03-04 10:02:49 |null      |null    |Y      |N         |null      |[null]    |[null]    |
|MENU015   |           |Chatbot Consult                 |[null]     |[null]     |MENU013       |MENU013          |1       |3         |null          |                          |null    |null    |null      |ico_chatBot         |ico_chatBot         |null        |2024-03-04 10:02:49 |null      |null    |Y      |N         |null      |[null]    |[null]    |
|MENU020   |          |Service management              |[null]     |[null]     |MENU013       |MENU013          |1       |8         |null          |null                      |null    |00      |null      |ico_superAdmin      |ico_superAdmin      |null        |2024-03-04 10:02:49 |null      |null    |Y      |N         |null      |[null]    |[null]    |
|MENU008   |       |Company and service information |[null]     |[null]     |MENU007       |MENU001          |2       |1         |null          |/systemCompanyInfoMain    |null    |01      |null      |null                |null                |null        |2024-03-04 10:02:49 |null      |null    |Y      |N         |null      |Y         |A         |
|MENU009   |          |User management                 |[null]     |[null]     |MENU007       |MENU001          |2       |2         |null          |/systemMenuGroupUserMain  |null    |01      |null      |null                |null                |null        |2024-03-04 10:02:49 |null      |null    |Y      |N         |null      |Y         |A         |
|MENU010   |       |Menu group authority            |[null]     |[null]     |MENU007       |MENU001          |2       |3         |null          |/systemMenuGroupMain      |null    |01      |null      |null                |null                |null        |2024-03-04 10:02:49 |null      |null    |Y      |N         |null      |Y         |A         |
|MENU016   |           |Chatbot Consult                 |[null]     |[null]     |MENU015       |MENU013          |2       |3         |null          |/cbCsMain                 |null    |01      |null      |null                |null                |null        |2024-03-04 10:02:49 |null      |null    |Y      |N         |null      |[null]    |[null]    |
|MENU018   |        |ChatBot Event Management        |[null]     |[null]     |MENU020       |MENU013          |2       |3         |null          |/alarmIntentManagement    |00      |01      |null      |ico_svcSetting      |ico_svcSetting      |null        |2024-03-04 10:02:49 |null      |null    |Y      |N         |null      |[null]    |[null]    |
|MENU006   |           |Chatbot Management              |[null]     |[null]     |MENU002       |MENU001          |2       |4         |null          |/chatbotManagement        |00      |01      |null      |null                |null                |null        |2024-03-04 10:02:49 |null      |null    |Y      |N         |null      |Y         |S         |
|MENU019   |           |ChatBot Stats                   |[null]     |[null]     |MENU015       |MENU015          |2       |4         |null          |/chatStatsChannelMain     |null    |01      |null      |null                |null                |null        |2024-03-04 10:02:49 |null      |null    |Y      |N         |null      |[null]    |[null]    |
|----------|---------------|--------------------------------|-----------|-----------|--------------|-----------------|--------|----------|--------------|--------------------------|--------|--------|----------|--------------------|--------------------|------------|--------------------|----------|--------|-------|----------|----------|----------|----------|
 
20240308 07:12:47.369 [http-nio-18080-exec-68] DEBUG j.sqltiming -  com.zaxxer.hikari.pool.ProxyPreparedStatement.execute(ProxyPreparedStatement.java:44)
1591. SELECT campaign_id AS campaignId , campaign_nm AS campaignNm FROM CM_CAMPAIGN 
 {executed in 0 msec} 
20240308 07:12:47.369 [http-nio-18080-exec-68] INFO j.resultsettable - 
|------------|------------|
|campaign_id |campaign_nm |
|------------|------------|
|------------|------------|
 
20240308 07:12:47.370 [http-nio-18080-exec-68] DEBUG j.sqltiming -  com.zaxxer.hikari.pool.ProxyPreparedStatement.execute(ProxyPreparedStatement.java:44)
1591. SELECT B.* FROM TN_MENU B WHERE B.DELETE_AT = 'N' ORDER BY B.MENU_DP,B.SORT_ORDR ASC 
 {executed in 1 msec} 
20240308 07:12:47.375 [http-nio-18080-exec-68] INFO j.resultsettable - 
|----------|---------------|--------------------------------|-----------|-----------|--------------|-----------------|--------|----------|--------------|--------------------------|--------|--------|----------|--------------------|--------------------|------------|--------------------|----------|--------|-------|----------|----------|----------|----------|
|menu_code |menu_nm_ko     |menu_nm_en                      |bass_cours |menu_cours |top_menu_code |parnts_menu_code |menu_dp |sort_ordr |mngr_menu_url |user_menu_url             |menu_ty |link_ty |cntnts_ty |menu_on_image       |menu_off_image      |register_id |regist_dt           |updusr_id |updt_dt |use_at |delete_at |delete_dt |mngt_menu |mngt_auth |
|----------|---------------|--------------------------------|-----------|-----------|--------------|-----------------|--------|----------|--------------|--------------------------|--------|--------|----------|--------------------|--------------------|------------|--------------------|----------|--------|-------|----------|----------|----------|----------|
|MENU002   |FAST  AI  |Manage FAST Conversation AI     |[null]     |[null]     |MENU001       |MENU001          |0       |1         |null          |null                      |01      |00      |01        |ico_superAdmin      |ico_superAdmin      |null        |2024-03-04 10:02:49 |null      |null    |Y      |N         |null      |Y         |S         |
|MENU003   |        |Manage Company & Auth           |[null]     |[null]     |MENU002       |MENU001          |0       |1         |null          |/superCompMain            |01      |01      |01        |null                |null                |null        |2024-03-04 10:02:49 |null      |null    |Y      |N         |null      |Y         |S         |
|MENU013   |           |Manage Consults                 |       |[null]     |null          |MENU013          |0       |1         |null          |                          |00      |00      |00        |null                |null                |null        |2024-03-04 10:02:49 |null      |null    |Y      |N         |null      |[null]    |[null]    |
|MENU005   |        |Mange System menu               |[null]     |[null]     |MENU002       |MENU001          |0       |2         |null          |/superMenuMain            |01      |01      |01        |null                |null                |null        |2024-03-04 10:02:49 |null      |null    |Y      |N         |null      |Y         |S         |
|MENU014   |            |Bot Builder                     |[null]     |[null]     |null          |MENU014          |0       |2         |null          |                          |00      |00      |00        |null                |null                |null        |2024-03-04 10:02:49 |null      |null    |Y      |N         |null      |[null]    |[null]    |
|MENU004   |          |Manage User                     |[null]     |[null]     |MENU002       |MENU001          |0       |3         |null          |/superUserMain            |01      |01      |01        |null                |null                |null        |2024-03-04 10:02:49 |null      |null    |Y      |N         |null      |Y         |S         |
|MENU001   |FAST  AI  |Manage FAST Conversation AI     |[null]     |[null]     |null          |MENU001          |0       |4         |null          |                          |01      |00      |01        |null                |null                |null        |2024-03-04 10:02:49 |null      |null    |Y      |N         |null      |Y         |[null]    |
|MENU012   |            |My profile                      |[null]     |[null]     |MENU011       |MENU011          |1       |0         |null          |/systemConsultantInfoMain |null    |01      |null      |null                |null                |null        |2024-03-04 10:02:49 |null      |null    |Y      |N         |null      |Y         |N         |
|MENU017   |       |Chat Consulting History         |[null]     |[null]     |MENU015       |MENU015          |1       |1         |null          |/chatListMain             |null    |01      |null      |null                |null                |null        |2024-03-04 10:02:49 |null      |null    |Y      |N         |null      |[null]    |[null]    |
|MENU021   |()       |Chatbot Builder User            |[null]     |[null]     |MENU014       |MENU014          |1       |1         |null          |/userChatbotBuilder       |null    |01      |null      |ico_chatBot_setting |ico_chatBot_setting |null        |2024-03-04 10:02:49 |null      |null    |Y      |N         |null      |[null]    |[null]    |
|MENU007   |          |System management               |[null]     |[null]     |MENU001       |MENU001          |1       |2         |null          |                          |null    |00      |null      |ico_superAdmin      |ico_superAdmin      |null        |2024-03-04 10:02:49 |null      |null    |Y      |N         |null      |Y         |A         |
|MENU011   |          |User management                 |[null]     |[null]     |MENU001       |MENU001          |1       |2         |null          |null                      |null    |00      |null      |null                |null                |null        |2024-03-04 10:02:49 |null      |null    |Y      |N         |null      |Y         |N         |
|MENU022   |()       |Chatbot Builder Company         |[null]     |[null]     |MENU014       |MENU014          |1       |2         |null          |/coChatbotbuilder         |null    |01      |null      |ico_chatBot_setting |ico_chatBot_setting |null        |2024-03-04 10:02:49 |null      |null    |Y      |N         |null      |[null]    |[null]    |
|MENU015   |           |Chatbot Consult                 |[null]     |[null]     |MENU013       |MENU013          |1       |3         |null          |                          |null    |null    |null      |ico_chatBot         |ico_chatBot         |null        |2024-03-04 10:02:49 |null      |null    |Y      |N         |null      |[null]    |[null]    |
|MENU020   |          |Service management              |[null]     |[null]     |MENU013       |MENU013          |1       |8         |null          |null                      |null    |00      |null      |ico_superAdmin      |ico_superAdmin      |null        |2024-03-04 10:02:49 |null      |null    |Y      |N         |null      |[null]    |[null]    |
|MENU008   |       |Company and service information |[null]     |[null]     |MENU007       |MENU001          |2       |1         |null          |/systemCompanyInfoMain    |null    |01      |null      |null                |null                |null        |2024-03-04 10:02:49 |null      |null    |Y      |N         |null      |Y         |A         |
|MENU009   |          |User management                 |[null]     |[null]     |MENU007       |MENU001          |2       |2         |null          |/systemMenuGroupUserMain  |null    |01      |null      |null                |null                |null        |2024-03-04 10:02:49 |null      |null    |Y      |N         |null      |Y         |A         |
|MENU010   |       |Menu group authority            |[null]     |[null]     |MENU007       |MENU001          |2       |3         |null          |/systemMenuGroupMain      |null    |01      |null      |null                |null                |null        |2024-03-04 10:02:49 |null      |null    |Y      |N         |null      |Y         |A         |
|MENU016   |           |Chatbot Consult                 |[null]     |[null]     |MENU015       |MENU013          |2       |3         |null          |/cbCsMain                 |null    |01      |null      |null                |null                |null        |2024-03-04 10:02:49 |null      |null    |Y      |N         |null      |[null]    |[null]    |
|MENU018   |        |ChatBot Event Management        |[null]     |[null]     |MENU020       |MENU013          |2       |3         |null          |/alarmIntentManagement    |00      |01      |null      |ico_svcSetting      |ico_svcSetting      |null        |2024-03-04 10:02:49 |null      |null    |Y      |N         |null      |[null]    |[null]    |
|MENU006   |           |Chatbot Management              |[null]     |[null]     |MENU002       |MENU001          |2       |4         |null          |/chatbotManagement        |00      |01      |null      |null                |null                |null        |2024-03-04 10:02:49 |null      |null    |Y      |N         |null      |Y         |S         |
|MENU019   |           |ChatBot Stats                   |[null]     |[null]     |MENU015       |MENU015          |2       |4         |null          |/chatStatsChannelMain     |null    |01      |null      |null                |null                |null        |2024-03-04 10:02:49 |null      |null    |Y      |N         |null      |[null]    |[null]    |
|----------|---------------|--------------------------------|-----------|-----------|--------------|-----------------|--------|----------|--------------|--------------------------|--------|--------|----------|--------------------|--------------------|------------|--------------------|----------|--------|-------|----------|----------|----------|----------|
 
20240308 07:12:47.469 [http-nio-18080-exec-62] INFO a.m.b.f.m.c.s.c.UpdateOpStatusController - () UpdateOpStatusController  
20240308 07:12:47.469 [http-nio-18080-exec-62] INFO a.m.b.f.m.c.s.c.UpdateOpStatusController - Open session id:43 
20240308 07:12:47.471 [http-nio-18080-exec-70] DEBUG j.sqltiming -  com.zaxxer.hikari.pool.ProxyPreparedStatement.execute(ProxyPreparedStatement.java:44)
1591. SELECT PASSWORD_CHANGE_DE, REGIST_DT FROM TN_USER WHERE USER_ID = 'fast01' 
 {executed in 1 msec} 
20240308 07:12:47.471 [http-nio-18080-exec-70] INFO j.resultsettable - 
|-------------------|----------------------|
|password_change_de |regist_dt             |
|-------------------|----------------------|
|null               |2024-03-04 01:02:49.0 |
|-------------------|----------------------|
 
20240308 07:12:47.503 [http-nio-18080-exec-67] INFO a.m.b.f.m.c.s.c.UpdateOpStatusController - Message From duplicate|fast01 
20240308 07:12:47.504 [http-nio-18080-exec-67] INFO a.m.b.f.m.c.s.c.UpdateOpStatusController - selfHttpSession id : 3C005980DFA516635A68273349DDCA11 
20240308 07:12:47.504 [http-nio-18080-exec-67] INFO a.m.b.f.m.c.s.c.UpdateOpStatusController - httpSession id : 3C005980DFA516635A68273349DDCA11 
20240308 07:12:47.546 [http-nio-18080-exec-65] INFO a.m.b.f.m.s.a.c.SuperCompanyController - jsonStr===={"page":1,"rdoVal":"useY","ipt_select":"companyKoNm","ipt_text":"","rowNum":20,"offset":0} 
20240308 07:12:47.548 [http-nio-18080-exec-65] DEBUG j.sqltiming -  com.zaxxer.hikari.pool.ProxyPreparedStatement.execute(ProxyPreparedStatement.java:44)
1591. /*getADMCompanyMainList - superadmin company  */ SELECT * FROM ( SELECT *, @ROWNUM := @ROWNUM 
+ 1 AS RNUM FROM ( SELECT AA.COMPANY_ID, AA.COMPANY_NAME, AA.COMPANY_NAME_EN, CONCAT(AA.MOBLPHON_NO1, 
"-", AA.MOBLPHON_NO2, "-", AA.MOBLPHON_NO3) AS MOBLPHON_NO, DATE_FORMAT(AA.REGIST_DT,'%Y.%m.%d') 
AS REGIST_DT, IF(AA.DELETE_AT='N', '', '') AS DELETE_AT FROM CM_COMPANY AA JOIN (SELECT 
@ROWNUM := 0) AS R WHERE 1=1 AND AA.DELETE_AT = 'N' ORDER BY AA.REGIST_DT DESC ) T ) T LIMIT 
20 OFFSET 0 
 {executed in 1 msec} 
20240308 07:12:47.549 [http-nio-18080-exec-65] INFO j.resultsettable - 
|-----------|-------------|----------------|------------|-----------|----------|-----|
|company_id |company_name |company_name_en |moblphon_no |regist_dt  |delete_at |rnum |
|-----------|-------------|----------------|------------|-----------|----------|-----|
|001        |maumai       |maumai          |null        |2024.03.04 |        |1.0  |
|-----------|-------------|----------------|------------|-----------|----------|-----|
 
20240308 07:12:47.550 [http-nio-18080-exec-65] DEBUG j.sqltiming -  com.zaxxer.hikari.pool.ProxyPreparedStatement.execute(ProxyPreparedStatement.java:44)
1591. /*getADMCompanyMainCount - superadmin next company count */ SELECT COUNT(*) AS totalCnt FROM 
CM_COMPANY AA WHERE 1=1 AND AA.DELETE_AT = 'N' ORDER BY AA.REGIST_DT DESC 
 {executed in 0 msec} 
20240308 07:12:47.551 [http-nio-18080-exec-65] INFO j.resultsettable - 
|---------|
|totalcnt |
|---------|
|1        |
|---------|
 
20240308 07:12:50.238 [http-nio-18080-exec-63] DEBUG j.sqltiming -  com.zaxxer.hikari.pool.ProxyPreparedStatement.execute(ProxyPreparedStatement.java:44)
1591. SELECT DISTINCT BOT_ID FROM BOT_MAPPING ORDER BY BOT_ID; 
 {executed in 0 msec} 
20240308 07:12:50.238 [http-nio-18080-exec-63] INFO j.resultsettable - 
|-------|
|bot_id |
|-------|
|1637   |
|1638   |
|-------|
 
20240308 07:12:50.250 [http-nio-18080-exec-71] INFO a.m.b.f.m.c.s.c.UpdateOpStatusController - Session 43 has ended 
20240308 07:12:50.288 [http-nio-18080-exec-68] INFO a.m.b.f.m.c.s.c.UpdateOpStatusController - () UpdateOpStatusController  
20240308 07:12:50.288 [http-nio-18080-exec-68] INFO a.m.b.f.m.c.s.c.UpdateOpStatusController - Open session id:44 
20240308 07:12:50.294 [http-nio-18080-exec-69] DEBUG j.sqltiming -  com.zaxxer.hikari.pool.ProxyPreparedStatement.execute(ProxyPreparedStatement.java:44)
1591. SELECT PASSWORD_CHANGE_DE, REGIST_DT FROM TN_USER WHERE USER_ID = 'fast01' 
 {executed in 0 msec} 
20240308 07:12:50.294 [http-nio-18080-exec-69] INFO j.resultsettable - 
|-------------------|----------------------|
|password_change_de |regist_dt             |
|-------------------|----------------------|
|null               |2024-03-04 01:02:49.0 |
|-------------------|----------------------|
 
20240308 07:12:50.339 [http-nio-18080-exec-70] INFO a.m.b.f.m.c.s.c.UpdateOpStatusController - Message From duplicate|fast01 
20240308 07:12:50.340 [http-nio-18080-exec-70] INFO a.m.b.f.m.c.s.c.UpdateOpStatusController - selfHttpSession id : 3C005980DFA516635A68273349DDCA11 
20240308 07:12:50.340 [http-nio-18080-exec-70] INFO a.m.b.f.m.c.s.c.UpdateOpStatusController - httpSession id : 3C005980DFA516635A68273349DDCA11 
20240308 07:12:57.618 [http-nio-18080-exec-64] DEBUG j.sqltiming -  com.zaxxer.hikari.pool.ProxyPreparedStatement.execute(ProxyPreparedStatement.java:44)
1591. SELECT COMPANY_ID /* getBoardCompanyId  COMPANY_ID  */ FROM TN_USER WHERE USER_ID = 'fast01' 
LIMIT 1 
 {executed in 0 msec} 
20240308 07:12:57.619 [http-nio-18080-exec-64] INFO j.resultsettable - 
|-----------|
|company_id |
|-----------|
|001        |
|-----------|
 
20240308 07:12:57.620 [http-nio-18080-exec-64] DEBUG j.sqltiming -  com.zaxxer.hikari.pool.ProxyPreparedStatement.execute(ProxyPreparedStatement.java:44)
1591. SELECT DISTINCT BOT_ID FROM BOT_MAPPING ORDER BY BOT_ID; 
 {executed in 0 msec} 
20240308 07:12:57.620 [http-nio-18080-exec-64] INFO j.resultsettable - 
|-------|
|bot_id |
|-------|
|1637   |
|1638   |
|-------|
 
20240308 07:12:57.633 [http-nio-18080-exec-65] INFO a.m.b.f.m.c.s.c.UpdateOpStatusController - Session 44 has ended 
20240308 07:12:57.657 [http-nio-18080-exec-63] INFO a.m.b.f.m.c.s.c.UpdateOpStatusController - () UpdateOpStatusController  
20240308 07:12:57.657 [http-nio-18080-exec-63] INFO a.m.b.f.m.c.s.c.UpdateOpStatusController - Open session id:45 
20240308 07:12:57.661 [http-nio-18080-exec-66] DEBUG j.sqltiming -  com.zaxxer.hikari.pool.ProxyPreparedStatement.execute(ProxyPreparedStatement.java:44)
1591. SELECT PASSWORD_CHANGE_DE, REGIST_DT FROM TN_USER WHERE USER_ID = 'fast01' 
 {executed in 0 msec} 
20240308 07:12:57.661 [http-nio-18080-exec-66] INFO j.resultsettable - 
|-------------------|----------------------|
|password_change_de |regist_dt             |
|-------------------|----------------------|
|null               |2024-03-04 01:02:49.0 |
|-------------------|----------------------|
 
20240308 07:12:57.673 [http-nio-18080-exec-68] INFO a.m.b.f.m.c.s.c.UpdateOpStatusController - Message From duplicate|fast01 
20240308 07:12:57.673 [http-nio-18080-exec-68] INFO a.m.b.f.m.c.s.c.UpdateOpStatusController - selfHttpSession id : 3C005980DFA516635A68273349DDCA11 
20240308 07:12:57.673 [http-nio-18080-exec-68] INFO a.m.b.f.m.c.s.c.UpdateOpStatusController - httpSession id : 3C005980DFA516635A68273349DDCA11 
20240308 07:14:24.765 [http-nio-18080-exec-69] INFO a.m.b.f.m.c.s.c.UpdateOpStatusController - Session 45 has ended 
20240308 07:20:00.002 [scheduling-1] DEBUG j.sqltiming -  com.zaxxer.hikari.pool.ProxyPreparedStatement.execute(ProxyPreparedStatement.java:44)
1591. /* *BATCH_LOG* */ select ID , 'Y' AS batch_yn from AUTO_CALL_CONDITION C where 1 = 1 and USE_YN 
= 'Y' and ACTIVE_STATUS = 1 and (START_DTM <= date_format('2024-03-08 07:20:00', '%Y-%m-%d') 
and END_DTM >= date_format('2024-03-08 07:20:00', '%Y-%m-%d')) and (WEEK_DAY LIKE CONCAT('%', 
dayofweek('2024-03-08 07:20:00'),'%')) and date_format(DISPATCH_TIME, '%H:%i') = CONCAT(date_format('2024-03-08 
07:20:00', '%H'), ':', date_format('2024-03-08 07:20:00', '%i') div 10, '0') 
 {executed in 1 msec} 
20240308 07:20:00.002 [scheduling-1] INFO j.resultsettable - 
|---|---------|
|id |batch_yn |
|---|---------|
|---|---------|
 
